INFO:     Will watch for changes in these directories: ['/Users/walox/qlib']
INFO:     Uvicorn running on http://0.0.0.0:8000 (Press CTRL+C to quit)
INFO:     Started reloader process [92601] using StatReload
INFO:     Started server process [92605]
INFO:     Waiting for application startup.
INFO:     Application startup complete.
WARNING:  StatReload detected changes in 'scripts/data_collector/cn_stock/stock_resolver.py'. Reloading...
INFO:     Shutting down
INFO:     Waiting for application shutdown.
INFO:     Application shutdown complete.
INFO:     Finished server process [92605]
INFO:     Started server process [92756]
INFO:     Waiting for application startup.
INFO:     Application startup complete.
WARNING:  StatReload detected changes in 'scripts/data_collector/cn_stock/api_server.py'. Reloading...
INFO:     Shutting down
INFO:     Waiting for application shutdown.
INFO:     Application shutdown complete.
INFO:     Finished server process [92756]
INFO:     Started server process [92802]
INFO:     Waiting for application startup.
INFO:     Application startup complete.
INFO:     127.0.0.1:53925 - "GET /api/resolve_symbol/SH603678 HTTP/1.1" 200 OK
2026-06-03 22:38:40.891 | INFO     | stock_resolver:resolve_single_stock:168 - Real-time fetching layer(s) for SZ300502: market...
2026-06-03 22:38:40.892 | INFO     | collector:_load_config:64 - Loaded configuration from /Users/walox/qlib/scripts/data_collector/cn_stock/secret.yaml
2026-06-03 22:38:40.893 | INFO     | collector:get_instrument_list:101 - Existing CSV files found in target directory. Restricting update to: ['SH600519', 'SH600000']
2026-06-03 22:38:40.893 | INFO     | collector:download_layer:143 - Downloading layer 'market' for 1 symbols. Output directory: /Users/walox/qlib/data/cn_stock/hierarchical/market
2026-06-03 22:38:42.622 | INFO     | collector:process_market:157 - Saved Baidu KLine for SZ300502
2026-06-03 22:38:43.527 | INFO     | collector:process_market:166 - Saved Tencent/Sina KLine for SZ300502
2026-06-03 22:38:44.593 | INFO     | collector:process_market:175 - Saved Tencent Quotes for SZ300502
INFO:     127.0.0.1:54259 - "GET /api/stock/SZ300502/fetch?layer=market HTTP/1.1" 200 OK
WARNING:  StatReload detected changes in 'scripts/data_collector/cn_stock/api_server.py'. Reloading...
INFO:     Shutting down
INFO:     Waiting for application shutdown.
INFO:     Application shutdown complete.
INFO:     Finished server process [92802]
INFO:     Started server process [93193]
INFO:     Waiting for application startup.
INFO:     Application startup complete.
