[27984:MainThread](2026-06-25 14:11:51,769) INFO - qlib.Initialization - [config.py:453] - default_conf: client.
[27984:MainThread](2026-06-25 14:11:51,770) INFO - qlib.Initialization - [__init__.py:82] - qlib successfully initialized based on client settings.
[27984:MainThread](2026-06-25 14:11:51,770) INFO - qlib.Initialization - [__init__.py:84] - data_path={'__DEFAULT_FREQ': PosixPath('/Users/walox/qlib/data/cn_stock/standard/qlib_data')}
Qlib initialized. Starting V3 Open-to-Close Model Training...
Initializing Dataset with custom Open2Close Label...
[27984:MainThread](2026-06-25 14:12:12,934) INFO - qlib.timer - [log.py:127] - Time cost: 21.162s | Loading data Done
[27984:MainThread](2026-06-25 14:12:13,205) INFO - qlib.timer - [log.py:127] - Time cost: 0.119s | DropnaLabel Done
[27984:MainThread](2026-06-25 14:12:13,464) INFO - qlib.timer - [log.py:127] - Time cost: 0.259s | CSZScoreNorm Done
[27984:MainThread](2026-06-25 14:12:13,473) INFO - qlib.timer - [log.py:127] - Time cost: 0.538s | fit & process data Done
[27984:MainThread](2026-06-25 14:12:13,473) INFO - qlib.timer - [log.py:127] - Time cost: 21.702s | Init data Done
[27984:MainThread](2026-06-25 14:12:13,950) INFO - qlib.workflow - [exp.py:258] - Experiment 959975723671969139 starts running ...
[27984:MainThread](2026-06-25 14:12:14,338) INFO - qlib.workflow - [recorder.py:345] - Recorder 06b1ce980fd8490e8af82aa6a05bd697 starts running under Experiment 959975723671969139 ...
[27984:MainThread](2026-06-25 14:12:20,386) INFO - qlib.timer - [log.py:127] - Time cost: 0.000s | waiting `async_log` Done
Initializing Model...
ModuleNotFoundError. CatBoostModel are skipped. (optional: maybe installing CatBoostModel can fix it.)
ModuleNotFoundError. XGBModel is skipped(optional: maybe installing xgboost can fix it).
ModuleNotFoundError.  PyTorch models are skipped (optional: maybe installing pytorch can fix it).
Starting Training (this may take a few minutes)...
Training until validation scores don't improve for 50 rounds
[20]	train's l2: 0.99133	valid's l2: 0.999541
[40]	train's l2: 0.985683	valid's l2: 1.00006
Early stopping, best iteration is:
[1]	train's l2: 0.998668	valid's l2: 0.999094
Training finished.
Generating Predictions for Test Data...
Predictions saved successfully to: /Users/walox/qlib/data/cn_stock/predictions/v3_open2close.pkl
V3 Open2Close Pipeline Completed Successfully!
