2026-06-25 21:19:11.528 | INFO     | modules.backtest.optimizer:optimize_top_k:12 - Starting Top K Grid Search for model: v1_default with Ks: [3, 5, 8, 10, 15]
2026-06-25 21:19:11.528 | INFO     | modules.backtest.optimizer:optimize_top_k:17 - ===> Testing K = 3
2026-06-25 21:19:11.529 | INFO     | modules.backtest.service:run_signal_backtest_service:39 - Running AI signal backtest... (ML Filter: True, Model: v1_default, Top K: 3, Exit: open)
2026-06-25 21:19:11.529 | INFO     | modules.backtest.signal_backtest:run_signal_backtest:194 - Parsing AI Morning Reports...
2026-06-25 21:19:11.575 | INFO     | modules.backtest.signal_backtest:_parse_reports:143 - Overrode pool for 2026-06-24 with curated 30 stocks
2026-06-25 21:19:11.576 | INFO     | modules.backtest.signal_backtest:run_signal_backtest:200 - Report dates: 2025-10-28 → 2026-06-25 (146 days)
2026-06-25 21:19:11.576 | INFO     | modules.backtest.signal_backtest:run_signal_backtest:206 - Total unique symbols: 1890
2026-06-25 21:19:11.576 | INFO     | modules.backtest.signal_backtest:run_signal_backtest:209 - Loading OHLCV data...
2026-06-25 21:19:13.680 | INFO     | modules.backtest.signal_backtest:run_signal_backtest:211 - Loaded prices for 1873 / 1890 symbols
2026-06-25 21:19:13.680 | INFO     | modules.backtest.signal_backtest:run_signal_backtest:219 - Loading ML predictions for filtering...
2026-06-25 21:19:13.689 | WARNING  | modules.backtest.signal_backtest:run_signal_backtest:318 - valid_dates is empty for 2025-10-28
2026-06-25 21:19:14.193 | INFO     | modules.backtest.signal_backtest:run_signal_backtest:294 - Checking override for final day: 2026-06-25, day_idx=145, len=146
2026-06-25 21:19:14.207 | INFO     | modules.backtest.signal_backtest:_parse_reports:143 - Overrode pool for 2026-06-24 with curated 30 stocks
2026-06-25 21:19:15.647 | INFO     | modules.backtest.signal_backtest:run_signal_backtest:298 - live_res: {'status': 'success', 'date': '2026-06-25', 'prediction_date': '2026-06-23', 'data': [{'symbol': 'SH603938', 'name': '三孚股份', 'theme': 'AI光互连与材料革新', 'score': 0.5271, 'original_score': 0.018, 'em_rank': 162, 'ths_rank': '无', 'popularity': '人气股'}, {'symbol': 'SH601869', 'name': '长飞光纤', 'theme': 'AI光互连与材料革新', 'score': 0.5204, 'original_score': 0.0136, 'em_rank': 87, 'ths_rank': '无', 'popularity': '人气股'}, {'symbol': 'SZ300136', 'name': '信维通信', 'theme': '商业航天', 'score': 0.5041, 'original_score': 0.002
2026-06-25 21:19:15.648 | INFO     | modules.backtest.signal_backtest:run_signal_backtest:303 - Final day override: using 3 live picks for 2026-06-25: ['SH603938', 'SH601869', 'SZ300136']
2026-06-25 21:19:15.659 | INFO     | modules.backtest.signal_backtest:run_signal_backtest:806 - Backtest complete: 146 days, total return=-6.26%, sharpe=0.184
2026-06-25 21:19:15.701 | INFO     | modules.backtest.service:run_signal_backtest_service:51 - Signal backtest completed and cached.
2026-06-25 21:19:15.701 | INFO     | modules.backtest.optimizer:optimize_top_k:37 - Result for K=3: Return=-10.24%, Sharpe=0.184
2026-06-25 21:19:15.701 | INFO     | modules.backtest.optimizer:optimize_top_k:17 - ===> Testing K = 5
2026-06-25 21:19:15.701 | INFO     | modules.backtest.service:run_signal_backtest_service:39 - Running AI signal backtest... (ML Filter: True, Model: v1_default, Top K: 5, Exit: open)
2026-06-25 21:19:15.701 | INFO     | modules.backtest.signal_backtest:run_signal_backtest:194 - Parsing AI Morning Reports...
2026-06-25 21:19:15.717 | INFO     | modules.backtest.signal_backtest:_parse_reports:143 - Overrode pool for 2026-06-24 with curated 30 stocks
2026-06-25 21:19:15.718 | INFO     | modules.backtest.signal_backtest:run_signal_backtest:200 - Report dates: 2025-10-28 → 2026-06-25 (146 days)
2026-06-25 21:19:15.718 | INFO     | modules.backtest.signal_backtest:run_signal_backtest:206 - Total unique symbols: 1890
2026-06-25 21:19:15.718 | INFO     | modules.backtest.signal_backtest:run_signal_backtest:209 - Loading OHLCV data...
2026-06-25 21:19:17.602 | INFO     | modules.backtest.signal_backtest:run_signal_backtest:211 - Loaded prices for 1873 / 1890 symbols
2026-06-25 21:19:17.602 | INFO     | modules.backtest.signal_backtest:run_signal_backtest:219 - Loading ML predictions for filtering...
2026-06-25 21:19:17.606 | WARNING  | modules.backtest.signal_backtest:run_signal_backtest:318 - valid_dates is empty for 2025-10-28
2026-06-25 21:19:18.165 | INFO     | modules.backtest.signal_backtest:run_signal_backtest:294 - Checking override for final day: 2026-06-25, day_idx=145, len=146
2026-06-25 21:19:18.213 | INFO     | modules.backtest.signal_backtest:_parse_reports:143 - Overrode pool for 2026-06-24 with curated 30 stocks
2026-06-25 21:19:19.645 | INFO     | modules.backtest.signal_backtest:run_signal_backtest:298 - live_res: {'status': 'success', 'date': '2026-06-25', 'prediction_date': '2026-06-23', 'data': [{'symbol': 'SH603938', 'name': '三孚股份', 'theme': 'AI光互连与材料革新', 'score': 0.5271, 'original_score': 0.018, 'em_rank': 162, 'ths_rank': '无', 'popularity': '人气股'}, {'symbol': 'SH601869', 'name': '长飞光纤', 'theme': 'AI光互连与材料革新', 'score': 0.5204, 'original_score': 0.0136, 'em_rank': 87, 'ths_rank': '无', 'popularity': '人气股'}, {'symbol': 'SZ300136', 'name': '信维通信', 'theme': '商业航天', 'score': 0.5041, 'original_score': 0.002
2026-06-25 21:19:19.645 | INFO     | modules.backtest.signal_backtest:run_signal_backtest:303 - Final day override: using 5 live picks for 2026-06-25: ['SH603938', 'SH601869', 'SZ300136', 'SZ002254', 'SH605366']
2026-06-25 21:19:19.652 | INFO     | modules.backtest.signal_backtest:run_signal_backtest:806 - Backtest complete: 146 days, total return=32.44%, sharpe=1.158
2026-06-25 21:19:19.689 | INFO     | modules.backtest.service:run_signal_backtest_service:51 - Signal backtest completed and cached.
2026-06-25 21:19:19.690 | INFO     | modules.backtest.optimizer:optimize_top_k:37 - Result for K=5: Return=59.93%, Sharpe=1.158
2026-06-25 21:19:19.690 | INFO     | modules.backtest.optimizer:optimize_top_k:17 - ===> Testing K = 8
2026-06-25 21:19:19.690 | INFO     | modules.backtest.service:run_signal_backtest_service:39 - Running AI signal backtest... (ML Filter: True, Model: v1_default, Top K: 8, Exit: open)
2026-06-25 21:19:19.690 | INFO     | modules.backtest.signal_backtest:run_signal_backtest:194 - Parsing AI Morning Reports...
2026-06-25 21:19:19.706 | INFO     | modules.backtest.signal_backtest:_parse_reports:143 - Overrode pool for 2026-06-24 with curated 30 stocks
2026-06-25 21:19:19.707 | INFO     | modules.backtest.signal_backtest:run_signal_backtest:200 - Report dates: 2025-10-28 → 2026-06-25 (146 days)
2026-06-25 21:19:19.707 | INFO     | modules.backtest.signal_backtest:run_signal_backtest:206 - Total unique symbols: 1890
2026-06-25 21:19:19.707 | INFO     | modules.backtest.signal_backtest:run_signal_backtest:209 - Loading OHLCV data...
2026-06-25 21:19:21.867 | INFO     | modules.backtest.signal_backtest:run_signal_backtest:211 - Loaded prices for 1873 / 1890 symbols
2026-06-25 21:19:21.867 | INFO     | modules.backtest.signal_backtest:run_signal_backtest:219 - Loading ML predictions for filtering...
2026-06-25 21:19:21.872 | WARNING  | modules.backtest.signal_backtest:run_signal_backtest:318 - valid_dates is empty for 2025-10-28
2026-06-25 21:19:22.630 | INFO     | modules.backtest.signal_backtest:run_signal_backtest:294 - Checking override for final day: 2026-06-25, day_idx=145, len=146
2026-06-25 21:19:22.646 | INFO     | modules.backtest.signal_backtest:_parse_reports:143 - Overrode pool for 2026-06-24 with curated 30 stocks
2026-06-25 21:19:24.097 | INFO     | modules.backtest.signal_backtest:run_signal_backtest:298 - live_res: {'status': 'success', 'date': '2026-06-25', 'prediction_date': '2026-06-23', 'data': [{'symbol': 'SH603938', 'name': '三孚股份', 'theme': 'AI光互连与材料革新', 'score': 0.5271, 'original_score': 0.018, 'em_rank': 162, 'ths_rank': '无', 'popularity': '人气股'}, {'symbol': 'SH601869', 'name': '长飞光纤', 'theme': 'AI光互连与材料革新', 'score': 0.5204, 'original_score': 0.0136, 'em_rank': 87, 'ths_rank': '无', 'popularity': '人气股'}, {'symbol': 'SZ300136', 'name': '信维通信', 'theme': '商业航天', 'score': 0.5041, 'original_score': 0.002
2026-06-25 21:19:24.098 | INFO     | modules.backtest.signal_backtest:run_signal_backtest:303 - Final day override: using 8 live picks for 2026-06-25: ['SH603938', 'SH601869', 'SZ300136', 'SZ002254', 'SH605366', 'SH603678', 'SH600584', 'SZ000725']
2026-06-25 21:19:24.115 | INFO     | modules.backtest.signal_backtest:run_signal_backtest:806 - Backtest complete: 146 days, total return=72.09%, sharpe=2.267
2026-06-25 21:19:24.170 | INFO     | modules.backtest.service:run_signal_backtest_service:51 - Signal backtest completed and cached.
2026-06-25 21:19:24.170 | INFO     | modules.backtest.optimizer:optimize_top_k:37 - Result for K=8: Return=147.74%, Sharpe=2.267
2026-06-25 21:19:24.170 | INFO     | modules.backtest.optimizer:optimize_top_k:17 - ===> Testing K = 10
2026-06-25 21:19:24.170 | INFO     | modules.backtest.service:run_signal_backtest_service:39 - Running AI signal backtest... (ML Filter: True, Model: v1_default, Top K: 10, Exit: open)
2026-06-25 21:19:24.171 | INFO     | modules.backtest.signal_backtest:run_signal_backtest:194 - Parsing AI Morning Reports...
2026-06-25 21:19:24.185 | INFO     | modules.backtest.signal_backtest:_parse_reports:143 - Overrode pool for 2026-06-24 with curated 30 stocks
2026-06-25 21:19:24.185 | INFO     | modules.backtest.signal_backtest:run_signal_backtest:200 - Report dates: 2025-10-28 → 2026-06-25 (146 days)
2026-06-25 21:19:24.186 | INFO     | modules.backtest.signal_backtest:run_signal_backtest:206 - Total unique symbols: 1890
2026-06-25 21:19:24.186 | INFO     | modules.backtest.signal_backtest:run_signal_backtest:209 - Loading OHLCV data...
2026-06-25 21:19:26.037 | INFO     | modules.backtest.signal_backtest:run_signal_backtest:211 - Loaded prices for 1873 / 1890 symbols
2026-06-25 21:19:26.037 | INFO     | modules.backtest.signal_backtest:run_signal_backtest:219 - Loading ML predictions for filtering...
2026-06-25 21:19:26.041 | WARNING  | modules.backtest.signal_backtest:run_signal_backtest:318 - valid_dates is empty for 2025-10-28
2026-06-25 21:19:26.811 | INFO     | modules.backtest.signal_backtest:run_signal_backtest:294 - Checking override for final day: 2026-06-25, day_idx=145, len=146
2026-06-25 21:19:26.825 | INFO     | modules.backtest.signal_backtest:_parse_reports:143 - Overrode pool for 2026-06-24 with curated 30 stocks
2026-06-25 21:19:28.300 | INFO     | modules.backtest.signal_backtest:run_signal_backtest:298 - live_res: {'status': 'success', 'date': '2026-06-25', 'prediction_date': '2026-06-23', 'data': [{'symbol': 'SH603938', 'name': '三孚股份', 'theme': 'AI光互连与材料革新', 'score': 0.5271, 'original_score': 0.018, 'em_rank': 162, 'ths_rank': '无', 'popularity': '人气股'}, {'symbol': 'SH601869', 'name': '长飞光纤', 'theme': 'AI光互连与材料革新', 'score': 0.5204, 'original_score': 0.0136, 'em_rank': 87, 'ths_rank': '无', 'popularity': '人气股'}, {'symbol': 'SZ300136', 'name': '信维通信', 'theme': '商业航天', 'score': 0.5041, 'original_score': 0.002
2026-06-25 21:19:28.300 | INFO     | modules.backtest.signal_backtest:run_signal_backtest:303 - Final day override: using 10 live picks for 2026-06-25: ['SH603938', 'SH601869', 'SZ300136', 'SZ002254', 'SH605366', 'SH603678', 'SH600584', 'SZ000725', 'SZ000636', 'SZ002342']
2026-06-25 21:19:28.313 | INFO     | modules.backtest.signal_backtest:run_signal_backtest:806 - Backtest complete: 146 days, total return=51.39%, sharpe=1.869
2026-06-25 21:19:28.366 | INFO     | modules.backtest.service:run_signal_backtest_service:51 - Signal backtest completed and cached.
2026-06-25 21:19:28.367 | INFO     | modules.backtest.optimizer:optimize_top_k:37 - Result for K=10: Return=99.97%, Sharpe=1.869
2026-06-25 21:19:28.367 | INFO     | modules.backtest.optimizer:optimize_top_k:17 - ===> Testing K = 15
2026-06-25 21:19:28.367 | INFO     | modules.backtest.service:run_signal_backtest_service:39 - Running AI signal backtest... (ML Filter: True, Model: v1_default, Top K: 15, Exit: open)
2026-06-25 21:19:28.367 | INFO     | modules.backtest.signal_backtest:run_signal_backtest:194 - Parsing AI Morning Reports...
2026-06-25 21:19:28.382 | INFO     | modules.backtest.signal_backtest:_parse_reports:143 - Overrode pool for 2026-06-24 with curated 30 stocks
2026-06-25 21:19:28.383 | INFO     | modules.backtest.signal_backtest:run_signal_backtest:200 - Report dates: 2025-10-28 → 2026-06-25 (146 days)
2026-06-25 21:19:28.383 | INFO     | modules.backtest.signal_backtest:run_signal_backtest:206 - Total unique symbols: 1890
2026-06-25 21:19:28.383 | INFO     | modules.backtest.signal_backtest:run_signal_backtest:209 - Loading OHLCV data...
2026-06-25 21:19:30.260 | INFO     | modules.backtest.signal_backtest:run_signal_backtest:211 - Loaded prices for 1873 / 1890 symbols
2026-06-25 21:19:30.260 | INFO     | modules.backtest.signal_backtest:run_signal_backtest:219 - Loading ML predictions for filtering...
2026-06-25 21:19:30.264 | WARNING  | modules.backtest.signal_backtest:run_signal_backtest:318 - valid_dates is empty for 2025-10-28
2026-06-25 21:19:31.214 | INFO     | modules.backtest.signal_backtest:run_signal_backtest:294 - Checking override for final day: 2026-06-25, day_idx=145, len=146
2026-06-25 21:19:31.228 | INFO     | modules.backtest.signal_backtest:_parse_reports:143 - Overrode pool for 2026-06-24 with curated 30 stocks
2026-06-25 21:19:32.730 | INFO     | modules.backtest.signal_backtest:run_signal_backtest:298 - live_res: {'status': 'success', 'date': '2026-06-25', 'prediction_date': '2026-06-23', 'data': [{'symbol': 'SH603938', 'name': '三孚股份', 'theme': 'AI光互连与材料革新', 'score': 0.5271, 'original_score': 0.018, 'em_rank': 162, 'ths_rank': '无', 'popularity': '人气股'}, {'symbol': 'SH601869', 'name': '长飞光纤', 'theme': 'AI光互连与材料革新', 'score': 0.5204, 'original_score': 0.0136, 'em_rank': 87, 'ths_rank': '无', 'popularity': '人气股'}, {'symbol': 'SZ300136', 'name': '信维通信', 'theme': '商业航天', 'score': 0.5041, 'original_score': 0.002
2026-06-25 21:19:32.730 | INFO     | modules.backtest.signal_backtest:run_signal_backtest:303 - Final day override: using 15 live picks for 2026-06-25: ['SH603938', 'SH601869', 'SZ300136', 'SZ002254', 'SH605366', 'SH603678', 'SH600584', 'SZ000725', 'SZ000636', 'SZ002342', 'SZ002149', 'SZ300065', 'SZ301005', 'SZ300007', 'SZ300900']
2026-06-25 21:19:32.744 | INFO     | modules.backtest.signal_backtest:run_signal_backtest:806 - Backtest complete: 146 days, total return=32.03%, sharpe=1.406
2026-06-25 21:19:32.811 | INFO     | modules.backtest.service:run_signal_backtest_service:51 - Signal backtest completed and cached.
2026-06-25 21:19:32.812 | INFO     | modules.backtest.optimizer:optimize_top_k:37 - Result for K=15: Return=59.09%, Sharpe=1.406
2026-06-25 21:19:32.813 | INFO     | modules.backtest.optimizer:optimize_top_k:47 - Grid search complete. Results saved to /Users/walox/qlib/data/cn_stock/backtest_ohlcv/v1_default_optimize_k_results.csv
2026-06-25 21:19:32.814 | INFO     | modules.backtest.optimizer:optimize_top_k:12 - Starting Top K Grid Search for model: v2_open2open with Ks: [3, 5, 8, 10, 15]
2026-06-25 21:19:32.814 | INFO     | modules.backtest.optimizer:optimize_top_k:17 - ===> Testing K = 3
2026-06-25 21:19:32.814 | INFO     | modules.backtest.service:run_signal_backtest_service:39 - Running AI signal backtest... (ML Filter: True, Model: v2_open2open, Top K: 3, Exit: open)
2026-06-25 21:19:32.814 | INFO     | modules.backtest.signal_backtest:run_signal_backtest:194 - Parsing AI Morning Reports...
2026-06-25 21:19:32.829 | INFO     | modules.backtest.signal_backtest:_parse_reports:143 - Overrode pool for 2026-06-24 with curated 30 stocks
2026-06-25 21:19:32.829 | INFO     | modules.backtest.signal_backtest:run_signal_backtest:200 - Report dates: 2025-10-28 → 2026-06-25 (146 days)
2026-06-25 21:19:32.830 | INFO     | modules.backtest.signal_backtest:run_signal_backtest:206 - Total unique symbols: 1890
2026-06-25 21:19:32.830 | INFO     | modules.backtest.signal_backtest:run_signal_backtest:209 - Loading OHLCV data...
2026-06-25 21:19:34.793 | INFO     | modules.backtest.signal_backtest:run_signal_backtest:211 - Loaded prices for 1873 / 1890 symbols
2026-06-25 21:19:34.793 | INFO     | modules.backtest.signal_backtest:run_signal_backtest:219 - Loading ML predictions for filtering...
2026-06-25 21:19:34.797 | WARNING  | modules.backtest.signal_backtest:run_signal_backtest:318 - valid_dates is empty for 2025-10-28
2026-06-25 21:19:34.798 | WARNING  | modules.backtest.signal_backtest:run_signal_backtest:318 - valid_dates is empty for 2025-11-14
2026-06-25 21:19:34.799 | WARNING  | modules.backtest.signal_backtest:run_signal_backtest:318 - valid_dates is empty for 2025-11-17
2026-06-25 21:19:34.800 | WARNING  | modules.backtest.signal_backtest:run_signal_backtest:318 - valid_dates is empty for 2025-11-18
2026-06-25 21:19:34.801 | WARNING  | modules.backtest.signal_backtest:run_signal_backtest:318 - valid_dates is empty for 2025-11-19
2026-06-25 21:19:34.802 | WARNING  | modules.backtest.signal_backtest:run_signal_backtest:318 - valid_dates is empty for 2025-11-20
2026-06-25 21:19:34.803 | WARNING  | modules.backtest.signal_backtest:run_signal_backtest:318 - valid_dates is empty for 2025-11-24
2026-06-25 21:19:34.804 | WARNING  | modules.backtest.signal_backtest:run_signal_backtest:318 - valid_dates is empty for 2025-11-25
2026-06-25 21:19:34.805 | WARNING  | modules.backtest.signal_backtest:run_signal_backtest:318 - valid_dates is empty for 2025-11-26
2026-06-25 21:19:34.806 | WARNING  | modules.backtest.signal_backtest:run_signal_backtest:318 - valid_dates is empty for 2025-11-27
2026-06-25 21:19:34.807 | WARNING  | modules.backtest.signal_backtest:run_signal_backtest:318 - valid_dates is empty for 2025-11-28
2026-06-25 21:19:34.808 | WARNING  | modules.backtest.signal_backtest:run_signal_backtest:318 - valid_dates is empty for 2025-12-01
2026-06-25 21:19:34.809 | WARNING  | modules.backtest.signal_backtest:run_signal_backtest:318 - valid_dates is empty for 2025-12-02
2026-06-25 21:19:34.810 | WARNING  | modules.backtest.signal_backtest:run_signal_backtest:318 - valid_dates is empty for 2025-12-03
2026-06-25 21:19:34.811 | WARNING  | modules.backtest.signal_backtest:run_signal_backtest:318 - valid_dates is empty for 2025-12-04
2026-06-25 21:19:34.811 | WARNING  | modules.backtest.signal_backtest:run_signal_backtest:318 - valid_dates is empty for 2025-12-05
2026-06-25 21:19:34.812 | WARNING  | modules.backtest.signal_backtest:run_signal_backtest:318 - valid_dates is empty for 2025-12-08
2026-06-25 21:19:34.813 | WARNING  | modules.backtest.signal_backtest:run_signal_backtest:318 - valid_dates is empty for 2025-12-09
2026-06-25 21:19:34.814 | WARNING  | modules.backtest.signal_backtest:run_signal_backtest:318 - valid_dates is empty for 2025-12-10
2026-06-25 21:19:34.815 | WARNING  | modules.backtest.signal_backtest:run_signal_backtest:318 - valid_dates is empty for 2025-12-11
2026-06-25 21:19:34.816 | WARNING  | modules.backtest.signal_backtest:run_signal_backtest:318 - valid_dates is empty for 2025-12-12
2026-06-25 21:19:34.817 | WARNING  | modules.backtest.signal_backtest:run_signal_backtest:318 - valid_dates is empty for 2025-12-15
2026-06-25 21:19:34.818 | WARNING  | modules.backtest.signal_backtest:run_signal_backtest:318 - valid_dates is empty for 2025-12-16
2026-06-25 21:19:34.819 | WARNING  | modules.backtest.signal_backtest:run_signal_backtest:318 - valid_dates is empty for 2025-12-17
2026-06-25 21:19:34.820 | WARNING  | modules.backtest.signal_backtest:run_signal_backtest:318 - valid_dates is empty for 2025-12-18
2026-06-25 21:19:34.821 | WARNING  | modules.backtest.signal_backtest:run_signal_backtest:318 - valid_dates is empty for 2025-12-19
2026-06-25 21:19:34.822 | WARNING  | modules.backtest.signal_backtest:run_signal_backtest:318 - valid_dates is empty for 2025-12-22
2026-06-25 21:19:34.823 | WARNING  | modules.backtest.signal_backtest:run_signal_backtest:318 - valid_dates is empty for 2025-12-23
2026-06-25 21:19:34.824 | WARNING  | modules.backtest.signal_backtest:run_signal_backtest:318 - valid_dates is empty for 2025-12-24
2026-06-25 21:19:34.825 | WARNING  | modules.backtest.signal_backtest:run_signal_backtest:318 - valid_dates is empty for 2025-12-25
2026-06-25 21:19:34.826 | WARNING  | modules.backtest.signal_backtest:run_signal_backtest:318 - valid_dates is empty for 2025-12-26
2026-06-25 21:19:34.827 | WARNING  | modules.backtest.signal_backtest:run_signal_backtest:318 - valid_dates is empty for 2025-12-29
2026-06-25 21:19:34.828 | WARNING  | modules.backtest.signal_backtest:run_signal_backtest:318 - valid_dates is empty for 2025-12-30
2026-06-25 21:19:34.828 | WARNING  | modules.backtest.signal_backtest:run_signal_backtest:318 - valid_dates is empty for 2025-12-31
2026-06-25 21:19:34.829 | WARNING  | modules.backtest.signal_backtest:run_signal_backtest:318 - valid_dates is empty for 2026-01-05
2026-06-25 21:19:34.896 | WARNING  | modules.backtest.signal_backtest:run_signal_backtest:315 - valid_preds is empty for 2026-02-24
2026-06-25 21:19:35.112 | INFO     | modules.backtest.signal_backtest:run_signal_backtest:294 - Checking override for final day: 2026-06-25, day_idx=145, len=146
2026-06-25 21:19:35.148 | INFO     | modules.backtest.signal_backtest:_parse_reports:143 - Overrode pool for 2026-06-24 with curated 30 stocks
2026-06-25 21:19:36.567 | INFO     | modules.backtest.signal_backtest:run_signal_backtest:298 - live_res: {'status': 'success', 'date': '2026-06-25', 'prediction_date': '2026-06-23', 'data': [{'symbol': 'SH601869', 'name': '长飞光纤', 'theme': 'AI光互连与材料革新', 'score': 0.5556, 'original_score': 0.0371, 'em_rank': 87, 'ths_rank': '无', 'popularity': '人气股'}, {'symbol': 'SZ300308', 'name': '中际旭创', 'theme': '铋与战略金属管制深化', 'score': 0.5196, 'original_score': 0.0196, 'em_rank': 49, 'ths_rank': '无', 'popularity': '人气股'}, {'symbol': 'SH603938', 'name': '三孚股份', 'theme': 'AI光互连与材料革新', 'score': 0.5114, 'original_score':
2026-06-25 21:19:36.567 | INFO     | modules.backtest.signal_backtest:run_signal_backtest:303 - Final day override: using 3 live picks for 2026-06-25: ['SH601869', 'SZ300308', 'SH603938']
2026-06-25 21:19:36.576 | INFO     | modules.backtest.signal_backtest:run_signal_backtest:806 - Backtest complete: 146 days, total return=40.40%, sharpe=1.266
2026-06-25 21:19:36.614 | INFO     | modules.backtest.service:run_signal_backtest_service:51 - Signal backtest completed and cached.
2026-06-25 21:19:36.614 | INFO     | modules.backtest.optimizer:optimize_top_k:37 - Result for K=3: Return=76.32%, Sharpe=1.266
2026-06-25 21:19:36.614 | INFO     | modules.backtest.optimizer:optimize_top_k:17 - ===> Testing K = 5
2026-06-25 21:19:36.614 | INFO     | modules.backtest.service:run_signal_backtest_service:39 - Running AI signal backtest... (ML Filter: True, Model: v2_open2open, Top K: 5, Exit: open)
2026-06-25 21:19:36.614 | INFO     | modules.backtest.signal_backtest:run_signal_backtest:194 - Parsing AI Morning Reports...
2026-06-25 21:19:36.631 | INFO     | modules.backtest.signal_backtest:_parse_reports:143 - Overrode pool for 2026-06-24 with curated 30 stocks
2026-06-25 21:19:36.631 | INFO     | modules.backtest.signal_backtest:run_signal_backtest:200 - Report dates: 2025-10-28 → 2026-06-25 (146 days)
2026-06-25 21:19:36.632 | INFO     | modules.backtest.signal_backtest:run_signal_backtest:206 - Total unique symbols: 1890
2026-06-25 21:19:36.632 | INFO     | modules.backtest.signal_backtest:run_signal_backtest:209 - Loading OHLCV data...
2026-06-25 21:19:38.524 | INFO     | modules.backtest.signal_backtest:run_signal_backtest:211 - Loaded prices for 1873 / 1890 symbols
2026-06-25 21:19:38.524 | INFO     | modules.backtest.signal_backtest:run_signal_backtest:219 - Loading ML predictions for filtering...
2026-06-25 21:19:38.527 | WARNING  | modules.backtest.signal_backtest:run_signal_backtest:318 - valid_dates is empty for 2025-10-28
2026-06-25 21:19:38.528 | WARNING  | modules.backtest.signal_backtest:run_signal_backtest:318 - valid_dates is empty for 2025-11-14
2026-06-25 21:19:38.529 | WARNING  | modules.backtest.signal_backtest:run_signal_backtest:318 - valid_dates is empty for 2025-11-17
2026-06-25 21:19:38.531 | WARNING  | modules.backtest.signal_backtest:run_signal_backtest:318 - valid_dates is empty for 2025-11-18
2026-06-25 21:19:38.532 | WARNING  | modules.backtest.signal_backtest:run_signal_backtest:318 - valid_dates is empty for 2025-11-19
2026-06-25 21:19:38.533 | WARNING  | modules.backtest.signal_backtest:run_signal_backtest:318 - valid_dates is empty for 2025-11-20
2026-06-25 21:19:38.534 | WARNING  | modules.backtest.signal_backtest:run_signal_backtest:318 - valid_dates is empty for 2025-11-24
2026-06-25 21:19:38.535 | WARNING  | modules.backtest.signal_backtest:run_signal_backtest:318 - valid_dates is empty for 2025-11-25
2026-06-25 21:19:38.536 | WARNING  | modules.backtest.signal_backtest:run_signal_backtest:318 - valid_dates is empty for 2025-11-26
2026-06-25 21:19:38.537 | WARNING  | modules.backtest.signal_backtest:run_signal_backtest:318 - valid_dates is empty for 2025-11-27
2026-06-25 21:19:38.538 | WARNING  | modules.backtest.signal_backtest:run_signal_backtest:318 - valid_dates is empty for 2025-11-28
2026-06-25 21:19:38.539 | WARNING  | modules.backtest.signal_backtest:run_signal_backtest:318 - valid_dates is empty for 2025-12-01
2026-06-25 21:19:38.540 | WARNING  | modules.backtest.signal_backtest:run_signal_backtest:318 - valid_dates is empty for 2025-12-02
2026-06-25 21:19:38.541 | WARNING  | modules.backtest.signal_backtest:run_signal_backtest:318 - valid_dates is empty for 2025-12-03
2026-06-25 21:19:38.542 | WARNING  | modules.backtest.signal_backtest:run_signal_backtest:318 - valid_dates is empty for 2025-12-04
2026-06-25 21:19:38.543 | WARNING  | modules.backtest.signal_backtest:run_signal_backtest:318 - valid_dates is empty for 2025-12-05
2026-06-25 21:19:38.544 | WARNING  | modules.backtest.signal_backtest:run_signal_backtest:318 - valid_dates is empty for 2025-12-08
2026-06-25 21:19:38.546 | WARNING  | modules.backtest.signal_backtest:run_signal_backtest:318 - valid_dates is empty for 2025-12-09
2026-06-25 21:19:38.547 | WARNING  | modules.backtest.signal_backtest:run_signal_backtest:318 - valid_dates is empty for 2025-12-10
2026-06-25 21:19:38.548 | WARNING  | modules.backtest.signal_backtest:run_signal_backtest:318 - valid_dates is empty for 2025-12-11
2026-06-25 21:19:38.549 | WARNING  | modules.backtest.signal_backtest:run_signal_backtest:318 - valid_dates is empty for 2025-12-12
2026-06-25 21:19:38.550 | WARNING  | modules.backtest.signal_backtest:run_signal_backtest:318 - valid_dates is empty for 2025-12-15
2026-06-25 21:19:38.551 | WARNING  | modules.backtest.signal_backtest:run_signal_backtest:318 - valid_dates is empty for 2025-12-16
2026-06-25 21:19:38.552 | WARNING  | modules.backtest.signal_backtest:run_signal_backtest:318 - valid_dates is empty for 2025-12-17
2026-06-25 21:19:38.553 | WARNING  | modules.backtest.signal_backtest:run_signal_backtest:318 - valid_dates is empty for 2025-12-18
2026-06-25 21:19:38.554 | WARNING  | modules.backtest.signal_backtest:run_signal_backtest:318 - valid_dates is empty for 2025-12-19
2026-06-25 21:19:38.555 | WARNING  | modules.backtest.signal_backtest:run_signal_backtest:318 - valid_dates is empty for 2025-12-22
2026-06-25 21:19:38.556 | WARNING  | modules.backtest.signal_backtest:run_signal_backtest:318 - valid_dates is empty for 2025-12-23
2026-06-25 21:19:38.557 | WARNING  | modules.backtest.signal_backtest:run_signal_backtest:318 - valid_dates is empty for 2025-12-24
2026-06-25 21:19:38.558 | WARNING  | modules.backtest.signal_backtest:run_signal_backtest:318 - valid_dates is empty for 2025-12-25
2026-06-25 21:19:38.559 | WARNING  | modules.backtest.signal_backtest:run_signal_backtest:318 - valid_dates is empty for 2025-12-26
2026-06-25 21:19:38.560 | WARNING  | modules.backtest.signal_backtest:run_signal_backtest:318 - valid_dates is empty for 2025-12-29
2026-06-25 21:19:38.561 | WARNING  | modules.backtest.signal_backtest:run_signal_backtest:318 - valid_dates is empty for 2025-12-30
2026-06-25 21:19:38.563 | WARNING  | modules.backtest.signal_backtest:run_signal_backtest:318 - valid_dates is empty for 2025-12-31
2026-06-25 21:19:38.564 | WARNING  | modules.backtest.signal_backtest:run_signal_backtest:318 - valid_dates is empty for 2026-01-05
2026-06-25 21:19:38.656 | WARNING  | modules.backtest.signal_backtest:run_signal_backtest:315 - valid_preds is empty for 2026-02-24
2026-06-25 21:19:38.879 | INFO     | modules.backtest.signal_backtest:run_signal_backtest:294 - Checking override for final day: 2026-06-25, day_idx=145, len=146
2026-06-25 21:19:38.894 | INFO     | modules.backtest.signal_backtest:_parse_reports:143 - Overrode pool for 2026-06-24 with curated 30 stocks
2026-06-25 21:19:40.396 | INFO     | modules.backtest.signal_backtest:run_signal_backtest:298 - live_res: {'status': 'success', 'date': '2026-06-25', 'prediction_date': '2026-06-23', 'data': [{'symbol': 'SH601869', 'name': '长飞光纤', 'theme': 'AI光互连与材料革新', 'score': 0.5556, 'original_score': 0.0371, 'em_rank': 87, 'ths_rank': '无', 'popularity': '人气股'}, {'symbol': 'SZ300308', 'name': '中际旭创', 'theme': '铋与战略金属管制深化', 'score': 0.5196, 'original_score': 0.0196, 'em_rank': 49, 'ths_rank': '无', 'popularity': '人气股'}, {'symbol': 'SH603938', 'name': '三孚股份', 'theme': 'AI光互连与材料革新', 'score': 0.5114, 'original_score':
2026-06-25 21:19:40.396 | INFO     | modules.backtest.signal_backtest:run_signal_backtest:303 - Final day override: using 5 live picks for 2026-06-25: ['SH601869', 'SZ300308', 'SH603938', 'SZ002484', 'SH605366']
2026-06-25 21:19:40.407 | INFO     | modules.backtest.signal_backtest:run_signal_backtest:806 - Backtest complete: 146 days, total return=45.56%, sharpe=1.634
2026-06-25 21:19:40.445 | INFO     | modules.backtest.service:run_signal_backtest_service:51 - Signal backtest completed and cached.
2026-06-25 21:19:40.445 | INFO     | modules.backtest.optimizer:optimize_top_k:37 - Result for K=5: Return=87.28%, Sharpe=1.634
2026-06-25 21:19:40.445 | INFO     | modules.backtest.optimizer:optimize_top_k:17 - ===> Testing K = 8
2026-06-25 21:19:40.445 | INFO     | modules.backtest.service:run_signal_backtest_service:39 - Running AI signal backtest... (ML Filter: True, Model: v2_open2open, Top K: 8, Exit: open)
2026-06-25 21:19:40.445 | INFO     | modules.backtest.signal_backtest:run_signal_backtest:194 - Parsing AI Morning Reports...
2026-06-25 21:19:40.461 | INFO     | modules.backtest.signal_backtest:_parse_reports:143 - Overrode pool for 2026-06-24 with curated 30 stocks
2026-06-25 21:19:40.461 | INFO     | modules.backtest.signal_backtest:run_signal_backtest:200 - Report dates: 2025-10-28 → 2026-06-25 (146 days)
2026-06-25 21:19:40.462 | INFO     | modules.backtest.signal_backtest:run_signal_backtest:206 - Total unique symbols: 1890
2026-06-25 21:19:40.462 | INFO     | modules.backtest.signal_backtest:run_signal_backtest:209 - Loading OHLCV data...
2026-06-25 21:19:42.331 | INFO     | modules.backtest.signal_backtest:run_signal_backtest:211 - Loaded prices for 1873 / 1890 symbols
2026-06-25 21:19:42.331 | INFO     | modules.backtest.signal_backtest:run_signal_backtest:219 - Loading ML predictions for filtering...
2026-06-25 21:19:42.333 | WARNING  | modules.backtest.signal_backtest:run_signal_backtest:318 - valid_dates is empty for 2025-10-28
2026-06-25 21:19:42.334 | WARNING  | modules.backtest.signal_backtest:run_signal_backtest:318 - valid_dates is empty for 2025-11-14
2026-06-25 21:19:42.335 | WARNING  | modules.backtest.signal_backtest:run_signal_backtest:318 - valid_dates is empty for 2025-11-17
2026-06-25 21:19:42.336 | WARNING  | modules.backtest.signal_backtest:run_signal_backtest:318 - valid_dates is empty for 2025-11-18
2026-06-25 21:19:42.337 | WARNING  | modules.backtest.signal_backtest:run_signal_backtest:318 - valid_dates is empty for 2025-11-19
2026-06-25 21:19:42.338 | WARNING  | modules.backtest.signal_backtest:run_signal_backtest:318 - valid_dates is empty for 2025-11-20
2026-06-25 21:19:42.339 | WARNING  | modules.backtest.signal_backtest:run_signal_backtest:318 - valid_dates is empty for 2025-11-24
2026-06-25 21:19:42.340 | WARNING  | modules.backtest.signal_backtest:run_signal_backtest:318 - valid_dates is empty for 2025-11-25
2026-06-25 21:19:42.341 | WARNING  | modules.backtest.signal_backtest:run_signal_backtest:318 - valid_dates is empty for 2025-11-26
2026-06-25 21:19:42.342 | WARNING  | modules.backtest.signal_backtest:run_signal_backtest:318 - valid_dates is empty for 2025-11-27
2026-06-25 21:19:42.343 | WARNING  | modules.backtest.signal_backtest:run_signal_backtest:318 - valid_dates is empty for 2025-11-28
2026-06-25 21:19:42.344 | WARNING  | modules.backtest.signal_backtest:run_signal_backtest:318 - valid_dates is empty for 2025-12-01
2026-06-25 21:19:42.345 | WARNING  | modules.backtest.signal_backtest:run_signal_backtest:318 - valid_dates is empty for 2025-12-02
2026-06-25 21:19:42.346 | WARNING  | modules.backtest.signal_backtest:run_signal_backtest:318 - valid_dates is empty for 2025-12-03
2026-06-25 21:19:42.347 | WARNING  | modules.backtest.signal_backtest:run_signal_backtest:318 - valid_dates is empty for 2025-12-04
2026-06-25 21:19:42.348 | WARNING  | modules.backtest.signal_backtest:run_signal_backtest:318 - valid_dates is empty for 2025-12-05
2026-06-25 21:19:42.348 | WARNING  | modules.backtest.signal_backtest:run_signal_backtest:318 - valid_dates is empty for 2025-12-08
2026-06-25 21:19:42.349 | WARNING  | modules.backtest.signal_backtest:run_signal_backtest:318 - valid_dates is empty for 2025-12-09
2026-06-25 21:19:42.350 | WARNING  | modules.backtest.signal_backtest:run_signal_backtest:318 - valid_dates is empty for 2025-12-10
2026-06-25 21:19:42.351 | WARNING  | modules.backtest.signal_backtest:run_signal_backtest:318 - valid_dates is empty for 2025-12-11
2026-06-25 21:19:42.352 | WARNING  | modules.backtest.signal_backtest:run_signal_backtest:318 - valid_dates is empty for 2025-12-12
2026-06-25 21:19:42.353 | WARNING  | modules.backtest.signal_backtest:run_signal_backtest:318 - valid_dates is empty for 2025-12-15
2026-06-25 21:19:42.354 | WARNING  | modules.backtest.signal_backtest:run_signal_backtest:318 - valid_dates is empty for 2025-12-16
2026-06-25 21:19:42.355 | WARNING  | modules.backtest.signal_backtest:run_signal_backtest:318 - valid_dates is empty for 2025-12-17
2026-06-25 21:19:42.356 | WARNING  | modules.backtest.signal_backtest:run_signal_backtest:318 - valid_dates is empty for 2025-12-18
2026-06-25 21:19:42.357 | WARNING  | modules.backtest.signal_backtest:run_signal_backtest:318 - valid_dates is empty for 2025-12-19
2026-06-25 21:19:42.358 | WARNING  | modules.backtest.signal_backtest:run_signal_backtest:318 - valid_dates is empty for 2025-12-22
2026-06-25 21:19:42.359 | WARNING  | modules.backtest.signal_backtest:run_signal_backtest:318 - valid_dates is empty for 2025-12-23
2026-06-25 21:19:42.360 | WARNING  | modules.backtest.signal_backtest:run_signal_backtest:318 - valid_dates is empty for 2025-12-24
2026-06-25 21:19:42.361 | WARNING  | modules.backtest.signal_backtest:run_signal_backtest:318 - valid_dates is empty for 2025-12-25
2026-06-25 21:19:42.362 | WARNING  | modules.backtest.signal_backtest:run_signal_backtest:318 - valid_dates is empty for 2025-12-26
2026-06-25 21:19:42.363 | WARNING  | modules.backtest.signal_backtest:run_signal_backtest:318 - valid_dates is empty for 2025-12-29
2026-06-25 21:19:42.364 | WARNING  | modules.backtest.signal_backtest:run_signal_backtest:318 - valid_dates is empty for 2025-12-30
2026-06-25 21:19:42.365 | WARNING  | modules.backtest.signal_backtest:run_signal_backtest:318 - valid_dates is empty for 2025-12-31
2026-06-25 21:19:42.365 | WARNING  | modules.backtest.signal_backtest:run_signal_backtest:318 - valid_dates is empty for 2026-01-05
2026-06-25 21:19:42.466 | WARNING  | modules.backtest.signal_backtest:run_signal_backtest:315 - valid_preds is empty for 2026-02-24
2026-06-25 21:19:42.742 | INFO     | modules.backtest.signal_backtest:run_signal_backtest:294 - Checking override for final day: 2026-06-25, day_idx=145, len=146
2026-06-25 21:19:42.756 | INFO     | modules.backtest.signal_backtest:_parse_reports:143 - Overrode pool for 2026-06-24 with curated 30 stocks
2026-06-25 21:19:44.254 | INFO     | modules.backtest.signal_backtest:run_signal_backtest:298 - live_res: {'status': 'success', 'date': '2026-06-25', 'prediction_date': '2026-06-23', 'data': [{'symbol': 'SH601869', 'name': '长飞光纤', 'theme': 'AI光互连与材料革新', 'score': 0.5556, 'original_score': 0.0371, 'em_rank': 87, 'ths_rank': '无', 'popularity': '人气股'}, {'symbol': 'SZ300308', 'name': '中际旭创', 'theme': '铋与战略金属管制深化', 'score': 0.5196, 'original_score': 0.0196, 'em_rank': 49, 'ths_rank': '无', 'popularity': '人气股'}, {'symbol': 'SH603938', 'name': '三孚股份', 'theme': 'AI光互连与材料革新', 'score': 0.5114, 'original_score':
2026-06-25 21:19:44.254 | INFO     | modules.backtest.signal_backtest:run_signal_backtest:303 - Final day override: using 8 live picks for 2026-06-25: ['SH601869', 'SZ300308', 'SH603938', 'SZ002484', 'SH605366', 'SZ300136', 'SH600183', 'SH600584']
2026-06-25 21:19:44.265 | INFO     | modules.backtest.signal_backtest:run_signal_backtest:806 - Backtest complete: 146 days, total return=38.07%, sharpe=1.542
2026-06-25 21:19:44.309 | INFO     | modules.backtest.service:run_signal_backtest_service:51 - Signal backtest completed and cached.
2026-06-25 21:19:44.309 | INFO     | modules.backtest.optimizer:optimize_top_k:37 - Result for K=8: Return=71.46%, Sharpe=1.542
2026-06-25 21:19:44.309 | INFO     | modules.backtest.optimizer:optimize_top_k:17 - ===> Testing K = 10
2026-06-25 21:19:44.309 | INFO     | modules.backtest.service:run_signal_backtest_service:39 - Running AI signal backtest... (ML Filter: True, Model: v2_open2open, Top K: 10, Exit: open)
2026-06-25 21:19:44.309 | INFO     | modules.backtest.signal_backtest:run_signal_backtest:194 - Parsing AI Morning Reports...
2026-06-25 21:19:44.326 | INFO     | modules.backtest.signal_backtest:_parse_reports:143 - Overrode pool for 2026-06-24 with curated 30 stocks
2026-06-25 21:19:44.327 | INFO     | modules.backtest.signal_backtest:run_signal_backtest:200 - Report dates: 2025-10-28 → 2026-06-25 (146 days)
2026-06-25 21:19:44.328 | INFO     | modules.backtest.signal_backtest:run_signal_backtest:206 - Total unique symbols: 1890
2026-06-25 21:19:44.328 | INFO     | modules.backtest.signal_backtest:run_signal_backtest:209 - Loading OHLCV data...
2026-06-25 21:19:46.211 | INFO     | modules.backtest.signal_backtest:run_signal_backtest:211 - Loaded prices for 1873 / 1890 symbols
2026-06-25 21:19:46.211 | INFO     | modules.backtest.signal_backtest:run_signal_backtest:219 - Loading ML predictions for filtering...
2026-06-25 21:19:46.213 | WARNING  | modules.backtest.signal_backtest:run_signal_backtest:318 - valid_dates is empty for 2025-10-28
2026-06-25 21:19:46.214 | WARNING  | modules.backtest.signal_backtest:run_signal_backtest:318 - valid_dates is empty for 2025-11-14
2026-06-25 21:19:46.215 | WARNING  | modules.backtest.signal_backtest:run_signal_backtest:318 - valid_dates is empty for 2025-11-17
2026-06-25 21:19:46.216 | WARNING  | modules.backtest.signal_backtest:run_signal_backtest:318 - valid_dates is empty for 2025-11-18
2026-06-25 21:19:46.217 | WARNING  | modules.backtest.signal_backtest:run_signal_backtest:318 - valid_dates is empty for 2025-11-19
2026-06-25 21:19:46.218 | WARNING  | modules.backtest.signal_backtest:run_signal_backtest:318 - valid_dates is empty for 2025-11-20
2026-06-25 21:19:46.219 | WARNING  | modules.backtest.signal_backtest:run_signal_backtest:318 - valid_dates is empty for 2025-11-24
2026-06-25 21:19:46.220 | WARNING  | modules.backtest.signal_backtest:run_signal_backtest:318 - valid_dates is empty for 2025-11-25
2026-06-25 21:19:46.221 | WARNING  | modules.backtest.signal_backtest:run_signal_backtest:318 - valid_dates is empty for 2025-11-26
2026-06-25 21:19:46.222 | WARNING  | modules.backtest.signal_backtest:run_signal_backtest:318 - valid_dates is empty for 2025-11-27
2026-06-25 21:19:46.223 | WARNING  | modules.backtest.signal_backtest:run_signal_backtest:318 - valid_dates is empty for 2025-11-28
2026-06-25 21:19:46.223 | WARNING  | modules.backtest.signal_backtest:run_signal_backtest:318 - valid_dates is empty for 2025-12-01
2026-06-25 21:19:46.224 | WARNING  | modules.backtest.signal_backtest:run_signal_backtest:318 - valid_dates is empty for 2025-12-02
2026-06-25 21:19:46.225 | WARNING  | modules.backtest.signal_backtest:run_signal_backtest:318 - valid_dates is empty for 2025-12-03
2026-06-25 21:19:46.226 | WARNING  | modules.backtest.signal_backtest:run_signal_backtest:318 - valid_dates is empty for 2025-12-04
2026-06-25 21:19:46.227 | WARNING  | modules.backtest.signal_backtest:run_signal_backtest:318 - valid_dates is empty for 2025-12-05
2026-06-25 21:19:46.228 | WARNING  | modules.backtest.signal_backtest:run_signal_backtest:318 - valid_dates is empty for 2025-12-08
2026-06-25 21:19:46.229 | WARNING  | modules.backtest.signal_backtest:run_signal_backtest:318 - valid_dates is empty for 2025-12-09
2026-06-25 21:19:46.230 | WARNING  | modules.backtest.signal_backtest:run_signal_backtest:318 - valid_dates is empty for 2025-12-10
2026-06-25 21:19:46.231 | WARNING  | modules.backtest.signal_backtest:run_signal_backtest:318 - valid_dates is empty for 2025-12-11
2026-06-25 21:19:46.232 | WARNING  | modules.backtest.signal_backtest:run_signal_backtest:318 - valid_dates is empty for 2025-12-12
2026-06-25 21:19:46.233 | WARNING  | modules.backtest.signal_backtest:run_signal_backtest:318 - valid_dates is empty for 2025-12-15
2026-06-25 21:19:46.233 | WARNING  | modules.backtest.signal_backtest:run_signal_backtest:318 - valid_dates is empty for 2025-12-16
2026-06-25 21:19:46.234 | WARNING  | modules.backtest.signal_backtest:run_signal_backtest:318 - valid_dates is empty for 2025-12-17
2026-06-25 21:19:46.235 | WARNING  | modules.backtest.signal_backtest:run_signal_backtest:318 - valid_dates is empty for 2025-12-18
2026-06-25 21:19:46.236 | WARNING  | modules.backtest.signal_backtest:run_signal_backtest:318 - valid_dates is empty for 2025-12-19
2026-06-25 21:19:46.237 | WARNING  | modules.backtest.signal_backtest:run_signal_backtest:318 - valid_dates is empty for 2025-12-22
2026-06-25 21:19:46.238 | WARNING  | modules.backtest.signal_backtest:run_signal_backtest:318 - valid_dates is empty for 2025-12-23
2026-06-25 21:19:46.239 | WARNING  | modules.backtest.signal_backtest:run_signal_backtest:318 - valid_dates is empty for 2025-12-24
2026-06-25 21:19:46.240 | WARNING  | modules.backtest.signal_backtest:run_signal_backtest:318 - valid_dates is empty for 2025-12-25
2026-06-25 21:19:46.241 | WARNING  | modules.backtest.signal_backtest:run_signal_backtest:318 - valid_dates is empty for 2025-12-26
2026-06-25 21:19:46.242 | WARNING  | modules.backtest.signal_backtest:run_signal_backtest:318 - valid_dates is empty for 2025-12-29
2026-06-25 21:19:46.243 | WARNING  | modules.backtest.signal_backtest:run_signal_backtest:318 - valid_dates is empty for 2025-12-30
2026-06-25 21:19:46.244 | WARNING  | modules.backtest.signal_backtest:run_signal_backtest:318 - valid_dates is empty for 2025-12-31
2026-06-25 21:19:46.244 | WARNING  | modules.backtest.signal_backtest:run_signal_backtest:318 - valid_dates is empty for 2026-01-05
2026-06-25 21:19:46.355 | WARNING  | modules.backtest.signal_backtest:run_signal_backtest:315 - valid_preds is empty for 2026-02-24
2026-06-25 21:19:46.685 | INFO     | modules.backtest.signal_backtest:run_signal_backtest:294 - Checking override for final day: 2026-06-25, day_idx=145, len=146
2026-06-25 21:19:46.699 | INFO     | modules.backtest.signal_backtest:_parse_reports:143 - Overrode pool for 2026-06-24 with curated 30 stocks
2026-06-25 21:19:48.180 | INFO     | modules.backtest.signal_backtest:run_signal_backtest:298 - live_res: {'status': 'success', 'date': '2026-06-25', 'prediction_date': '2026-06-23', 'data': [{'symbol': 'SH601869', 'name': '长飞光纤', 'theme': 'AI光互连与材料革新', 'score': 0.5556, 'original_score': 0.0371, 'em_rank': 87, 'ths_rank': '无', 'popularity': '人气股'}, {'symbol': 'SZ300308', 'name': '中际旭创', 'theme': '铋与战略金属管制深化', 'score': 0.5196, 'original_score': 0.0196, 'em_rank': 49, 'ths_rank': '无', 'popularity': '人气股'}, {'symbol': 'SH603938', 'name': '三孚股份', 'theme': 'AI光互连与材料革新', 'score': 0.5114, 'original_score':
2026-06-25 21:19:48.180 | INFO     | modules.backtest.signal_backtest:run_signal_backtest:303 - Final day override: using 10 live picks for 2026-06-25: ['SH601869', 'SZ300308', 'SH603938', 'SZ002484', 'SH605366', 'SZ300136', 'SH600183', 'SH600584', 'SZ002149', 'SZ300065']
2026-06-25 21:19:48.193 | INFO     | modules.backtest.signal_backtest:run_signal_backtest:806 - Backtest complete: 146 days, total return=42.78%, sharpe=1.829
2026-06-25 21:19:48.240 | INFO     | modules.backtest.service:run_signal_backtest_service:51 - Signal backtest completed and cached.
2026-06-25 21:19:48.241 | INFO     | modules.backtest.optimizer:optimize_top_k:37 - Result for K=10: Return=81.34%, Sharpe=1.829
2026-06-25 21:19:48.241 | INFO     | modules.backtest.optimizer:optimize_top_k:17 - ===> Testing K = 15
2026-06-25 21:19:48.241 | INFO     | modules.backtest.service:run_signal_backtest_service:39 - Running AI signal backtest... (ML Filter: True, Model: v2_open2open, Top K: 15, Exit: open)
2026-06-25 21:19:48.241 | INFO     | modules.backtest.signal_backtest:run_signal_backtest:194 - Parsing AI Morning Reports...
2026-06-25 21:19:48.256 | INFO     | modules.backtest.signal_backtest:_parse_reports:143 - Overrode pool for 2026-06-24 with curated 30 stocks
2026-06-25 21:19:48.257 | INFO     | modules.backtest.signal_backtest:run_signal_backtest:200 - Report dates: 2025-10-28 → 2026-06-25 (146 days)
2026-06-25 21:19:48.257 | INFO     | modules.backtest.signal_backtest:run_signal_backtest:206 - Total unique symbols: 1890
2026-06-25 21:19:48.257 | INFO     | modules.backtest.signal_backtest:run_signal_backtest:209 - Loading OHLCV data...
2026-06-25 21:19:50.221 | INFO     | modules.backtest.signal_backtest:run_signal_backtest:211 - Loaded prices for 1873 / 1890 symbols
2026-06-25 21:19:50.221 | INFO     | modules.backtest.signal_backtest:run_signal_backtest:219 - Loading ML predictions for filtering...
2026-06-25 21:19:50.224 | WARNING  | modules.backtest.signal_backtest:run_signal_backtest:318 - valid_dates is empty for 2025-10-28
2026-06-25 21:19:50.225 | WARNING  | modules.backtest.signal_backtest:run_signal_backtest:318 - valid_dates is empty for 2025-11-14
2026-06-25 21:19:50.226 | WARNING  | modules.backtest.signal_backtest:run_signal_backtest:318 - valid_dates is empty for 2025-11-17
2026-06-25 21:19:50.227 | WARNING  | modules.backtest.signal_backtest:run_signal_backtest:318 - valid_dates is empty for 2025-11-18
2026-06-25 21:19:50.229 | WARNING  | modules.backtest.signal_backtest:run_signal_backtest:318 - valid_dates is empty for 2025-11-19
2026-06-25 21:19:50.230 | WARNING  | modules.backtest.signal_backtest:run_signal_backtest:318 - valid_dates is empty for 2025-11-20
2026-06-25 21:19:50.231 | WARNING  | modules.backtest.signal_backtest:run_signal_backtest:318 - valid_dates is empty for 2025-11-24
2026-06-25 21:19:50.232 | WARNING  | modules.backtest.signal_backtest:run_signal_backtest:318 - valid_dates is empty for 2025-11-25
2026-06-25 21:19:50.233 | WARNING  | modules.backtest.signal_backtest:run_signal_backtest:318 - valid_dates is empty for 2025-11-26
2026-06-25 21:19:50.234 | WARNING  | modules.backtest.signal_backtest:run_signal_backtest:318 - valid_dates is empty for 2025-11-27
2026-06-25 21:19:50.235 | WARNING  | modules.backtest.signal_backtest:run_signal_backtest:318 - valid_dates is empty for 2025-11-28
2026-06-25 21:19:50.236 | WARNING  | modules.backtest.signal_backtest:run_signal_backtest:318 - valid_dates is empty for 2025-12-01
2026-06-25 21:19:50.237 | WARNING  | modules.backtest.signal_backtest:run_signal_backtest:318 - valid_dates is empty for 2025-12-02
2026-06-25 21:19:50.238 | WARNING  | modules.backtest.signal_backtest:run_signal_backtest:318 - valid_dates is empty for 2025-12-03
2026-06-25 21:19:50.239 | WARNING  | modules.backtest.signal_backtest:run_signal_backtest:318 - valid_dates is empty for 2025-12-04
2026-06-25 21:19:50.240 | WARNING  | modules.backtest.signal_backtest:run_signal_backtest:318 - valid_dates is empty for 2025-12-05
2026-06-25 21:19:50.241 | WARNING  | modules.backtest.signal_backtest:run_signal_backtest:318 - valid_dates is empty for 2025-12-08
2026-06-25 21:19:50.242 | WARNING  | modules.backtest.signal_backtest:run_signal_backtest:318 - valid_dates is empty for 2025-12-09
2026-06-25 21:19:50.243 | WARNING  | modules.backtest.signal_backtest:run_signal_backtest:318 - valid_dates is empty for 2025-12-10
2026-06-25 21:19:50.244 | WARNING  | modules.backtest.signal_backtest:run_signal_backtest:318 - valid_dates is empty for 2025-12-11
2026-06-25 21:19:50.246 | WARNING  | modules.backtest.signal_backtest:run_signal_backtest:318 - valid_dates is empty for 2025-12-12
2026-06-25 21:19:50.247 | WARNING  | modules.backtest.signal_backtest:run_signal_backtest:318 - valid_dates is empty for 2025-12-15
2026-06-25 21:19:50.248 | WARNING  | modules.backtest.signal_backtest:run_signal_backtest:318 - valid_dates is empty for 2025-12-16
2026-06-25 21:19:50.249 | WARNING  | modules.backtest.signal_backtest:run_signal_backtest:318 - valid_dates is empty for 2025-12-17
2026-06-25 21:19:50.250 | WARNING  | modules.backtest.signal_backtest:run_signal_backtest:318 - valid_dates is empty for 2025-12-18
2026-06-25 21:19:50.251 | WARNING  | modules.backtest.signal_backtest:run_signal_backtest:318 - valid_dates is empty for 2025-12-19
2026-06-25 21:19:50.252 | WARNING  | modules.backtest.signal_backtest:run_signal_backtest:318 - valid_dates is empty for 2025-12-22
2026-06-25 21:19:50.253 | WARNING  | modules.backtest.signal_backtest:run_signal_backtest:318 - valid_dates is empty for 2025-12-23
2026-06-25 21:19:50.254 | WARNING  | modules.backtest.signal_backtest:run_signal_backtest:318 - valid_dates is empty for 2025-12-24
2026-06-25 21:19:50.255 | WARNING  | modules.backtest.signal_backtest:run_signal_backtest:318 - valid_dates is empty for 2025-12-25
2026-06-25 21:19:50.256 | WARNING  | modules.backtest.signal_backtest:run_signal_backtest:318 - valid_dates is empty for 2025-12-26
2026-06-25 21:19:50.257 | WARNING  | modules.backtest.signal_backtest:run_signal_backtest:318 - valid_dates is empty for 2025-12-29
2026-06-25 21:19:50.258 | WARNING  | modules.backtest.signal_backtest:run_signal_backtest:318 - valid_dates is empty for 2025-12-30
2026-06-25 21:19:50.259 | WARNING  | modules.backtest.signal_backtest:run_signal_backtest:318 - valid_dates is empty for 2025-12-31
2026-06-25 21:19:50.260 | WARNING  | modules.backtest.signal_backtest:run_signal_backtest:318 - valid_dates is empty for 2026-01-05
2026-06-25 21:19:50.414 | WARNING  | modules.backtest.signal_backtest:run_signal_backtest:315 - valid_preds is empty for 2026-02-24
2026-06-25 21:19:50.916 | INFO     | modules.backtest.signal_backtest:run_signal_backtest:294 - Checking override for final day: 2026-06-25, day_idx=145, len=146
2026-06-25 21:19:50.937 | INFO     | modules.backtest.signal_backtest:_parse_reports:143 - Overrode pool for 2026-06-24 with curated 30 stocks
2026-06-25 21:19:52.307 | INFO     | modules.backtest.signal_backtest:run_signal_backtest:298 - live_res: {'status': 'success', 'date': '2026-06-25', 'prediction_date': '2026-06-23', 'data': [{'symbol': 'SH601869', 'name': '长飞光纤', 'theme': 'AI光互连与材料革新', 'score': 0.5556, 'original_score': 0.0371, 'em_rank': 87, 'ths_rank': '无', 'popularity': '人气股'}, {'symbol': 'SZ300308', 'name': '中际旭创', 'theme': '铋与战略金属管制深化', 'score': 0.5196, 'original_score': 0.0196, 'em_rank': 49, 'ths_rank': '无', 'popularity': '人气股'}, {'symbol': 'SH603938', 'name': '三孚股份', 'theme': 'AI光互连与材料革新', 'score': 0.5114, 'original_score':
2026-06-25 21:19:52.307 | INFO     | modules.backtest.signal_backtest:run_signal_backtest:303 - Final day override: using 15 live picks for 2026-06-25: ['SH601869', 'SZ300308', 'SH603938', 'SZ002484', 'SH605366', 'SZ300136', 'SH600183', 'SH600584', 'SZ002149', 'SZ300065', 'SZ300900', 'SZ301005', 'SZ002342', 'SH600596', 'SZ300007']
2026-06-25 21:19:52.319 | INFO     | modules.backtest.signal_backtest:run_signal_backtest:806 - Backtest complete: 146 days, total return=27.97%, sharpe=1.465
2026-06-25 21:19:52.373 | INFO     | modules.backtest.service:run_signal_backtest_service:51 - Signal backtest completed and cached.
2026-06-25 21:19:52.374 | INFO     | modules.backtest.optimizer:optimize_top_k:37 - Result for K=15: Return=51.01%, Sharpe=1.465
2026-06-25 21:19:52.375 | INFO     | modules.backtest.optimizer:optimize_top_k:47 - Grid search complete. Results saved to /Users/walox/qlib/data/cn_stock/backtest_ohlcv/v2_open2open_optimize_k_results.csv
2026-06-25 21:19:52.376 | INFO     | modules.backtest.optimizer:optimize_top_k:12 - Starting Top K Grid Search for model: v3_open2close with Ks: [3, 5, 8, 10, 15]
2026-06-25 21:19:52.376 | INFO     | modules.backtest.optimizer:optimize_top_k:17 - ===> Testing K = 3
2026-06-25 21:19:52.376 | INFO     | modules.backtest.service:run_signal_backtest_service:39 - Running AI signal backtest... (ML Filter: True, Model: v3_open2close, Top K: 3, Exit: close)
2026-06-25 21:19:52.376 | INFO     | modules.backtest.signal_backtest:run_signal_backtest:194 - Parsing AI Morning Reports...
2026-06-25 21:19:52.392 | INFO     | modules.backtest.signal_backtest:_parse_reports:143 - Overrode pool for 2026-06-24 with curated 30 stocks
2026-06-25 21:19:52.392 | INFO     | modules.backtest.signal_backtest:run_signal_backtest:200 - Report dates: 2025-10-28 → 2026-06-25 (146 days)
2026-06-25 21:19:52.393 | INFO     | modules.backtest.signal_backtest:run_signal_backtest:206 - Total unique symbols: 1890
2026-06-25 21:19:52.393 | INFO     | modules.backtest.signal_backtest:run_signal_backtest:209 - Loading OHLCV data...
2026-06-25 21:19:54.745 | INFO     | modules.backtest.signal_backtest:run_signal_backtest:211 - Loaded prices for 1873 / 1890 symbols
2026-06-25 21:19:54.745 | INFO     | modules.backtest.signal_backtest:run_signal_backtest:219 - Loading ML predictions for filtering...
2026-06-25 21:19:54.750 | WARNING  | modules.backtest.signal_backtest:run_signal_backtest:318 - valid_dates is empty for 2025-10-28
2026-06-25 21:19:54.751 | WARNING  | modules.backtest.signal_backtest:run_signal_backtest:318 - valid_dates is empty for 2025-11-14
2026-06-25 21:19:54.752 | WARNING  | modules.backtest.signal_backtest:run_signal_backtest:318 - valid_dates is empty for 2025-11-17
2026-06-25 21:19:54.753 | WARNING  | modules.backtest.signal_backtest:run_signal_backtest:318 - valid_dates is empty for 2025-11-18
2026-06-25 21:19:54.755 | WARNING  | modules.backtest.signal_backtest:run_signal_backtest:318 - valid_dates is empty for 2025-11-19
2026-06-25 21:19:54.756 | WARNING  | modules.backtest.signal_backtest:run_signal_backtest:318 - valid_dates is empty for 2025-11-20
2026-06-25 21:19:54.757 | WARNING  | modules.backtest.signal_backtest:run_signal_backtest:318 - valid_dates is empty for 2025-11-24
2026-06-25 21:19:54.759 | WARNING  | modules.backtest.signal_backtest:run_signal_backtest:318 - valid_dates is empty for 2025-11-25
2026-06-25 21:19:54.760 | WARNING  | modules.backtest.signal_backtest:run_signal_backtest:318 - valid_dates is empty for 2025-11-26
2026-06-25 21:19:54.762 | WARNING  | modules.backtest.signal_backtest:run_signal_backtest:318 - valid_dates is empty for 2025-11-27
2026-06-25 21:19:54.763 | WARNING  | modules.backtest.signal_backtest:run_signal_backtest:318 - valid_dates is empty for 2025-11-28
2026-06-25 21:19:54.764 | WARNING  | modules.backtest.signal_backtest:run_signal_backtest:318 - valid_dates is empty for 2025-12-01
2026-06-25 21:19:54.766 | WARNING  | modules.backtest.signal_backtest:run_signal_backtest:318 - valid_dates is empty for 2025-12-02
2026-06-25 21:19:54.768 | WARNING  | modules.backtest.signal_backtest:run_signal_backtest:318 - valid_dates is empty for 2025-12-03
2026-06-25 21:19:54.769 | WARNING  | modules.backtest.signal_backtest:run_signal_backtest:318 - valid_dates is empty for 2025-12-04
2026-06-25 21:19:54.770 | WARNING  | modules.backtest.signal_backtest:run_signal_backtest:318 - valid_dates is empty for 2025-12-05
2026-06-25 21:19:54.771 | WARNING  | modules.backtest.signal_backtest:run_signal_backtest:318 - valid_dates is empty for 2025-12-08
2026-06-25 21:19:54.772 | WARNING  | modules.backtest.signal_backtest:run_signal_backtest:318 - valid_dates is empty for 2025-12-09
2026-06-25 21:19:54.773 | WARNING  | modules.backtest.signal_backtest:run_signal_backtest:318 - valid_dates is empty for 2025-12-10
2026-06-25 21:19:54.774 | WARNING  | modules.backtest.signal_backtest:run_signal_backtest:318 - valid_dates is empty for 2025-12-11
2026-06-25 21:19:54.775 | WARNING  | modules.backtest.signal_backtest:run_signal_backtest:318 - valid_dates is empty for 2025-12-12
2026-06-25 21:19:54.776 | WARNING  | modules.backtest.signal_backtest:run_signal_backtest:318 - valid_dates is empty for 2025-12-15
2026-06-25 21:19:54.777 | WARNING  | modules.backtest.signal_backtest:run_signal_backtest:318 - valid_dates is empty for 2025-12-16
2026-06-25 21:19:54.779 | WARNING  | modules.backtest.signal_backtest:run_signal_backtest:318 - valid_dates is empty for 2025-12-17
2026-06-25 21:19:54.780 | WARNING  | modules.backtest.signal_backtest:run_signal_backtest:318 - valid_dates is empty for 2025-12-18
2026-06-25 21:19:54.781 | WARNING  | modules.backtest.signal_backtest:run_signal_backtest:318 - valid_dates is empty for 2025-12-19
2026-06-25 21:19:54.782 | WARNING  | modules.backtest.signal_backtest:run_signal_backtest:318 - valid_dates is empty for 2025-12-22
2026-06-25 21:19:54.783 | WARNING  | modules.backtest.signal_backtest:run_signal_backtest:318 - valid_dates is empty for 2025-12-23
2026-06-25 21:19:54.784 | WARNING  | modules.backtest.signal_backtest:run_signal_backtest:318 - valid_dates is empty for 2025-12-24
2026-06-25 21:19:54.785 | WARNING  | modules.backtest.signal_backtest:run_signal_backtest:318 - valid_dates is empty for 2025-12-25
2026-06-25 21:19:54.786 | WARNING  | modules.backtest.signal_backtest:run_signal_backtest:318 - valid_dates is empty for 2025-12-26
2026-06-25 21:19:54.787 | WARNING  | modules.backtest.signal_backtest:run_signal_backtest:318 - valid_dates is empty for 2025-12-29
2026-06-25 21:19:54.788 | WARNING  | modules.backtest.signal_backtest:run_signal_backtest:318 - valid_dates is empty for 2025-12-30
2026-06-25 21:19:54.789 | WARNING  | modules.backtest.signal_backtest:run_signal_backtest:318 - valid_dates is empty for 2025-12-31
2026-06-25 21:19:54.790 | WARNING  | modules.backtest.signal_backtest:run_signal_backtest:318 - valid_dates is empty for 2026-01-05
2026-06-25 21:19:54.865 | WARNING  | modules.backtest.signal_backtest:run_signal_backtest:315 - valid_preds is empty for 2026-02-24
2026-06-25 21:19:55.084 | INFO     | modules.backtest.signal_backtest:run_signal_backtest:294 - Checking override for final day: 2026-06-25, day_idx=145, len=146
2026-06-25 21:19:55.101 | INFO     | modules.backtest.signal_backtest:_parse_reports:143 - Overrode pool for 2026-06-24 with curated 30 stocks
2026-06-25 21:19:56.575 | INFO     | modules.backtest.signal_backtest:run_signal_backtest:298 - live_res: {'status': 'success', 'date': '2026-06-25', 'prediction_date': '2026-06-23', 'data': [{'symbol': 'SZ300136', 'name': '信维通信', 'theme': '商业航天', 'score': 0.5049, 'original_score': 0.0033, 'em_rank': 30, 'ths_rank': '无', 'popularity': '人气股'}, {'symbol': 'SZ300308', 'name': '中际旭创', 'theme': '铋与战略金属管制深化', 'score': 0.5038, 'original_score': 0.0038, 'em_rank': 49, 'ths_rank': '无', 'popularity': '人气股'}, {'symbol': 'SH603678', 'name': '火炬电子', 'theme': 'AI硬件通胀链', 'score': 0.5033, 'original_score': 0.0033, 
2026-06-25 21:19:56.576 | INFO     | modules.backtest.signal_backtest:run_signal_backtest:303 - Final day override: using 3 live picks for 2026-06-25: ['SZ300136', 'SZ300308', 'SH603678']
2026-06-25 21:19:56.584 | INFO     | modules.backtest.signal_backtest:run_signal_backtest:806 - Backtest complete: 146 days, total return=191.20%, sharpe=3.093
2026-06-25 21:19:56.616 | INFO     | modules.backtest.service:run_signal_backtest_service:51 - Signal backtest completed and cached.
2026-06-25 21:19:56.616 | INFO     | modules.backtest.optimizer:optimize_top_k:37 - Result for K=3: Return=496.72%, Sharpe=3.093
2026-06-25 21:19:56.616 | INFO     | modules.backtest.optimizer:optimize_top_k:17 - ===> Testing K = 5
2026-06-25 21:19:56.616 | INFO     | modules.backtest.service:run_signal_backtest_service:39 - Running AI signal backtest... (ML Filter: True, Model: v3_open2close, Top K: 5, Exit: close)
2026-06-25 21:19:56.616 | INFO     | modules.backtest.signal_backtest:run_signal_backtest:194 - Parsing AI Morning Reports...
2026-06-25 21:19:56.633 | INFO     | modules.backtest.signal_backtest:_parse_reports:143 - Overrode pool for 2026-06-24 with curated 30 stocks
2026-06-25 21:19:56.633 | INFO     | modules.backtest.signal_backtest:run_signal_backtest:200 - Report dates: 2025-10-28 → 2026-06-25 (146 days)
2026-06-25 21:19:56.633 | INFO     | modules.backtest.signal_backtest:run_signal_backtest:206 - Total unique symbols: 1890
2026-06-25 21:19:56.634 | INFO     | modules.backtest.signal_backtest:run_signal_backtest:209 - Loading OHLCV data...
2026-06-25 21:19:58.987 | INFO     | modules.backtest.signal_backtest:run_signal_backtest:211 - Loaded prices for 1873 / 1890 symbols
2026-06-25 21:19:58.987 | INFO     | modules.backtest.signal_backtest:run_signal_backtest:219 - Loading ML predictions for filtering...
2026-06-25 21:19:58.989 | WARNING  | modules.backtest.signal_backtest:run_signal_backtest:318 - valid_dates is empty for 2025-10-28
2026-06-25 21:19:58.991 | WARNING  | modules.backtest.signal_backtest:run_signal_backtest:318 - valid_dates is empty for 2025-11-14
2026-06-25 21:19:58.992 | WARNING  | modules.backtest.signal_backtest:run_signal_backtest:318 - valid_dates is empty for 2025-11-17
2026-06-25 21:19:58.993 | WARNING  | modules.backtest.signal_backtest:run_signal_backtest:318 - valid_dates is empty for 2025-11-18
2026-06-25 21:19:58.994 | WARNING  | modules.backtest.signal_backtest:run_signal_backtest:318 - valid_dates is empty for 2025-11-19
2026-06-25 21:19:58.996 | WARNING  | modules.backtest.signal_backtest:run_signal_backtest:318 - valid_dates is empty for 2025-11-20
2026-06-25 21:19:58.997 | WARNING  | modules.backtest.signal_backtest:run_signal_backtest:318 - valid_dates is empty for 2025-11-24
2026-06-25 21:19:58.999 | WARNING  | modules.backtest.signal_backtest:run_signal_backtest:318 - valid_dates is empty for 2025-11-25
2026-06-25 21:19:59.000 | WARNING  | modules.backtest.signal_backtest:run_signal_backtest:318 - valid_dates is empty for 2025-11-26
2026-06-25 21:19:59.001 | WARNING  | modules.backtest.signal_backtest:run_signal_backtest:318 - valid_dates is empty for 2025-11-27
2026-06-25 21:19:59.002 | WARNING  | modules.backtest.signal_backtest:run_signal_backtest:318 - valid_dates is empty for 2025-11-28
2026-06-25 21:19:59.003 | WARNING  | modules.backtest.signal_backtest:run_signal_backtest:318 - valid_dates is empty for 2025-12-01
2026-06-25 21:19:59.004 | WARNING  | modules.backtest.signal_backtest:run_signal_backtest:318 - valid_dates is empty for 2025-12-02
2026-06-25 21:19:59.005 | WARNING  | modules.backtest.signal_backtest:run_signal_backtest:318 - valid_dates is empty for 2025-12-03
2026-06-25 21:19:59.006 | WARNING  | modules.backtest.signal_backtest:run_signal_backtest:318 - valid_dates is empty for 2025-12-04
2026-06-25 21:19:59.007 | WARNING  | modules.backtest.signal_backtest:run_signal_backtest:318 - valid_dates is empty for 2025-12-05
2026-06-25 21:19:59.009 | WARNING  | modules.backtest.signal_backtest:run_signal_backtest:318 - valid_dates is empty for 2025-12-08
2026-06-25 21:19:59.010 | WARNING  | modules.backtest.signal_backtest:run_signal_backtest:318 - valid_dates is empty for 2025-12-09
2026-06-25 21:19:59.011 | WARNING  | modules.backtest.signal_backtest:run_signal_backtest:318 - valid_dates is empty for 2025-12-10
2026-06-25 21:19:59.012 | WARNING  | modules.backtest.signal_backtest:run_signal_backtest:318 - valid_dates is empty for 2025-12-11
2026-06-25 21:19:59.014 | WARNING  | modules.backtest.signal_backtest:run_signal_backtest:318 - valid_dates is empty for 2025-12-12
2026-06-25 21:19:59.015 | WARNING  | modules.backtest.signal_backtest:run_signal_backtest:318 - valid_dates is empty for 2025-12-15
2026-06-25 21:19:59.016 | WARNING  | modules.backtest.signal_backtest:run_signal_backtest:318 - valid_dates is empty for 2025-12-16
2026-06-25 21:19:59.018 | WARNING  | modules.backtest.signal_backtest:run_signal_backtest:318 - valid_dates is empty for 2025-12-17
2026-06-25 21:19:59.019 | WARNING  | modules.backtest.signal_backtest:run_signal_backtest:318 - valid_dates is empty for 2025-12-18
2026-06-25 21:19:59.020 | WARNING  | modules.backtest.signal_backtest:run_signal_backtest:318 - valid_dates is empty for 2025-12-19
2026-06-25 21:19:59.021 | WARNING  | modules.backtest.signal_backtest:run_signal_backtest:318 - valid_dates is empty for 2025-12-22
2026-06-25 21:19:59.022 | WARNING  | modules.backtest.signal_backtest:run_signal_backtest:318 - valid_dates is empty for 2025-12-23
2026-06-25 21:19:59.024 | WARNING  | modules.backtest.signal_backtest:run_signal_backtest:318 - valid_dates is empty for 2025-12-24
2026-06-25 21:19:59.025 | WARNING  | modules.backtest.signal_backtest:run_signal_backtest:318 - valid_dates is empty for 2025-12-25
2026-06-25 21:19:59.026 | WARNING  | modules.backtest.signal_backtest:run_signal_backtest:318 - valid_dates is empty for 2025-12-26
2026-06-25 21:19:59.027 | WARNING  | modules.backtest.signal_backtest:run_signal_backtest:318 - valid_dates is empty for 2025-12-29
2026-06-25 21:19:59.028 | WARNING  | modules.backtest.signal_backtest:run_signal_backtest:318 - valid_dates is empty for 2025-12-30
2026-06-25 21:19:59.029 | WARNING  | modules.backtest.signal_backtest:run_signal_backtest:318 - valid_dates is empty for 2025-12-31
2026-06-25 21:19:59.030 | WARNING  | modules.backtest.signal_backtest:run_signal_backtest:318 - valid_dates is empty for 2026-01-05
2026-06-25 21:19:59.125 | WARNING  | modules.backtest.signal_backtest:run_signal_backtest:315 - valid_preds is empty for 2026-02-24
2026-06-25 21:19:59.380 | INFO     | modules.backtest.signal_backtest:run_signal_backtest:294 - Checking override for final day: 2026-06-25, day_idx=145, len=146
2026-06-25 21:19:59.396 | INFO     | modules.backtest.signal_backtest:_parse_reports:143 - Overrode pool for 2026-06-24 with curated 30 stocks
2026-06-25 21:20:00.848 | INFO     | modules.backtest.signal_backtest:run_signal_backtest:298 - live_res: {'status': 'success', 'date': '2026-06-25', 'prediction_date': '2026-06-23', 'data': [{'symbol': 'SZ300136', 'name': '信维通信', 'theme': '商业航天', 'score': 0.5049, 'original_score': 0.0033, 'em_rank': 30, 'ths_rank': '无', 'popularity': '人气股'}, {'symbol': 'SZ300308', 'name': '中际旭创', 'theme': '铋与战略金属管制深化', 'score': 0.5038, 'original_score': 0.0038, 'em_rank': 49, 'ths_rank': '无', 'popularity': '人气股'}, {'symbol': 'SH603678', 'name': '火炬电子', 'theme': 'AI硬件通胀链', 'score': 0.5033, 'original_score': 0.0033, 
2026-06-25 21:20:00.849 | INFO     | modules.backtest.signal_backtest:run_signal_backtest:303 - Final day override: using 5 live picks for 2026-06-25: ['SZ300136', 'SZ300308', 'SH603678', 'SH601869', 'SH600497']
2026-06-25 21:20:00.854 | INFO     | modules.backtest.signal_backtest:run_signal_backtest:806 - Backtest complete: 146 days, total return=108.03%, sharpe=2.441
2026-06-25 21:20:00.880 | INFO     | modules.backtest.service:run_signal_backtest_service:51 - Signal backtest completed and cached.
2026-06-25 21:20:00.881 | INFO     | modules.backtest.optimizer:optimize_top_k:37 - Result for K=5: Return=240.13%, Sharpe=2.441
2026-06-25 21:20:00.881 | INFO     | modules.backtest.optimizer:optimize_top_k:17 - ===> Testing K = 8
2026-06-25 21:20:00.881 | INFO     | modules.backtest.service:run_signal_backtest_service:39 - Running AI signal backtest... (ML Filter: True, Model: v3_open2close, Top K: 8, Exit: close)
2026-06-25 21:20:00.881 | INFO     | modules.backtest.signal_backtest:run_signal_backtest:194 - Parsing AI Morning Reports...
2026-06-25 21:20:00.896 | INFO     | modules.backtest.signal_backtest:_parse_reports:143 - Overrode pool for 2026-06-24 with curated 30 stocks
2026-06-25 21:20:00.897 | INFO     | modules.backtest.signal_backtest:run_signal_backtest:200 - Report dates: 2025-10-28 → 2026-06-25 (146 days)
2026-06-25 21:20:00.897 | INFO     | modules.backtest.signal_backtest:run_signal_backtest:206 - Total unique symbols: 1890
2026-06-25 21:20:00.897 | INFO     | modules.backtest.signal_backtest:run_signal_backtest:209 - Loading OHLCV data...
2026-06-25 21:20:03.134 | INFO     | modules.backtest.signal_backtest:run_signal_backtest:211 - Loaded prices for 1873 / 1890 symbols
2026-06-25 21:20:03.134 | INFO     | modules.backtest.signal_backtest:run_signal_backtest:219 - Loading ML predictions for filtering...
2026-06-25 21:20:03.137 | WARNING  | modules.backtest.signal_backtest:run_signal_backtest:318 - valid_dates is empty for 2025-10-28
2026-06-25 21:20:03.139 | WARNING  | modules.backtest.signal_backtest:run_signal_backtest:318 - valid_dates is empty for 2025-11-14
2026-06-25 21:20:03.140 | WARNING  | modules.backtest.signal_backtest:run_signal_backtest:318 - valid_dates is empty for 2025-11-17
2026-06-25 21:20:03.141 | WARNING  | modules.backtest.signal_backtest:run_signal_backtest:318 - valid_dates is empty for 2025-11-18
2026-06-25 21:20:03.142 | WARNING  | modules.backtest.signal_backtest:run_signal_backtest:318 - valid_dates is empty for 2025-11-19
2026-06-25 21:20:03.143 | WARNING  | modules.backtest.signal_backtest:run_signal_backtest:318 - valid_dates is empty for 2025-11-20
2026-06-25 21:20:03.145 | WARNING  | modules.backtest.signal_backtest:run_signal_backtest:318 - valid_dates is empty for 2025-11-24
2026-06-25 21:20:03.146 | WARNING  | modules.backtest.signal_backtest:run_signal_backtest:318 - valid_dates is empty for 2025-11-25
2026-06-25 21:20:03.147 | WARNING  | modules.backtest.signal_backtest:run_signal_backtest:318 - valid_dates is empty for 2025-11-26
2026-06-25 21:20:03.148 | WARNING  | modules.backtest.signal_backtest:run_signal_backtest:318 - valid_dates is empty for 2025-11-27
2026-06-25 21:20:03.149 | WARNING  | modules.backtest.signal_backtest:run_signal_backtest:318 - valid_dates is empty for 2025-11-28
2026-06-25 21:20:03.150 | WARNING  | modules.backtest.signal_backtest:run_signal_backtest:318 - valid_dates is empty for 2025-12-01
2026-06-25 21:20:03.151 | WARNING  | modules.backtest.signal_backtest:run_signal_backtest:318 - valid_dates is empty for 2025-12-02
2026-06-25 21:20:03.152 | WARNING  | modules.backtest.signal_backtest:run_signal_backtest:318 - valid_dates is empty for 2025-12-03
2026-06-25 21:20:03.153 | WARNING  | modules.backtest.signal_backtest:run_signal_backtest:318 - valid_dates is empty for 2025-12-04
2026-06-25 21:20:03.154 | WARNING  | modules.backtest.signal_backtest:run_signal_backtest:318 - valid_dates is empty for 2025-12-05
2026-06-25 21:20:03.156 | WARNING  | modules.backtest.signal_backtest:run_signal_backtest:318 - valid_dates is empty for 2025-12-08
2026-06-25 21:20:03.157 | WARNING  | modules.backtest.signal_backtest:run_signal_backtest:318 - valid_dates is empty for 2025-12-09
2026-06-25 21:20:03.158 | WARNING  | modules.backtest.signal_backtest:run_signal_backtest:318 - valid_dates is empty for 2025-12-10
2026-06-25 21:20:03.159 | WARNING  | modules.backtest.signal_backtest:run_signal_backtest:318 - valid_dates is empty for 2025-12-11
2026-06-25 21:20:03.160 | WARNING  | modules.backtest.signal_backtest:run_signal_backtest:318 - valid_dates is empty for 2025-12-12
2026-06-25 21:20:03.161 | WARNING  | modules.backtest.signal_backtest:run_signal_backtest:318 - valid_dates is empty for 2025-12-15
2026-06-25 21:20:03.162 | WARNING  | modules.backtest.signal_backtest:run_signal_backtest:318 - valid_dates is empty for 2025-12-16
2026-06-25 21:20:03.163 | WARNING  | modules.backtest.signal_backtest:run_signal_backtest:318 - valid_dates is empty for 2025-12-17
2026-06-25 21:20:03.164 | WARNING  | modules.backtest.signal_backtest:run_signal_backtest:318 - valid_dates is empty for 2025-12-18
2026-06-25 21:20:03.165 | WARNING  | modules.backtest.signal_backtest:run_signal_backtest:318 - valid_dates is empty for 2025-12-19
2026-06-25 21:20:03.166 | WARNING  | modules.backtest.signal_backtest:run_signal_backtest:318 - valid_dates is empty for 2025-12-22
2026-06-25 21:20:03.167 | WARNING  | modules.backtest.signal_backtest:run_signal_backtest:318 - valid_dates is empty for 2025-12-23
2026-06-25 21:20:03.168 | WARNING  | modules.backtest.signal_backtest:run_signal_backtest:318 - valid_dates is empty for 2025-12-24
2026-06-25 21:20:03.169 | WARNING  | modules.backtest.signal_backtest:run_signal_backtest:318 - valid_dates is empty for 2025-12-25
2026-06-25 21:20:03.171 | WARNING  | modules.backtest.signal_backtest:run_signal_backtest:318 - valid_dates is empty for 2025-12-26
2026-06-25 21:20:03.172 | WARNING  | modules.backtest.signal_backtest:run_signal_backtest:318 - valid_dates is empty for 2025-12-29
2026-06-25 21:20:03.173 | WARNING  | modules.backtest.signal_backtest:run_signal_backtest:318 - valid_dates is empty for 2025-12-30
2026-06-25 21:20:03.174 | WARNING  | modules.backtest.signal_backtest:run_signal_backtest:318 - valid_dates is empty for 2025-12-31
2026-06-25 21:20:03.175 | WARNING  | modules.backtest.signal_backtest:run_signal_backtest:318 - valid_dates is empty for 2026-01-05
2026-06-25 21:20:03.282 | WARNING  | modules.backtest.signal_backtest:run_signal_backtest:315 - valid_preds is empty for 2026-02-24
2026-06-25 21:20:03.570 | INFO     | modules.backtest.signal_backtest:run_signal_backtest:294 - Checking override for final day: 2026-06-25, day_idx=145, len=146
2026-06-25 21:20:03.586 | INFO     | modules.backtest.signal_backtest:_parse_reports:143 - Overrode pool for 2026-06-24 with curated 30 stocks
2026-06-25 21:20:05.043 | INFO     | modules.backtest.signal_backtest:run_signal_backtest:298 - live_res: {'status': 'success', 'date': '2026-06-25', 'prediction_date': '2026-06-23', 'data': [{'symbol': 'SZ300136', 'name': '信维通信', 'theme': '商业航天', 'score': 0.5049, 'original_score': 0.0033, 'em_rank': 30, 'ths_rank': '无', 'popularity': '人气股'}, {'symbol': 'SZ300308', 'name': '中际旭创', 'theme': '铋与战略金属管制深化', 'score': 0.5038, 'original_score': 0.0038, 'em_rank': 49, 'ths_rank': '无', 'popularity': '人气股'}, {'symbol': 'SH603678', 'name': '火炬电子', 'theme': 'AI硬件通胀链', 'score': 0.5033, 'original_score': 0.0033, 
2026-06-25 21:20:05.043 | INFO     | modules.backtest.signal_backtest:run_signal_backtest:303 - Final day override: using 8 live picks for 2026-06-25: ['SZ300136', 'SZ300308', 'SH603678', 'SH601869', 'SH600497', 'SH603989', 'SH603986', 'SZ002428']
2026-06-25 21:20:05.053 | INFO     | modules.backtest.signal_backtest:run_signal_backtest:806 - Backtest complete: 146 days, total return=79.49%, sharpe=2.080
2026-06-25 21:20:05.111 | INFO     | modules.backtest.service:run_signal_backtest_service:51 - Signal backtest completed and cached.
2026-06-25 21:20:05.112 | INFO     | modules.backtest.optimizer:optimize_top_k:37 - Result for K=8: Return=165.81%, Sharpe=2.08
2026-06-25 21:20:05.112 | INFO     | modules.backtest.optimizer:optimize_top_k:17 - ===> Testing K = 10
2026-06-25 21:20:05.112 | INFO     | modules.backtest.service:run_signal_backtest_service:39 - Running AI signal backtest... (ML Filter: True, Model: v3_open2close, Top K: 10, Exit: close)
2026-06-25 21:20:05.112 | INFO     | modules.backtest.signal_backtest:run_signal_backtest:194 - Parsing AI Morning Reports...
2026-06-25 21:20:05.128 | INFO     | modules.backtest.signal_backtest:_parse_reports:143 - Overrode pool for 2026-06-24 with curated 30 stocks
2026-06-25 21:20:05.129 | INFO     | modules.backtest.signal_backtest:run_signal_backtest:200 - Report dates: 2025-10-28 → 2026-06-25 (146 days)
2026-06-25 21:20:05.129 | INFO     | modules.backtest.signal_backtest:run_signal_backtest:206 - Total unique symbols: 1890
2026-06-25 21:20:05.129 | INFO     | modules.backtest.signal_backtest:run_signal_backtest:209 - Loading OHLCV data...
2026-06-25 21:20:07.424 | INFO     | modules.backtest.signal_backtest:run_signal_backtest:211 - Loaded prices for 1873 / 1890 symbols
2026-06-25 21:20:07.424 | INFO     | modules.backtest.signal_backtest:run_signal_backtest:219 - Loading ML predictions for filtering...
2026-06-25 21:20:07.426 | WARNING  | modules.backtest.signal_backtest:run_signal_backtest:318 - valid_dates is empty for 2025-10-28
2026-06-25 21:20:07.428 | WARNING  | modules.backtest.signal_backtest:run_signal_backtest:318 - valid_dates is empty for 2025-11-14
2026-06-25 21:20:07.429 | WARNING  | modules.backtest.signal_backtest:run_signal_backtest:318 - valid_dates is empty for 2025-11-17
2026-06-25 21:20:07.431 | WARNING  | modules.backtest.signal_backtest:run_signal_backtest:318 - valid_dates is empty for 2025-11-18
2026-06-25 21:20:07.432 | WARNING  | modules.backtest.signal_backtest:run_signal_backtest:318 - valid_dates is empty for 2025-11-19
2026-06-25 21:20:07.433 | WARNING  | modules.backtest.signal_backtest:run_signal_backtest:318 - valid_dates is empty for 2025-11-20
2026-06-25 21:20:07.434 | WARNING  | modules.backtest.signal_backtest:run_signal_backtest:318 - valid_dates is empty for 2025-11-24
2026-06-25 21:20:07.435 | WARNING  | modules.backtest.signal_backtest:run_signal_backtest:318 - valid_dates is empty for 2025-11-25
2026-06-25 21:20:07.436 | WARNING  | modules.backtest.signal_backtest:run_signal_backtest:318 - valid_dates is empty for 2025-11-26
2026-06-25 21:20:07.438 | WARNING  | modules.backtest.signal_backtest:run_signal_backtest:318 - valid_dates is empty for 2025-11-27
2026-06-25 21:20:07.439 | WARNING  | modules.backtest.signal_backtest:run_signal_backtest:318 - valid_dates is empty for 2025-11-28
2026-06-25 21:20:07.440 | WARNING  | modules.backtest.signal_backtest:run_signal_backtest:318 - valid_dates is empty for 2025-12-01
2026-06-25 21:20:07.441 | WARNING  | modules.backtest.signal_backtest:run_signal_backtest:318 - valid_dates is empty for 2025-12-02
2026-06-25 21:20:07.442 | WARNING  | modules.backtest.signal_backtest:run_signal_backtest:318 - valid_dates is empty for 2025-12-03
2026-06-25 21:20:07.443 | WARNING  | modules.backtest.signal_backtest:run_signal_backtest:318 - valid_dates is empty for 2025-12-04
2026-06-25 21:20:07.444 | WARNING  | modules.backtest.signal_backtest:run_signal_backtest:318 - valid_dates is empty for 2025-12-05
2026-06-25 21:20:07.445 | WARNING  | modules.backtest.signal_backtest:run_signal_backtest:318 - valid_dates is empty for 2025-12-08
2026-06-25 21:20:07.447 | WARNING  | modules.backtest.signal_backtest:run_signal_backtest:318 - valid_dates is empty for 2025-12-09
2026-06-25 21:20:07.449 | WARNING  | modules.backtest.signal_backtest:run_signal_backtest:318 - valid_dates is empty for 2025-12-10
2026-06-25 21:20:07.450 | WARNING  | modules.backtest.signal_backtest:run_signal_backtest:318 - valid_dates is empty for 2025-12-11
2026-06-25 21:20:07.451 | WARNING  | modules.backtest.signal_backtest:run_signal_backtest:318 - valid_dates is empty for 2025-12-12
2026-06-25 21:20:07.453 | WARNING  | modules.backtest.signal_backtest:run_signal_backtest:318 - valid_dates is empty for 2025-12-15
2026-06-25 21:20:07.454 | WARNING  | modules.backtest.signal_backtest:run_signal_backtest:318 - valid_dates is empty for 2025-12-16
2026-06-25 21:20:07.455 | WARNING  | modules.backtest.signal_backtest:run_signal_backtest:318 - valid_dates is empty for 2025-12-17
2026-06-25 21:20:07.456 | WARNING  | modules.backtest.signal_backtest:run_signal_backtest:318 - valid_dates is empty for 2025-12-18
2026-06-25 21:20:07.457 | WARNING  | modules.backtest.signal_backtest:run_signal_backtest:318 - valid_dates is empty for 2025-12-19
2026-06-25 21:20:07.458 | WARNING  | modules.backtest.signal_backtest:run_signal_backtest:318 - valid_dates is empty for 2025-12-22
2026-06-25 21:20:07.459 | WARNING  | modules.backtest.signal_backtest:run_signal_backtest:318 - valid_dates is empty for 2025-12-23
2026-06-25 21:20:07.460 | WARNING  | modules.backtest.signal_backtest:run_signal_backtest:318 - valid_dates is empty for 2025-12-24
2026-06-25 21:20:07.462 | WARNING  | modules.backtest.signal_backtest:run_signal_backtest:318 - valid_dates is empty for 2025-12-25
2026-06-25 21:20:07.463 | WARNING  | modules.backtest.signal_backtest:run_signal_backtest:318 - valid_dates is empty for 2025-12-26
2026-06-25 21:20:07.464 | WARNING  | modules.backtest.signal_backtest:run_signal_backtest:318 - valid_dates is empty for 2025-12-29
2026-06-25 21:20:07.466 | WARNING  | modules.backtest.signal_backtest:run_signal_backtest:318 - valid_dates is empty for 2025-12-30
2026-06-25 21:20:07.468 | WARNING  | modules.backtest.signal_backtest:run_signal_backtest:318 - valid_dates is empty for 2025-12-31
2026-06-25 21:20:07.469 | WARNING  | modules.backtest.signal_backtest:run_signal_backtest:318 - valid_dates is empty for 2026-01-05
2026-06-25 21:20:07.593 | WARNING  | modules.backtest.signal_backtest:run_signal_backtest:315 - valid_preds is empty for 2026-02-24
2026-06-25 21:20:07.914 | INFO     | modules.backtest.signal_backtest:run_signal_backtest:294 - Checking override for final day: 2026-06-25, day_idx=145, len=146
2026-06-25 21:20:07.929 | INFO     | modules.backtest.signal_backtest:_parse_reports:143 - Overrode pool for 2026-06-24 with curated 30 stocks
2026-06-25 21:20:09.460 | INFO     | modules.backtest.signal_backtest:run_signal_backtest:298 - live_res: {'status': 'success', 'date': '2026-06-25', 'prediction_date': '2026-06-23', 'data': [{'symbol': 'SZ300136', 'name': '信维通信', 'theme': '商业航天', 'score': 0.5049, 'original_score': 0.0033, 'em_rank': 30, 'ths_rank': '无', 'popularity': '人气股'}, {'symbol': 'SZ300308', 'name': '中际旭创', 'theme': '铋与战略金属管制深化', 'score': 0.5038, 'original_score': 0.0038, 'em_rank': 49, 'ths_rank': '无', 'popularity': '人气股'}, {'symbol': 'SH603678', 'name': '火炬电子', 'theme': 'AI硬件通胀链', 'score': 0.5033, 'original_score': 0.0033, 
2026-06-25 21:20:09.460 | INFO     | modules.backtest.signal_backtest:run_signal_backtest:303 - Final day override: using 10 live picks for 2026-06-25: ['SZ300136', 'SZ300308', 'SH603678', 'SH601869', 'SH600497', 'SH603989', 'SH603986', 'SZ002428', 'SZ002409', 'SH603938']
2026-06-25 21:20:09.478 | INFO     | modules.backtest.signal_backtest:run_signal_backtest:806 - Backtest complete: 146 days, total return=63.19%, sharpe=1.856
2026-06-25 21:20:09.528 | INFO     | modules.backtest.service:run_signal_backtest_service:51 - Signal backtest completed and cached.
2026-06-25 21:20:09.529 | INFO     | modules.backtest.optimizer:optimize_top_k:37 - Result for K=10: Return=126.72%, Sharpe=1.856
2026-06-25 21:20:09.529 | INFO     | modules.backtest.optimizer:optimize_top_k:17 - ===> Testing K = 15
2026-06-25 21:20:09.529 | INFO     | modules.backtest.service:run_signal_backtest_service:39 - Running AI signal backtest... (ML Filter: True, Model: v3_open2close, Top K: 15, Exit: close)
2026-06-25 21:20:09.529 | INFO     | modules.backtest.signal_backtest:run_signal_backtest:194 - Parsing AI Morning Reports...
2026-06-25 21:20:09.544 | INFO     | modules.backtest.signal_backtest:_parse_reports:143 - Overrode pool for 2026-06-24 with curated 30 stocks
2026-06-25 21:20:09.545 | INFO     | modules.backtest.signal_backtest:run_signal_backtest:200 - Report dates: 2025-10-28 → 2026-06-25 (146 days)
2026-06-25 21:20:09.545 | INFO     | modules.backtest.signal_backtest:run_signal_backtest:206 - Total unique symbols: 1890
2026-06-25 21:20:09.545 | INFO     | modules.backtest.signal_backtest:run_signal_backtest:209 - Loading OHLCV data...
2026-06-25 21:20:11.672 | INFO     | modules.backtest.signal_backtest:run_signal_backtest:211 - Loaded prices for 1873 / 1890 symbols
2026-06-25 21:20:11.672 | INFO     | modules.backtest.signal_backtest:run_signal_backtest:219 - Loading ML predictions for filtering...
2026-06-25 21:20:11.674 | WARNING  | modules.backtest.signal_backtest:run_signal_backtest:318 - valid_dates is empty for 2025-10-28
2026-06-25 21:20:11.676 | WARNING  | modules.backtest.signal_backtest:run_signal_backtest:318 - valid_dates is empty for 2025-11-14
2026-06-25 21:20:11.677 | WARNING  | modules.backtest.signal_backtest:run_signal_backtest:318 - valid_dates is empty for 2025-11-17
2026-06-25 21:20:11.678 | WARNING  | modules.backtest.signal_backtest:run_signal_backtest:318 - valid_dates is empty for 2025-11-18
2026-06-25 21:20:11.679 | WARNING  | modules.backtest.signal_backtest:run_signal_backtest:318 - valid_dates is empty for 2025-11-19
2026-06-25 21:20:11.680 | WARNING  | modules.backtest.signal_backtest:run_signal_backtest:318 - valid_dates is empty for 2025-11-20
2026-06-25 21:20:11.681 | WARNING  | modules.backtest.signal_backtest:run_signal_backtest:318 - valid_dates is empty for 2025-11-24
2026-06-25 21:20:11.682 | WARNING  | modules.backtest.signal_backtest:run_signal_backtest:318 - valid_dates is empty for 2025-11-25
2026-06-25 21:20:11.683 | WARNING  | modules.backtest.signal_backtest:run_signal_backtest:318 - valid_dates is empty for 2025-11-26
2026-06-25 21:20:11.684 | WARNING  | modules.backtest.signal_backtest:run_signal_backtest:318 - valid_dates is empty for 2025-11-27
2026-06-25 21:20:11.685 | WARNING  | modules.backtest.signal_backtest:run_signal_backtest:318 - valid_dates is empty for 2025-11-28
2026-06-25 21:20:11.687 | WARNING  | modules.backtest.signal_backtest:run_signal_backtest:318 - valid_dates is empty for 2025-12-01
2026-06-25 21:20:11.688 | WARNING  | modules.backtest.signal_backtest:run_signal_backtest:318 - valid_dates is empty for 2025-12-02
2026-06-25 21:20:11.689 | WARNING  | modules.backtest.signal_backtest:run_signal_backtest:318 - valid_dates is empty for 2025-12-03
2026-06-25 21:20:11.690 | WARNING  | modules.backtest.signal_backtest:run_signal_backtest:318 - valid_dates is empty for 2025-12-04
2026-06-25 21:20:11.691 | WARNING  | modules.backtest.signal_backtest:run_signal_backtest:318 - valid_dates is empty for 2025-12-05
2026-06-25 21:20:11.692 | WARNING  | modules.backtest.signal_backtest:run_signal_backtest:318 - valid_dates is empty for 2025-12-08
2026-06-25 21:20:11.693 | WARNING  | modules.backtest.signal_backtest:run_signal_backtest:318 - valid_dates is empty for 2025-12-09
2026-06-25 21:20:11.694 | WARNING  | modules.backtest.signal_backtest:run_signal_backtest:318 - valid_dates is empty for 2025-12-10
2026-06-25 21:20:11.695 | WARNING  | modules.backtest.signal_backtest:run_signal_backtest:318 - valid_dates is empty for 2025-12-11
2026-06-25 21:20:11.696 | WARNING  | modules.backtest.signal_backtest:run_signal_backtest:318 - valid_dates is empty for 2025-12-12
2026-06-25 21:20:11.697 | WARNING  | modules.backtest.signal_backtest:run_signal_backtest:318 - valid_dates is empty for 2025-12-15
2026-06-25 21:20:11.698 | WARNING  | modules.backtest.signal_backtest:run_signal_backtest:318 - valid_dates is empty for 2025-12-16
2026-06-25 21:20:11.699 | WARNING  | modules.backtest.signal_backtest:run_signal_backtest:318 - valid_dates is empty for 2025-12-17
2026-06-25 21:20:11.700 | WARNING  | modules.backtest.signal_backtest:run_signal_backtest:318 - valid_dates is empty for 2025-12-18
2026-06-25 21:20:11.702 | WARNING  | modules.backtest.signal_backtest:run_signal_backtest:318 - valid_dates is empty for 2025-12-19
2026-06-25 21:20:11.703 | WARNING  | modules.backtest.signal_backtest:run_signal_backtest:318 - valid_dates is empty for 2025-12-22
2026-06-25 21:20:11.704 | WARNING  | modules.backtest.signal_backtest:run_signal_backtest:318 - valid_dates is empty for 2025-12-23
2026-06-25 21:20:11.705 | WARNING  | modules.backtest.signal_backtest:run_signal_backtest:318 - valid_dates is empty for 2025-12-24
2026-06-25 21:20:11.706 | WARNING  | modules.backtest.signal_backtest:run_signal_backtest:318 - valid_dates is empty for 2025-12-25
2026-06-25 21:20:11.707 | WARNING  | modules.backtest.signal_backtest:run_signal_backtest:318 - valid_dates is empty for 2025-12-26
2026-06-25 21:20:11.708 | WARNING  | modules.backtest.signal_backtest:run_signal_backtest:318 - valid_dates is empty for 2025-12-29
2026-06-25 21:20:11.709 | WARNING  | modules.backtest.signal_backtest:run_signal_backtest:318 - valid_dates is empty for 2025-12-30
2026-06-25 21:20:11.710 | WARNING  | modules.backtest.signal_backtest:run_signal_backtest:318 - valid_dates is empty for 2025-12-31
2026-06-25 21:20:11.711 | WARNING  | modules.backtest.signal_backtest:run_signal_backtest:318 - valid_dates is empty for 2026-01-05
2026-06-25 21:20:11.873 | WARNING  | modules.backtest.signal_backtest:run_signal_backtest:315 - valid_preds is empty for 2026-02-24
2026-06-25 21:20:12.295 | INFO     | modules.backtest.signal_backtest:run_signal_backtest:294 - Checking override for final day: 2026-06-25, day_idx=145, len=146
2026-06-25 21:20:12.310 | INFO     | modules.backtest.signal_backtest:_parse_reports:143 - Overrode pool for 2026-06-24 with curated 30 stocks
2026-06-25 21:20:13.789 | INFO     | modules.backtest.signal_backtest:run_signal_backtest:298 - live_res: {'status': 'success', 'date': '2026-06-25', 'prediction_date': '2026-06-23', 'data': [{'symbol': 'SZ300136', 'name': '信维通信', 'theme': '商业航天', 'score': 0.5049, 'original_score': 0.0033, 'em_rank': 30, 'ths_rank': '无', 'popularity': '人气股'}, {'symbol': 'SZ300308', 'name': '中际旭创', 'theme': '铋与战略金属管制深化', 'score': 0.5038, 'original_score': 0.0038, 'em_rank': 49, 'ths_rank': '无', 'popularity': '人气股'}, {'symbol': 'SH603678', 'name': '火炬电子', 'theme': 'AI硬件通胀链', 'score': 0.5033, 'original_score': 0.0033, 
2026-06-25 21:20:13.790 | INFO     | modules.backtest.signal_backtest:run_signal_backtest:303 - Final day override: using 15 live picks for 2026-06-25: ['SZ300136', 'SZ300308', 'SH603678', 'SH601869', 'SH600497', 'SH603989', 'SH603986', 'SZ002428', 'SZ002409', 'SH603938', 'SH600667', 'SZ300065', 'SZ002342', 'SZ300007', 'SZ002149']
2026-06-25 21:20:13.810 | INFO     | modules.backtest.signal_backtest:run_signal_backtest:806 - Backtest complete: 146 days, total return=86.84%, sharpe=2.393
2026-06-25 21:20:13.868 | INFO     | modules.backtest.service:run_signal_backtest_service:51 - Signal backtest completed and cached.
2026-06-25 21:20:13.869 | INFO     | modules.backtest.optimizer:optimize_top_k:37 - Result for K=15: Return=184.25%, Sharpe=2.393
2026-06-25 21:20:13.869 | INFO     | modules.backtest.optimizer:optimize_top_k:47 - Grid search complete. Results saved to /Users/walox/qlib/data/cn_stock/backtest_ohlcv/v3_open2close_optimize_k_results.csv
GRID SEARCH COMPLETE. Results saved.
|    |   K | Annual Return   | Max Drawdown   |   Sharpe Ratio | Win Rate   | Model         |
|---:|----:|:----------------|:---------------|---------------:|:-----------|:--------------|
| 10 |   3 | 496.72%         | -27.49%        |          3.093 | 45.21%     | v3_open2close |
| 11 |   5 | 240.13%         | -23.50%        |          2.441 | 46.58%     | v3_open2close |
| 14 |  15 | 184.25%         | -20.91%        |          2.393 | 47.95%     | v3_open2close |
| 12 |   8 | 165.81%         | -28.25%        |          2.08  | 48.63%     | v3_open2close |
|  2 |   8 | 147.74%         | -30.68%        |          2.267 | 53.42%     | v1_default    |
| 13 |  10 | 126.72%         | -30.81%        |          1.856 | 47.26%     | v3_open2close |
|  3 |  10 | 99.97%          | -31.44%        |          1.869 | 52.74%     | v1_default    |
|  6 |   5 | 87.28%          | -24.72%        |          1.634 | 41.10%     | v2_open2open  |
|  8 |  10 | 81.34%          | -20.89%        |          1.829 | 39.73%     | v2_open2open  |
|  5 |   3 | 76.32%          | -26.72%        |          1.266 | 41.10%     | v2_open2open  |
|  7 |   8 | 71.46%          | -23.46%        |          1.542 | 40.41%     | v2_open2open  |
|  1 |   5 | 59.93%          | -37.32%        |          1.158 | 50.68%     | v1_default    |
|  4 |  15 | 59.09%          | -33.97%        |          1.406 | 50.68%     | v1_default    |
|  9 |  15 | 51.01%          | -20.10%        |          1.465 | 43.15%     | v2_open2open  |
|  0 |   3 | -10.24%         | -56.11%        |          0.184 | 50.68%     | v1_default    |
