2026-06-25 19:32:52.393 | INFO     | modules.backtest.optimizer:optimize_top_k:12 - Starting Top K Grid Search for model: v1_default with Ks: [3, 5, 8, 10, 15]
2026-06-25 19:32:52.393 | INFO     | modules.backtest.optimizer:optimize_top_k:17 - ===> Testing K = 3
2026-06-25 19:32:52.395 | INFO     | modules.backtest.service:run_signal_backtest_service:39 - Running AI signal backtest... (ML Filter: True, Model: v1_default, Top K: 3, Exit: open)
2026-06-25 19:32:52.395 | INFO     | modules.backtest.signal_backtest:run_signal_backtest:194 - Parsing AI Morning Reports...
2026-06-25 19:32:52.437 | INFO     | modules.backtest.signal_backtest:_parse_reports:143 - Overrode pool for 2026-06-24 with curated 30 stocks
2026-06-25 19:32:52.438 | INFO     | modules.backtest.signal_backtest:run_signal_backtest:200 - Report dates: 2025-10-28 → 2026-06-25 (146 days)
2026-06-25 19:32:52.438 | INFO     | modules.backtest.signal_backtest:run_signal_backtest:206 - Total unique symbols: 1890
2026-06-25 19:32:52.438 | INFO     | modules.backtest.signal_backtest:run_signal_backtest:209 - Loading OHLCV data...
2026-06-25 19:32:54.637 | INFO     | modules.backtest.signal_backtest:run_signal_backtest:211 - Loaded prices for 1873 / 1890 symbols
2026-06-25 19:32:54.637 | INFO     | modules.backtest.signal_backtest:run_signal_backtest:219 - Loading ML predictions for filtering...
2026-06-25 19:32:54.643 | WARNING  | modules.backtest.signal_backtest:run_signal_backtest:318 - valid_dates is empty for 2025-10-28
2026-06-25 19:32:55.123 | INFO     | modules.backtest.signal_backtest:run_signal_backtest:294 - Checking override for final day: 2026-06-25, day_idx=145, len=146
2026-06-25 19:32:55.137 | INFO     | modules.backtest.signal_backtest:_parse_reports:143 - Overrode pool for 2026-06-24 with curated 30 stocks
2026-06-25 19:33:03.249 | INFO     | modules.backtest.signal_backtest:run_signal_backtest:298 - live_res: {'status': 'success', 'date': '2026-06-25', 'prediction_date': '2026-06-23', 'data': [{'symbol': 'SH603938', 'name': '三孚股份', 'theme': 'AI光互连与材料革新', 'score': 0.5271, 'original_score': 0.018, 'em_rank': 148, 'ths_rank': '无', 'popularity': '人气股'}, {'symbol': 'SH601869', 'name': '长飞光纤', 'theme': 'AI光互连与材料革新', 'score': 0.5204, 'original_score': 0.0136, 'em_rank': 78, 'ths_rank': '无', 'popularity': '人气股'}, {'symbol': 'SZ300136', 'name': '信维通信', 'theme': '商业航天', 'score': 0.5041, 'original_score': 0.002
2026-06-25 19:33:03.249 | INFO     | modules.backtest.signal_backtest:run_signal_backtest:303 - Final day override: using 3 live picks for 2026-06-25: ['SH603938', 'SH601869', 'SZ300136']
2026-06-25 19:33:03.258 | INFO     | modules.backtest.signal_backtest:run_signal_backtest:764 - Backtest complete: 146 days, total return=-6.26%, sharpe=0.184
2026-06-25 19:33:03.294 | INFO     | modules.backtest.service:run_signal_backtest_service:51 - Signal backtest completed and cached.
2026-06-25 19:33:03.294 | INFO     | modules.backtest.optimizer:optimize_top_k:37 - Result for K=3: Return=-10.24%, Sharpe=0.184
2026-06-25 19:33:03.294 | INFO     | modules.backtest.optimizer:optimize_top_k:17 - ===> Testing K = 5
2026-06-25 19:33:03.294 | INFO     | modules.backtest.service:run_signal_backtest_service:39 - Running AI signal backtest... (ML Filter: True, Model: v1_default, Top K: 5, Exit: open)
2026-06-25 19:33:03.295 | INFO     | modules.backtest.signal_backtest:run_signal_backtest:194 - Parsing AI Morning Reports...
2026-06-25 19:33:03.310 | INFO     | modules.backtest.signal_backtest:_parse_reports:143 - Overrode pool for 2026-06-24 with curated 30 stocks
2026-06-25 19:33:03.310 | INFO     | modules.backtest.signal_backtest:run_signal_backtest:200 - Report dates: 2025-10-28 → 2026-06-25 (146 days)
2026-06-25 19:33:03.312 | INFO     | modules.backtest.signal_backtest:run_signal_backtest:206 - Total unique symbols: 1890
2026-06-25 19:33:03.312 | INFO     | modules.backtest.signal_backtest:run_signal_backtest:209 - Loading OHLCV data...
2026-06-25 19:33:05.517 | INFO     | modules.backtest.signal_backtest:run_signal_backtest:211 - Loaded prices for 1873 / 1890 symbols
2026-06-25 19:33:05.517 | INFO     | modules.backtest.signal_backtest:run_signal_backtest:219 - Loading ML predictions for filtering...
2026-06-25 19:33:05.521 | WARNING  | modules.backtest.signal_backtest:run_signal_backtest:318 - valid_dates is empty for 2025-10-28
2026-06-25 19:33:06.046 | INFO     | modules.backtest.signal_backtest:run_signal_backtest:294 - Checking override for final day: 2026-06-25, day_idx=145, len=146
2026-06-25 19:33:06.093 | INFO     | modules.backtest.signal_backtest:_parse_reports:143 - Overrode pool for 2026-06-24 with curated 30 stocks
2026-06-25 19:33:14.745 | INFO     | modules.backtest.signal_backtest:run_signal_backtest:298 - live_res: {'status': 'success', 'date': '2026-06-25', 'prediction_date': '2026-06-23', 'data': [{'symbol': 'SH603938', 'name': '三孚股份', 'theme': 'AI光互连与材料革新', 'score': 0.5271, 'original_score': 0.018, 'em_rank': 148, 'ths_rank': '无', 'popularity': '人气股'}, {'symbol': 'SH601869', 'name': '长飞光纤', 'theme': 'AI光互连与材料革新', 'score': 0.5204, 'original_score': 0.0136, 'em_rank': 78, 'ths_rank': '无', 'popularity': '人气股'}, {'symbol': 'SZ300136', 'name': '信维通信', 'theme': '商业航天', 'score': 0.5041, 'original_score': 0.002
2026-06-25 19:33:14.745 | INFO     | modules.backtest.signal_backtest:run_signal_backtest:303 - Final day override: using 5 live picks for 2026-06-25: ['SH603938', 'SH601869', 'SZ300136', 'SZ002254', 'SH605366']
2026-06-25 19:33:14.757 | INFO     | modules.backtest.signal_backtest:run_signal_backtest:764 - Backtest complete: 146 days, total return=32.44%, sharpe=1.158
2026-06-25 19:33:14.803 | INFO     | modules.backtest.service:run_signal_backtest_service:51 - Signal backtest completed and cached.
2026-06-25 19:33:14.803 | INFO     | modules.backtest.optimizer:optimize_top_k:37 - Result for K=5: Return=59.93%, Sharpe=1.158
2026-06-25 19:33:14.803 | INFO     | modules.backtest.optimizer:optimize_top_k:17 - ===> Testing K = 8
2026-06-25 19:33:14.803 | INFO     | modules.backtest.service:run_signal_backtest_service:39 - Running AI signal backtest... (ML Filter: True, Model: v1_default, Top K: 8, Exit: open)
2026-06-25 19:33:14.803 | INFO     | modules.backtest.signal_backtest:run_signal_backtest:194 - Parsing AI Morning Reports...
2026-06-25 19:33:14.819 | INFO     | modules.backtest.signal_backtest:_parse_reports:143 - Overrode pool for 2026-06-24 with curated 30 stocks
2026-06-25 19:33:14.819 | INFO     | modules.backtest.signal_backtest:run_signal_backtest:200 - Report dates: 2025-10-28 → 2026-06-25 (146 days)
2026-06-25 19:33:14.819 | INFO     | modules.backtest.signal_backtest:run_signal_backtest:206 - Total unique symbols: 1890
2026-06-25 19:33:14.819 | INFO     | modules.backtest.signal_backtest:run_signal_backtest:209 - Loading OHLCV data...
2026-06-25 19:33:16.661 | INFO     | modules.backtest.signal_backtest:run_signal_backtest:211 - Loaded prices for 1873 / 1890 symbols
2026-06-25 19:33:16.661 | INFO     | modules.backtest.signal_backtest:run_signal_backtest:219 - Loading ML predictions for filtering...
2026-06-25 19:33:16.665 | WARNING  | modules.backtest.signal_backtest:run_signal_backtest:318 - valid_dates is empty for 2025-10-28
2026-06-25 19:33:17.310 | INFO     | modules.backtest.signal_backtest:run_signal_backtest:294 - Checking override for final day: 2026-06-25, day_idx=145, len=146
2026-06-25 19:33:17.325 | INFO     | modules.backtest.signal_backtest:_parse_reports:143 - Overrode pool for 2026-06-24 with curated 30 stocks
2026-06-25 19:33:25.475 | INFO     | modules.backtest.signal_backtest:run_signal_backtest:298 - live_res: {'status': 'success', 'date': '2026-06-25', 'prediction_date': '2026-06-23', 'data': [{'symbol': 'SH603938', 'name': '三孚股份', 'theme': 'AI光互连与材料革新', 'score': 0.5271, 'original_score': 0.018, 'em_rank': 148, 'ths_rank': '无', 'popularity': '人气股'}, {'symbol': 'SH601869', 'name': '长飞光纤', 'theme': 'AI光互连与材料革新', 'score': 0.5204, 'original_score': 0.0136, 'em_rank': 78, 'ths_rank': '无', 'popularity': '人气股'}, {'symbol': 'SZ300136', 'name': '信维通信', 'theme': '商业航天', 'score': 0.5041, 'original_score': 0.002
2026-06-25 19:33:25.475 | INFO     | modules.backtest.signal_backtest:run_signal_backtest:303 - Final day override: using 8 live picks for 2026-06-25: ['SH603938', 'SH601869', 'SZ300136', 'SZ002254', 'SH605366', 'SH603678', 'SH600584', 'SZ000725']
2026-06-25 19:33:25.490 | INFO     | modules.backtest.signal_backtest:run_signal_backtest:764 - Backtest complete: 146 days, total return=72.09%, sharpe=2.267
2026-06-25 19:33:25.538 | INFO     | modules.backtest.service:run_signal_backtest_service:51 - Signal backtest completed and cached.
2026-06-25 19:33:25.539 | INFO     | modules.backtest.optimizer:optimize_top_k:37 - Result for K=8: Return=147.74%, Sharpe=2.267
2026-06-25 19:33:25.539 | INFO     | modules.backtest.optimizer:optimize_top_k:17 - ===> Testing K = 10
2026-06-25 19:33:25.539 | INFO     | modules.backtest.service:run_signal_backtest_service:39 - Running AI signal backtest... (ML Filter: True, Model: v1_default, Top K: 10, Exit: open)
2026-06-25 19:33:25.539 | INFO     | modules.backtest.signal_backtest:run_signal_backtest:194 - Parsing AI Morning Reports...
2026-06-25 19:33:25.554 | INFO     | modules.backtest.signal_backtest:_parse_reports:143 - Overrode pool for 2026-06-24 with curated 30 stocks
2026-06-25 19:33:25.555 | INFO     | modules.backtest.signal_backtest:run_signal_backtest:200 - Report dates: 2025-10-28 → 2026-06-25 (146 days)
2026-06-25 19:33:25.555 | INFO     | modules.backtest.signal_backtest:run_signal_backtest:206 - Total unique symbols: 1890
2026-06-25 19:33:25.555 | INFO     | modules.backtest.signal_backtest:run_signal_backtest:209 - Loading OHLCV data...
2026-06-25 19:33:27.432 | INFO     | modules.backtest.signal_backtest:run_signal_backtest:211 - Loaded prices for 1873 / 1890 symbols
2026-06-25 19:33:27.432 | INFO     | modules.backtest.signal_backtest:run_signal_backtest:219 - Loading ML predictions for filtering...
2026-06-25 19:33:27.436 | WARNING  | modules.backtest.signal_backtest:run_signal_backtest:318 - valid_dates is empty for 2025-10-28
2026-06-25 19:33:28.182 | INFO     | modules.backtest.signal_backtest:run_signal_backtest:294 - Checking override for final day: 2026-06-25, day_idx=145, len=146
2026-06-25 19:33:28.196 | INFO     | modules.backtest.signal_backtest:_parse_reports:143 - Overrode pool for 2026-06-24 with curated 30 stocks
2026-06-25 19:33:36.454 | INFO     | modules.backtest.signal_backtest:run_signal_backtest:298 - live_res: {'status': 'success', 'date': '2026-06-25', 'prediction_date': '2026-06-23', 'data': [{'symbol': 'SH603938', 'name': '三孚股份', 'theme': 'AI光互连与材料革新', 'score': 0.5271, 'original_score': 0.018, 'em_rank': 148, 'ths_rank': '无', 'popularity': '人气股'}, {'symbol': 'SH601869', 'name': '长飞光纤', 'theme': 'AI光互连与材料革新', 'score': 0.5204, 'original_score': 0.0136, 'em_rank': 78, 'ths_rank': '无', 'popularity': '人气股'}, {'symbol': 'SZ300136', 'name': '信维通信', 'theme': '商业航天', 'score': 0.5041, 'original_score': 0.002
2026-06-25 19:33:36.454 | INFO     | modules.backtest.signal_backtest:run_signal_backtest:303 - Final day override: using 10 live picks for 2026-06-25: ['SH603938', 'SH601869', 'SZ300136', 'SZ002254', 'SH605366', 'SH603678', 'SH600584', 'SZ000725', 'SZ000636', 'SZ002342']
2026-06-25 19:33:36.471 | INFO     | modules.backtest.signal_backtest:run_signal_backtest:764 - Backtest complete: 146 days, total return=51.39%, sharpe=1.869
2026-06-25 19:33:36.529 | INFO     | modules.backtest.service:run_signal_backtest_service:51 - Signal backtest completed and cached.
2026-06-25 19:33:36.530 | INFO     | modules.backtest.optimizer:optimize_top_k:37 - Result for K=10: Return=99.97%, Sharpe=1.869
2026-06-25 19:33:36.530 | INFO     | modules.backtest.optimizer:optimize_top_k:17 - ===> Testing K = 15
2026-06-25 19:33:36.530 | INFO     | modules.backtest.service:run_signal_backtest_service:39 - Running AI signal backtest... (ML Filter: True, Model: v1_default, Top K: 15, Exit: open)
2026-06-25 19:33:36.530 | INFO     | modules.backtest.signal_backtest:run_signal_backtest:194 - Parsing AI Morning Reports...
2026-06-25 19:33:36.544 | INFO     | modules.backtest.signal_backtest:_parse_reports:143 - Overrode pool for 2026-06-24 with curated 30 stocks
2026-06-25 19:33:36.545 | INFO     | modules.backtest.signal_backtest:run_signal_backtest:200 - Report dates: 2025-10-28 → 2026-06-25 (146 days)
2026-06-25 19:33:36.545 | INFO     | modules.backtest.signal_backtest:run_signal_backtest:206 - Total unique symbols: 1890
2026-06-25 19:33:36.545 | INFO     | modules.backtest.signal_backtest:run_signal_backtest:209 - Loading OHLCV data...
2026-06-25 19:33:38.403 | INFO     | modules.backtest.signal_backtest:run_signal_backtest:211 - Loaded prices for 1873 / 1890 symbols
2026-06-25 19:33:38.403 | INFO     | modules.backtest.signal_backtest:run_signal_backtest:219 - Loading ML predictions for filtering...
2026-06-25 19:33:38.407 | WARNING  | modules.backtest.signal_backtest:run_signal_backtest:318 - valid_dates is empty for 2025-10-28
2026-06-25 19:33:39.299 | INFO     | modules.backtest.signal_backtest:run_signal_backtest:294 - Checking override for final day: 2026-06-25, day_idx=145, len=146
2026-06-25 19:33:39.313 | INFO     | modules.backtest.signal_backtest:_parse_reports:143 - Overrode pool for 2026-06-24 with curated 30 stocks
2026-06-25 19:33:47.210 | INFO     | modules.backtest.signal_backtest:run_signal_backtest:298 - live_res: {'status': 'success', 'date': '2026-06-25', 'prediction_date': '2026-06-23', 'data': [{'symbol': 'SH603938', 'name': '三孚股份', 'theme': 'AI光互连与材料革新', 'score': 0.5271, 'original_score': 0.018, 'em_rank': 148, 'ths_rank': '无', 'popularity': '人气股'}, {'symbol': 'SH601869', 'name': '长飞光纤', 'theme': 'AI光互连与材料革新', 'score': 0.5204, 'original_score': 0.0136, 'em_rank': 78, 'ths_rank': '无', 'popularity': '人气股'}, {'symbol': 'SZ300136', 'name': '信维通信', 'theme': '商业航天', 'score': 0.5041, 'original_score': 0.002
2026-06-25 19:33:47.210 | INFO     | modules.backtest.signal_backtest:run_signal_backtest:303 - Final day override: using 15 live picks for 2026-06-25: ['SH603938', 'SH601869', 'SZ300136', 'SZ002254', 'SH605366', 'SH603678', 'SH600584', 'SZ000725', 'SZ000636', 'SZ002342', 'SZ002149', 'SZ300065', 'SZ301005', 'SZ300007', 'SZ300900']
2026-06-25 19:33:47.227 | INFO     | modules.backtest.signal_backtest:run_signal_backtest:764 - Backtest complete: 146 days, total return=32.03%, sharpe=1.406
2026-06-25 19:33:47.293 | INFO     | modules.backtest.service:run_signal_backtest_service:51 - Signal backtest completed and cached.
2026-06-25 19:33:47.294 | INFO     | modules.backtest.optimizer:optimize_top_k:37 - Result for K=15: Return=59.09%, Sharpe=1.406
2026-06-25 19:33:47.297 | INFO     | modules.backtest.optimizer:optimize_top_k:47 - Grid search complete. Results saved to /Users/walox/qlib/data/cn_stock/backtest_ohlcv/v1_default_optimize_k_results.csv
2026-06-25 19:33:47.298 | INFO     | modules.backtest.optimizer:optimize_top_k:12 - Starting Top K Grid Search for model: v2_open2open with Ks: [3, 5, 8, 10, 15]
2026-06-25 19:33:47.298 | INFO     | modules.backtest.optimizer:optimize_top_k:17 - ===> Testing K = 3
2026-06-25 19:33:47.298 | INFO     | modules.backtest.service:run_signal_backtest_service:39 - Running AI signal backtest... (ML Filter: True, Model: v2_open2open, Top K: 3, Exit: open)
2026-06-25 19:33:47.298 | INFO     | modules.backtest.signal_backtest:run_signal_backtest:194 - Parsing AI Morning Reports...
2026-06-25 19:33:47.312 | INFO     | modules.backtest.signal_backtest:_parse_reports:143 - Overrode pool for 2026-06-24 with curated 30 stocks
2026-06-25 19:33:47.312 | INFO     | modules.backtest.signal_backtest:run_signal_backtest:200 - Report dates: 2025-10-28 → 2026-06-25 (146 days)
2026-06-25 19:33:47.312 | INFO     | modules.backtest.signal_backtest:run_signal_backtest:206 - Total unique symbols: 1890
2026-06-25 19:33:47.312 | INFO     | modules.backtest.signal_backtest:run_signal_backtest:209 - Loading OHLCV data...
2026-06-25 19:33:49.194 | INFO     | modules.backtest.signal_backtest:run_signal_backtest:211 - Loaded prices for 1873 / 1890 symbols
2026-06-25 19:33:49.195 | INFO     | modules.backtest.signal_backtest:run_signal_backtest:219 - Loading ML predictions for filtering...
2026-06-25 19:33:49.199 | WARNING  | modules.backtest.signal_backtest:run_signal_backtest:318 - valid_dates is empty for 2025-10-28
2026-06-25 19:33:49.200 | WARNING  | modules.backtest.signal_backtest:run_signal_backtest:318 - valid_dates is empty for 2025-11-14
2026-06-25 19:33:49.201 | WARNING  | modules.backtest.signal_backtest:run_signal_backtest:318 - valid_dates is empty for 2025-11-17
2026-06-25 19:33:49.202 | WARNING  | modules.backtest.signal_backtest:run_signal_backtest:318 - valid_dates is empty for 2025-11-18
2026-06-25 19:33:49.203 | WARNING  | modules.backtest.signal_backtest:run_signal_backtest:318 - valid_dates is empty for 2025-11-19
2026-06-25 19:33:49.204 | WARNING  | modules.backtest.signal_backtest:run_signal_backtest:318 - valid_dates is empty for 2025-11-20
2026-06-25 19:33:49.205 | WARNING  | modules.backtest.signal_backtest:run_signal_backtest:318 - valid_dates is empty for 2025-11-24
2026-06-25 19:33:49.206 | WARNING  | modules.backtest.signal_backtest:run_signal_backtest:318 - valid_dates is empty for 2025-11-25
2026-06-25 19:33:49.207 | WARNING  | modules.backtest.signal_backtest:run_signal_backtest:318 - valid_dates is empty for 2025-11-26
2026-06-25 19:33:49.208 | WARNING  | modules.backtest.signal_backtest:run_signal_backtest:318 - valid_dates is empty for 2025-11-27
2026-06-25 19:33:49.209 | WARNING  | modules.backtest.signal_backtest:run_signal_backtest:318 - valid_dates is empty for 2025-11-28
2026-06-25 19:33:49.210 | WARNING  | modules.backtest.signal_backtest:run_signal_backtest:318 - valid_dates is empty for 2025-12-01
2026-06-25 19:33:49.211 | WARNING  | modules.backtest.signal_backtest:run_signal_backtest:318 - valid_dates is empty for 2025-12-02
2026-06-25 19:33:49.212 | WARNING  | modules.backtest.signal_backtest:run_signal_backtest:318 - valid_dates is empty for 2025-12-03
2026-06-25 19:33:49.213 | WARNING  | modules.backtest.signal_backtest:run_signal_backtest:318 - valid_dates is empty for 2025-12-04
2026-06-25 19:33:49.214 | WARNING  | modules.backtest.signal_backtest:run_signal_backtest:318 - valid_dates is empty for 2025-12-05
2026-06-25 19:33:49.215 | WARNING  | modules.backtest.signal_backtest:run_signal_backtest:318 - valid_dates is empty for 2025-12-08
2026-06-25 19:33:49.216 | WARNING  | modules.backtest.signal_backtest:run_signal_backtest:318 - valid_dates is empty for 2025-12-09
2026-06-25 19:33:49.217 | WARNING  | modules.backtest.signal_backtest:run_signal_backtest:318 - valid_dates is empty for 2025-12-10
2026-06-25 19:33:49.218 | WARNING  | modules.backtest.signal_backtest:run_signal_backtest:318 - valid_dates is empty for 2025-12-11
2026-06-25 19:33:49.219 | WARNING  | modules.backtest.signal_backtest:run_signal_backtest:318 - valid_dates is empty for 2025-12-12
2026-06-25 19:33:49.220 | WARNING  | modules.backtest.signal_backtest:run_signal_backtest:318 - valid_dates is empty for 2025-12-15
2026-06-25 19:33:49.221 | WARNING  | modules.backtest.signal_backtest:run_signal_backtest:318 - valid_dates is empty for 2025-12-16
2026-06-25 19:33:49.222 | WARNING  | modules.backtest.signal_backtest:run_signal_backtest:318 - valid_dates is empty for 2025-12-17
2026-06-25 19:33:49.223 | WARNING  | modules.backtest.signal_backtest:run_signal_backtest:318 - valid_dates is empty for 2025-12-18
2026-06-25 19:33:49.224 | WARNING  | modules.backtest.signal_backtest:run_signal_backtest:318 - valid_dates is empty for 2025-12-19
2026-06-25 19:33:49.225 | WARNING  | modules.backtest.signal_backtest:run_signal_backtest:318 - valid_dates is empty for 2025-12-22
2026-06-25 19:33:49.226 | WARNING  | modules.backtest.signal_backtest:run_signal_backtest:318 - valid_dates is empty for 2025-12-23
2026-06-25 19:33:49.226 | WARNING  | modules.backtest.signal_backtest:run_signal_backtest:318 - valid_dates is empty for 2025-12-24
2026-06-25 19:33:49.227 | WARNING  | modules.backtest.signal_backtest:run_signal_backtest:318 - valid_dates is empty for 2025-12-25
2026-06-25 19:33:49.228 | WARNING  | modules.backtest.signal_backtest:run_signal_backtest:318 - valid_dates is empty for 2025-12-26
2026-06-25 19:33:49.229 | WARNING  | modules.backtest.signal_backtest:run_signal_backtest:318 - valid_dates is empty for 2025-12-29
2026-06-25 19:33:49.230 | WARNING  | modules.backtest.signal_backtest:run_signal_backtest:318 - valid_dates is empty for 2025-12-30
2026-06-25 19:33:49.231 | WARNING  | modules.backtest.signal_backtest:run_signal_backtest:318 - valid_dates is empty for 2025-12-31
2026-06-25 19:33:49.232 | WARNING  | modules.backtest.signal_backtest:run_signal_backtest:318 - valid_dates is empty for 2026-01-05
2026-06-25 19:33:49.299 | WARNING  | modules.backtest.signal_backtest:run_signal_backtest:315 - valid_preds is empty for 2026-02-24
2026-06-25 19:33:49.495 | INFO     | modules.backtest.signal_backtest:run_signal_backtest:294 - Checking override for final day: 2026-06-25, day_idx=145, len=146
2026-06-25 19:33:49.509 | INFO     | modules.backtest.signal_backtest:_parse_reports:143 - Overrode pool for 2026-06-24 with curated 30 stocks
2026-06-25 19:34:02.185 | INFO     | modules.backtest.signal_backtest:run_signal_backtest:298 - live_res: {'status': 'success', 'date': '2026-06-25', 'prediction_date': '2026-06-23', 'data': [{'symbol': 'SH601869', 'name': '长飞光纤', 'theme': 'AI光互连与材料革新', 'score': 0.5556, 'original_score': 0.0371, 'em_rank': 78, 'ths_rank': '无', 'popularity': '人气股'}, {'symbol': 'SZ300308', 'name': '中际旭创', 'theme': '铋与战略金属管制深化', 'score': 0.5196, 'original_score': 0.0196, 'em_rank': 46, 'ths_rank': '无', 'popularity': '人气股'}, {'symbol': 'SH603938', 'name': '三孚股份', 'theme': 'AI光互连与材料革新', 'score': 0.5114, 'original_score':
2026-06-25 19:34:02.185 | INFO     | modules.backtest.signal_backtest:run_signal_backtest:303 - Final day override: using 3 live picks for 2026-06-25: ['SH601869', 'SZ300308', 'SH603938']
2026-06-25 19:34:02.195 | INFO     | modules.backtest.signal_backtest:run_signal_backtest:764 - Backtest complete: 146 days, total return=40.40%, sharpe=1.266
2026-06-25 19:34:02.229 | INFO     | modules.backtest.service:run_signal_backtest_service:51 - Signal backtest completed and cached.
2026-06-25 19:34:02.229 | INFO     | modules.backtest.optimizer:optimize_top_k:37 - Result for K=3: Return=76.32%, Sharpe=1.266
2026-06-25 19:34:02.229 | INFO     | modules.backtest.optimizer:optimize_top_k:17 - ===> Testing K = 5
2026-06-25 19:34:02.229 | INFO     | modules.backtest.service:run_signal_backtest_service:39 - Running AI signal backtest... (ML Filter: True, Model: v2_open2open, Top K: 5, Exit: open)
2026-06-25 19:34:02.229 | INFO     | modules.backtest.signal_backtest:run_signal_backtest:194 - Parsing AI Morning Reports...
2026-06-25 19:34:02.246 | INFO     | modules.backtest.signal_backtest:_parse_reports:143 - Overrode pool for 2026-06-24 with curated 30 stocks
2026-06-25 19:34:02.247 | INFO     | modules.backtest.signal_backtest:run_signal_backtest:200 - Report dates: 2025-10-28 → 2026-06-25 (146 days)
2026-06-25 19:34:02.247 | INFO     | modules.backtest.signal_backtest:run_signal_backtest:206 - Total unique symbols: 1890
2026-06-25 19:34:02.247 | INFO     | modules.backtest.signal_backtest:run_signal_backtest:209 - Loading OHLCV data...
2026-06-25 19:34:04.127 | INFO     | modules.backtest.signal_backtest:run_signal_backtest:211 - Loaded prices for 1873 / 1890 symbols
2026-06-25 19:34:04.127 | INFO     | modules.backtest.signal_backtest:run_signal_backtest:219 - Loading ML predictions for filtering...
2026-06-25 19:34:04.129 | WARNING  | modules.backtest.signal_backtest:run_signal_backtest:318 - valid_dates is empty for 2025-10-28
2026-06-25 19:34:04.131 | WARNING  | modules.backtest.signal_backtest:run_signal_backtest:318 - valid_dates is empty for 2025-11-14
2026-06-25 19:34:04.132 | WARNING  | modules.backtest.signal_backtest:run_signal_backtest:318 - valid_dates is empty for 2025-11-17
2026-06-25 19:34:04.133 | WARNING  | modules.backtest.signal_backtest:run_signal_backtest:318 - valid_dates is empty for 2025-11-18
2026-06-25 19:34:04.133 | WARNING  | modules.backtest.signal_backtest:run_signal_backtest:318 - valid_dates is empty for 2025-11-19
2026-06-25 19:34:04.134 | WARNING  | modules.backtest.signal_backtest:run_signal_backtest:318 - valid_dates is empty for 2025-11-20
2026-06-25 19:34:04.135 | WARNING  | modules.backtest.signal_backtest:run_signal_backtest:318 - valid_dates is empty for 2025-11-24
2026-06-25 19:34:04.136 | WARNING  | modules.backtest.signal_backtest:run_signal_backtest:318 - valid_dates is empty for 2025-11-25
2026-06-25 19:34:04.137 | WARNING  | modules.backtest.signal_backtest:run_signal_backtest:318 - valid_dates is empty for 2025-11-26
2026-06-25 19:34:04.138 | WARNING  | modules.backtest.signal_backtest:run_signal_backtest:318 - valid_dates is empty for 2025-11-27
2026-06-25 19:34:04.139 | WARNING  | modules.backtest.signal_backtest:run_signal_backtest:318 - valid_dates is empty for 2025-11-28
2026-06-25 19:34:04.140 | WARNING  | modules.backtest.signal_backtest:run_signal_backtest:318 - valid_dates is empty for 2025-12-01
2026-06-25 19:34:04.141 | WARNING  | modules.backtest.signal_backtest:run_signal_backtest:318 - valid_dates is empty for 2025-12-02
2026-06-25 19:34:04.142 | WARNING  | modules.backtest.signal_backtest:run_signal_backtest:318 - valid_dates is empty for 2025-12-03
2026-06-25 19:34:04.143 | WARNING  | modules.backtest.signal_backtest:run_signal_backtest:318 - valid_dates is empty for 2025-12-04
2026-06-25 19:34:04.144 | WARNING  | modules.backtest.signal_backtest:run_signal_backtest:318 - valid_dates is empty for 2025-12-05
2026-06-25 19:34:04.145 | WARNING  | modules.backtest.signal_backtest:run_signal_backtest:318 - valid_dates is empty for 2025-12-08
2026-06-25 19:34:04.146 | WARNING  | modules.backtest.signal_backtest:run_signal_backtest:318 - valid_dates is empty for 2025-12-09
2026-06-25 19:34:04.147 | WARNING  | modules.backtest.signal_backtest:run_signal_backtest:318 - valid_dates is empty for 2025-12-10
2026-06-25 19:34:04.148 | WARNING  | modules.backtest.signal_backtest:run_signal_backtest:318 - valid_dates is empty for 2025-12-11
2026-06-25 19:34:04.148 | WARNING  | modules.backtest.signal_backtest:run_signal_backtest:318 - valid_dates is empty for 2025-12-12
2026-06-25 19:34:04.149 | WARNING  | modules.backtest.signal_backtest:run_signal_backtest:318 - valid_dates is empty for 2025-12-15
2026-06-25 19:34:04.150 | WARNING  | modules.backtest.signal_backtest:run_signal_backtest:318 - valid_dates is empty for 2025-12-16
2026-06-25 19:34:04.151 | WARNING  | modules.backtest.signal_backtest:run_signal_backtest:318 - valid_dates is empty for 2025-12-17
2026-06-25 19:34:04.152 | WARNING  | modules.backtest.signal_backtest:run_signal_backtest:318 - valid_dates is empty for 2025-12-18
2026-06-25 19:34:04.153 | WARNING  | modules.backtest.signal_backtest:run_signal_backtest:318 - valid_dates is empty for 2025-12-19
2026-06-25 19:34:04.154 | WARNING  | modules.backtest.signal_backtest:run_signal_backtest:318 - valid_dates is empty for 2025-12-22
2026-06-25 19:34:04.155 | WARNING  | modules.backtest.signal_backtest:run_signal_backtest:318 - valid_dates is empty for 2025-12-23
2026-06-25 19:34:04.156 | WARNING  | modules.backtest.signal_backtest:run_signal_backtest:318 - valid_dates is empty for 2025-12-24
2026-06-25 19:34:04.156 | WARNING  | modules.backtest.signal_backtest:run_signal_backtest:318 - valid_dates is empty for 2025-12-25
2026-06-25 19:34:04.157 | WARNING  | modules.backtest.signal_backtest:run_signal_backtest:318 - valid_dates is empty for 2025-12-26
2026-06-25 19:34:04.158 | WARNING  | modules.backtest.signal_backtest:run_signal_backtest:318 - valid_dates is empty for 2025-12-29
2026-06-25 19:34:04.159 | WARNING  | modules.backtest.signal_backtest:run_signal_backtest:318 - valid_dates is empty for 2025-12-30
2026-06-25 19:34:04.160 | WARNING  | modules.backtest.signal_backtest:run_signal_backtest:318 - valid_dates is empty for 2025-12-31
2026-06-25 19:34:04.161 | WARNING  | modules.backtest.signal_backtest:run_signal_backtest:318 - valid_dates is empty for 2026-01-05
2026-06-25 19:34:04.238 | WARNING  | modules.backtest.signal_backtest:run_signal_backtest:315 - valid_preds is empty for 2026-02-24
2026-06-25 19:34:04.453 | INFO     | modules.backtest.signal_backtest:run_signal_backtest:294 - Checking override for final day: 2026-06-25, day_idx=145, len=146
2026-06-25 19:34:04.468 | INFO     | modules.backtest.signal_backtest:_parse_reports:143 - Overrode pool for 2026-06-24 with curated 30 stocks
2026-06-25 19:34:16.877 | INFO     | modules.backtest.signal_backtest:run_signal_backtest:298 - live_res: {'status': 'success', 'date': '2026-06-25', 'prediction_date': '2026-06-23', 'data': [{'symbol': 'SH601869', 'name': '长飞光纤', 'theme': 'AI光互连与材料革新', 'score': 0.5556, 'original_score': 0.0371, 'em_rank': 78, 'ths_rank': '无', 'popularity': '人气股'}, {'symbol': 'SZ300308', 'name': '中际旭创', 'theme': '铋与战略金属管制深化', 'score': 0.5196, 'original_score': 0.0196, 'em_rank': 46, 'ths_rank': '无', 'popularity': '人气股'}, {'symbol': 'SH603938', 'name': '三孚股份', 'theme': 'AI光互连与材料革新', 'score': 0.5114, 'original_score':
2026-06-25 19:34:16.877 | INFO     | modules.backtest.signal_backtest:run_signal_backtest:303 - Final day override: using 5 live picks for 2026-06-25: ['SH601869', 'SZ300308', 'SH603938', 'SZ002484', 'SH605366']
2026-06-25 19:34:16.889 | INFO     | modules.backtest.signal_backtest:run_signal_backtest:764 - Backtest complete: 146 days, total return=45.56%, sharpe=1.634
2026-06-25 19:34:16.940 | INFO     | modules.backtest.service:run_signal_backtest_service:51 - Signal backtest completed and cached.
2026-06-25 19:34:16.941 | INFO     | modules.backtest.optimizer:optimize_top_k:37 - Result for K=5: Return=87.28%, Sharpe=1.634
2026-06-25 19:34:16.941 | INFO     | modules.backtest.optimizer:optimize_top_k:17 - ===> Testing K = 8
2026-06-25 19:34:16.941 | INFO     | modules.backtest.service:run_signal_backtest_service:39 - Running AI signal backtest... (ML Filter: True, Model: v2_open2open, Top K: 8, Exit: open)
2026-06-25 19:34:16.941 | INFO     | modules.backtest.signal_backtest:run_signal_backtest:194 - Parsing AI Morning Reports...
2026-06-25 19:34:16.957 | INFO     | modules.backtest.signal_backtest:_parse_reports:143 - Overrode pool for 2026-06-24 with curated 30 stocks
2026-06-25 19:34:16.958 | INFO     | modules.backtest.signal_backtest:run_signal_backtest:200 - Report dates: 2025-10-28 → 2026-06-25 (146 days)
2026-06-25 19:34:16.958 | INFO     | modules.backtest.signal_backtest:run_signal_backtest:206 - Total unique symbols: 1890
2026-06-25 19:34:16.958 | INFO     | modules.backtest.signal_backtest:run_signal_backtest:209 - Loading OHLCV data...
2026-06-25 19:34:19.253 | INFO     | modules.backtest.signal_backtest:run_signal_backtest:211 - Loaded prices for 1873 / 1890 symbols
2026-06-25 19:34:19.253 | INFO     | modules.backtest.signal_backtest:run_signal_backtest:219 - Loading ML predictions for filtering...
2026-06-25 19:34:19.257 | WARNING  | modules.backtest.signal_backtest:run_signal_backtest:318 - valid_dates is empty for 2025-10-28
2026-06-25 19:34:19.258 | WARNING  | modules.backtest.signal_backtest:run_signal_backtest:318 - valid_dates is empty for 2025-11-14
2026-06-25 19:34:19.259 | WARNING  | modules.backtest.signal_backtest:run_signal_backtest:318 - valid_dates is empty for 2025-11-17
2026-06-25 19:34:19.260 | WARNING  | modules.backtest.signal_backtest:run_signal_backtest:318 - valid_dates is empty for 2025-11-18
2026-06-25 19:34:19.261 | WARNING  | modules.backtest.signal_backtest:run_signal_backtest:318 - valid_dates is empty for 2025-11-19
2026-06-25 19:34:19.262 | WARNING  | modules.backtest.signal_backtest:run_signal_backtest:318 - valid_dates is empty for 2025-11-20
2026-06-25 19:34:19.263 | WARNING  | modules.backtest.signal_backtest:run_signal_backtest:318 - valid_dates is empty for 2025-11-24
2026-06-25 19:34:19.264 | WARNING  | modules.backtest.signal_backtest:run_signal_backtest:318 - valid_dates is empty for 2025-11-25
2026-06-25 19:34:19.265 | WARNING  | modules.backtest.signal_backtest:run_signal_backtest:318 - valid_dates is empty for 2025-11-26
2026-06-25 19:34:19.266 | WARNING  | modules.backtest.signal_backtest:run_signal_backtest:318 - valid_dates is empty for 2025-11-27
2026-06-25 19:34:19.267 | WARNING  | modules.backtest.signal_backtest:run_signal_backtest:318 - valid_dates is empty for 2025-11-28
2026-06-25 19:34:19.268 | WARNING  | modules.backtest.signal_backtest:run_signal_backtest:318 - valid_dates is empty for 2025-12-01
2026-06-25 19:34:19.269 | WARNING  | modules.backtest.signal_backtest:run_signal_backtest:318 - valid_dates is empty for 2025-12-02
2026-06-25 19:34:19.270 | WARNING  | modules.backtest.signal_backtest:run_signal_backtest:318 - valid_dates is empty for 2025-12-03
2026-06-25 19:34:19.271 | WARNING  | modules.backtest.signal_backtest:run_signal_backtest:318 - valid_dates is empty for 2025-12-04
2026-06-25 19:34:19.272 | WARNING  | modules.backtest.signal_backtest:run_signal_backtest:318 - valid_dates is empty for 2025-12-05
2026-06-25 19:34:19.273 | WARNING  | modules.backtest.signal_backtest:run_signal_backtest:318 - valid_dates is empty for 2025-12-08
2026-06-25 19:34:19.274 | WARNING  | modules.backtest.signal_backtest:run_signal_backtest:318 - valid_dates is empty for 2025-12-09
2026-06-25 19:34:19.274 | WARNING  | modules.backtest.signal_backtest:run_signal_backtest:318 - valid_dates is empty for 2025-12-10
2026-06-25 19:34:19.275 | WARNING  | modules.backtest.signal_backtest:run_signal_backtest:318 - valid_dates is empty for 2025-12-11
2026-06-25 19:34:19.276 | WARNING  | modules.backtest.signal_backtest:run_signal_backtest:318 - valid_dates is empty for 2025-12-12
2026-06-25 19:34:19.277 | WARNING  | modules.backtest.signal_backtest:run_signal_backtest:318 - valid_dates is empty for 2025-12-15
2026-06-25 19:34:19.278 | WARNING  | modules.backtest.signal_backtest:run_signal_backtest:318 - valid_dates is empty for 2025-12-16
2026-06-25 19:34:19.279 | WARNING  | modules.backtest.signal_backtest:run_signal_backtest:318 - valid_dates is empty for 2025-12-17
2026-06-25 19:34:19.280 | WARNING  | modules.backtest.signal_backtest:run_signal_backtest:318 - valid_dates is empty for 2025-12-18
2026-06-25 19:34:19.281 | WARNING  | modules.backtest.signal_backtest:run_signal_backtest:318 - valid_dates is empty for 2025-12-19
2026-06-25 19:34:19.282 | WARNING  | modules.backtest.signal_backtest:run_signal_backtest:318 - valid_dates is empty for 2025-12-22
2026-06-25 19:34:19.283 | WARNING  | modules.backtest.signal_backtest:run_signal_backtest:318 - valid_dates is empty for 2025-12-23
2026-06-25 19:34:19.284 | WARNING  | modules.backtest.signal_backtest:run_signal_backtest:318 - valid_dates is empty for 2025-12-24
2026-06-25 19:34:19.285 | WARNING  | modules.backtest.signal_backtest:run_signal_backtest:318 - valid_dates is empty for 2025-12-25
2026-06-25 19:34:19.286 | WARNING  | modules.backtest.signal_backtest:run_signal_backtest:318 - valid_dates is empty for 2025-12-26
2026-06-25 19:34:19.287 | WARNING  | modules.backtest.signal_backtest:run_signal_backtest:318 - valid_dates is empty for 2025-12-29
2026-06-25 19:34:19.288 | WARNING  | modules.backtest.signal_backtest:run_signal_backtest:318 - valid_dates is empty for 2025-12-30
2026-06-25 19:34:19.289 | WARNING  | modules.backtest.signal_backtest:run_signal_backtest:318 - valid_dates is empty for 2025-12-31
2026-06-25 19:34:19.290 | WARNING  | modules.backtest.signal_backtest:run_signal_backtest:318 - valid_dates is empty for 2026-01-05
2026-06-25 19:34:19.389 | WARNING  | modules.backtest.signal_backtest:run_signal_backtest:315 - valid_preds is empty for 2026-02-24
2026-06-25 19:34:19.659 | INFO     | modules.backtest.signal_backtest:run_signal_backtest:294 - Checking override for final day: 2026-06-25, day_idx=145, len=146
2026-06-25 19:34:19.674 | INFO     | modules.backtest.signal_backtest:_parse_reports:143 - Overrode pool for 2026-06-24 with curated 30 stocks
2026-06-25 19:34:32.211 | INFO     | modules.backtest.signal_backtest:run_signal_backtest:298 - live_res: {'status': 'success', 'date': '2026-06-25', 'prediction_date': '2026-06-23', 'data': [{'symbol': 'SH601869', 'name': '长飞光纤', 'theme': 'AI光互连与材料革新', 'score': 0.5556, 'original_score': 0.0371, 'em_rank': 78, 'ths_rank': '无', 'popularity': '人气股'}, {'symbol': 'SZ300308', 'name': '中际旭创', 'theme': '铋与战略金属管制深化', 'score': 0.5196, 'original_score': 0.0196, 'em_rank': 46, 'ths_rank': '无', 'popularity': '人气股'}, {'symbol': 'SH603938', 'name': '三孚股份', 'theme': 'AI光互连与材料革新', 'score': 0.5114, 'original_score':
2026-06-25 19:34:32.211 | INFO     | modules.backtest.signal_backtest:run_signal_backtest:303 - Final day override: using 8 live picks for 2026-06-25: ['SH601869', 'SZ300308', 'SH603938', 'SZ002484', 'SH605366', 'SZ300136', 'SZ002371', 'SH600183']
2026-06-25 19:34:32.215 | INFO     | modules.backtest.signal_backtest:run_signal_backtest:764 - Backtest complete: 146 days, total return=37.77%, sharpe=1.533
2026-06-25 19:34:32.245 | INFO     | modules.backtest.service:run_signal_backtest_service:51 - Signal backtest completed and cached.
2026-06-25 19:34:32.246 | INFO     | modules.backtest.optimizer:optimize_top_k:37 - Result for K=8: Return=70.82%, Sharpe=1.533
2026-06-25 19:34:32.246 | INFO     | modules.backtest.optimizer:optimize_top_k:17 - ===> Testing K = 10
2026-06-25 19:34:32.246 | INFO     | modules.backtest.service:run_signal_backtest_service:39 - Running AI signal backtest... (ML Filter: True, Model: v2_open2open, Top K: 10, Exit: open)
2026-06-25 19:34:32.246 | INFO     | modules.backtest.signal_backtest:run_signal_backtest:194 - Parsing AI Morning Reports...
2026-06-25 19:34:32.261 | INFO     | modules.backtest.signal_backtest:_parse_reports:143 - Overrode pool for 2026-06-24 with curated 30 stocks
2026-06-25 19:34:32.261 | INFO     | modules.backtest.signal_backtest:run_signal_backtest:200 - Report dates: 2025-10-28 → 2026-06-25 (146 days)
2026-06-25 19:34:32.262 | INFO     | modules.backtest.signal_backtest:run_signal_backtest:206 - Total unique symbols: 1890
2026-06-25 19:34:32.262 | INFO     | modules.backtest.signal_backtest:run_signal_backtest:209 - Loading OHLCV data...
2026-06-25 19:34:34.118 | INFO     | modules.backtest.signal_backtest:run_signal_backtest:211 - Loaded prices for 1873 / 1890 symbols
2026-06-25 19:34:34.119 | INFO     | modules.backtest.signal_backtest:run_signal_backtest:219 - Loading ML predictions for filtering...
2026-06-25 19:34:34.123 | WARNING  | modules.backtest.signal_backtest:run_signal_backtest:318 - valid_dates is empty for 2025-10-28
2026-06-25 19:34:34.124 | WARNING  | modules.backtest.signal_backtest:run_signal_backtest:318 - valid_dates is empty for 2025-11-14
2026-06-25 19:34:34.125 | WARNING  | modules.backtest.signal_backtest:run_signal_backtest:318 - valid_dates is empty for 2025-11-17
2026-06-25 19:34:34.126 | WARNING  | modules.backtest.signal_backtest:run_signal_backtest:318 - valid_dates is empty for 2025-11-18
2026-06-25 19:34:34.127 | WARNING  | modules.backtest.signal_backtest:run_signal_backtest:318 - valid_dates is empty for 2025-11-19
2026-06-25 19:34:34.128 | WARNING  | modules.backtest.signal_backtest:run_signal_backtest:318 - valid_dates is empty for 2025-11-20
2026-06-25 19:34:34.129 | WARNING  | modules.backtest.signal_backtest:run_signal_backtest:318 - valid_dates is empty for 2025-11-24
2026-06-25 19:34:34.130 | WARNING  | modules.backtest.signal_backtest:run_signal_backtest:318 - valid_dates is empty for 2025-11-25
2026-06-25 19:34:34.131 | WARNING  | modules.backtest.signal_backtest:run_signal_backtest:318 - valid_dates is empty for 2025-11-26
2026-06-25 19:34:34.132 | WARNING  | modules.backtest.signal_backtest:run_signal_backtest:318 - valid_dates is empty for 2025-11-27
2026-06-25 19:34:34.133 | WARNING  | modules.backtest.signal_backtest:run_signal_backtest:318 - valid_dates is empty for 2025-11-28
2026-06-25 19:34:34.134 | WARNING  | modules.backtest.signal_backtest:run_signal_backtest:318 - valid_dates is empty for 2025-12-01
2026-06-25 19:34:34.135 | WARNING  | modules.backtest.signal_backtest:run_signal_backtest:318 - valid_dates is empty for 2025-12-02
2026-06-25 19:34:34.136 | WARNING  | modules.backtest.signal_backtest:run_signal_backtest:318 - valid_dates is empty for 2025-12-03
2026-06-25 19:34:34.137 | WARNING  | modules.backtest.signal_backtest:run_signal_backtest:318 - valid_dates is empty for 2025-12-04
2026-06-25 19:34:34.138 | WARNING  | modules.backtest.signal_backtest:run_signal_backtest:318 - valid_dates is empty for 2025-12-05
2026-06-25 19:34:34.139 | WARNING  | modules.backtest.signal_backtest:run_signal_backtest:318 - valid_dates is empty for 2025-12-08
2026-06-25 19:34:34.140 | WARNING  | modules.backtest.signal_backtest:run_signal_backtest:318 - valid_dates is empty for 2025-12-09
2026-06-25 19:34:34.141 | WARNING  | modules.backtest.signal_backtest:run_signal_backtest:318 - valid_dates is empty for 2025-12-10
2026-06-25 19:34:34.142 | WARNING  | modules.backtest.signal_backtest:run_signal_backtest:318 - valid_dates is empty for 2025-12-11
2026-06-25 19:34:34.143 | WARNING  | modules.backtest.signal_backtest:run_signal_backtest:318 - valid_dates is empty for 2025-12-12
2026-06-25 19:34:34.144 | WARNING  | modules.backtest.signal_backtest:run_signal_backtest:318 - valid_dates is empty for 2025-12-15
2026-06-25 19:34:34.145 | WARNING  | modules.backtest.signal_backtest:run_signal_backtest:318 - valid_dates is empty for 2025-12-16
2026-06-25 19:34:34.145 | WARNING  | modules.backtest.signal_backtest:run_signal_backtest:318 - valid_dates is empty for 2025-12-17
2026-06-25 19:34:34.146 | WARNING  | modules.backtest.signal_backtest:run_signal_backtest:318 - valid_dates is empty for 2025-12-18
2026-06-25 19:34:34.147 | WARNING  | modules.backtest.signal_backtest:run_signal_backtest:318 - valid_dates is empty for 2025-12-19
2026-06-25 19:34:34.148 | WARNING  | modules.backtest.signal_backtest:run_signal_backtest:318 - valid_dates is empty for 2025-12-22
2026-06-25 19:34:34.149 | WARNING  | modules.backtest.signal_backtest:run_signal_backtest:318 - valid_dates is empty for 2025-12-23
2026-06-25 19:34:34.150 | WARNING  | modules.backtest.signal_backtest:run_signal_backtest:318 - valid_dates is empty for 2025-12-24
2026-06-25 19:34:34.151 | WARNING  | modules.backtest.signal_backtest:run_signal_backtest:318 - valid_dates is empty for 2025-12-25
2026-06-25 19:34:34.152 | WARNING  | modules.backtest.signal_backtest:run_signal_backtest:318 - valid_dates is empty for 2025-12-26
2026-06-25 19:34:34.153 | WARNING  | modules.backtest.signal_backtest:run_signal_backtest:318 - valid_dates is empty for 2025-12-29
2026-06-25 19:34:34.153 | WARNING  | modules.backtest.signal_backtest:run_signal_backtest:318 - valid_dates is empty for 2025-12-30
2026-06-25 19:34:34.154 | WARNING  | modules.backtest.signal_backtest:run_signal_backtest:318 - valid_dates is empty for 2025-12-31
2026-06-25 19:34:34.155 | WARNING  | modules.backtest.signal_backtest:run_signal_backtest:318 - valid_dates is empty for 2026-01-05
2026-06-25 19:34:34.267 | WARNING  | modules.backtest.signal_backtest:run_signal_backtest:315 - valid_preds is empty for 2026-02-24
2026-06-25 19:34:34.576 | INFO     | modules.backtest.signal_backtest:run_signal_backtest:294 - Checking override for final day: 2026-06-25, day_idx=145, len=146
2026-06-25 19:34:34.590 | INFO     | modules.backtest.signal_backtest:_parse_reports:143 - Overrode pool for 2026-06-24 with curated 30 stocks
2026-06-25 19:34:46.993 | INFO     | modules.backtest.signal_backtest:run_signal_backtest:298 - live_res: {'status': 'success', 'date': '2026-06-25', 'prediction_date': '2026-06-23', 'data': [{'symbol': 'SH601869', 'name': '长飞光纤', 'theme': 'AI光互连与材料革新', 'score': 0.5556, 'original_score': 0.0371, 'em_rank': 78, 'ths_rank': '无', 'popularity': '人气股'}, {'symbol': 'SZ300308', 'name': '中际旭创', 'theme': '铋与战略金属管制深化', 'score': 0.5196, 'original_score': 0.0196, 'em_rank': 46, 'ths_rank': '无', 'popularity': '人气股'}, {'symbol': 'SH603938', 'name': '三孚股份', 'theme': 'AI光互连与材料革新', 'score': 0.5114, 'original_score':
2026-06-25 19:34:46.994 | INFO     | modules.backtest.signal_backtest:run_signal_backtest:303 - Final day override: using 10 live picks for 2026-06-25: ['SH601869', 'SZ300308', 'SH603938', 'SZ002484', 'SH605366', 'SZ300136', 'SZ002371', 'SH600183', 'SH600584', 'SZ002149']
2026-06-25 19:34:47.005 | INFO     | modules.backtest.signal_backtest:run_signal_backtest:764 - Backtest complete: 146 days, total return=43.01%, sharpe=1.836
2026-06-25 19:34:47.054 | INFO     | modules.backtest.service:run_signal_backtest_service:51 - Signal backtest completed and cached.
2026-06-25 19:34:47.055 | INFO     | modules.backtest.optimizer:optimize_top_k:37 - Result for K=10: Return=81.82%, Sharpe=1.836
2026-06-25 19:34:47.055 | INFO     | modules.backtest.optimizer:optimize_top_k:17 - ===> Testing K = 15
2026-06-25 19:34:47.055 | INFO     | modules.backtest.service:run_signal_backtest_service:39 - Running AI signal backtest... (ML Filter: True, Model: v2_open2open, Top K: 15, Exit: open)
2026-06-25 19:34:47.055 | INFO     | modules.backtest.signal_backtest:run_signal_backtest:194 - Parsing AI Morning Reports...
2026-06-25 19:34:47.074 | INFO     | modules.backtest.signal_backtest:_parse_reports:143 - Overrode pool for 2026-06-24 with curated 30 stocks
2026-06-25 19:34:47.075 | INFO     | modules.backtest.signal_backtest:run_signal_backtest:200 - Report dates: 2025-10-28 → 2026-06-25 (146 days)
2026-06-25 19:34:47.075 | INFO     | modules.backtest.signal_backtest:run_signal_backtest:206 - Total unique symbols: 1890
2026-06-25 19:34:47.075 | INFO     | modules.backtest.signal_backtest:run_signal_backtest:209 - Loading OHLCV data...
2026-06-25 19:34:49.727 | INFO     | modules.backtest.signal_backtest:run_signal_backtest:211 - Loaded prices for 1873 / 1890 symbols
2026-06-25 19:34:49.727 | INFO     | modules.backtest.signal_backtest:run_signal_backtest:219 - Loading ML predictions for filtering...
2026-06-25 19:34:49.731 | WARNING  | modules.backtest.signal_backtest:run_signal_backtest:318 - valid_dates is empty for 2025-10-28
2026-06-25 19:34:49.733 | WARNING  | modules.backtest.signal_backtest:run_signal_backtest:318 - valid_dates is empty for 2025-11-14
2026-06-25 19:34:49.733 | WARNING  | modules.backtest.signal_backtest:run_signal_backtest:318 - valid_dates is empty for 2025-11-17
2026-06-25 19:34:49.734 | WARNING  | modules.backtest.signal_backtest:run_signal_backtest:318 - valid_dates is empty for 2025-11-18
2026-06-25 19:34:49.735 | WARNING  | modules.backtest.signal_backtest:run_signal_backtest:318 - valid_dates is empty for 2025-11-19
2026-06-25 19:34:49.736 | WARNING  | modules.backtest.signal_backtest:run_signal_backtest:318 - valid_dates is empty for 2025-11-20
2026-06-25 19:34:49.737 | WARNING  | modules.backtest.signal_backtest:run_signal_backtest:318 - valid_dates is empty for 2025-11-24
2026-06-25 19:34:49.738 | WARNING  | modules.backtest.signal_backtest:run_signal_backtest:318 - valid_dates is empty for 2025-11-25
2026-06-25 19:34:49.739 | WARNING  | modules.backtest.signal_backtest:run_signal_backtest:318 - valid_dates is empty for 2025-11-26
2026-06-25 19:34:49.740 | WARNING  | modules.backtest.signal_backtest:run_signal_backtest:318 - valid_dates is empty for 2025-11-27
2026-06-25 19:34:49.741 | WARNING  | modules.backtest.signal_backtest:run_signal_backtest:318 - valid_dates is empty for 2025-11-28
2026-06-25 19:34:49.742 | WARNING  | modules.backtest.signal_backtest:run_signal_backtest:318 - valid_dates is empty for 2025-12-01
2026-06-25 19:34:49.743 | WARNING  | modules.backtest.signal_backtest:run_signal_backtest:318 - valid_dates is empty for 2025-12-02
2026-06-25 19:34:49.744 | WARNING  | modules.backtest.signal_backtest:run_signal_backtest:318 - valid_dates is empty for 2025-12-03
2026-06-25 19:34:49.745 | WARNING  | modules.backtest.signal_backtest:run_signal_backtest:318 - valid_dates is empty for 2025-12-04
2026-06-25 19:34:49.746 | WARNING  | modules.backtest.signal_backtest:run_signal_backtest:318 - valid_dates is empty for 2025-12-05
2026-06-25 19:34:49.747 | WARNING  | modules.backtest.signal_backtest:run_signal_backtest:318 - valid_dates is empty for 2025-12-08
2026-06-25 19:34:49.748 | WARNING  | modules.backtest.signal_backtest:run_signal_backtest:318 - valid_dates is empty for 2025-12-09
2026-06-25 19:34:49.750 | WARNING  | modules.backtest.signal_backtest:run_signal_backtest:318 - valid_dates is empty for 2025-12-10
2026-06-25 19:34:49.751 | WARNING  | modules.backtest.signal_backtest:run_signal_backtest:318 - valid_dates is empty for 2025-12-11
2026-06-25 19:34:49.752 | WARNING  | modules.backtest.signal_backtest:run_signal_backtest:318 - valid_dates is empty for 2025-12-12
2026-06-25 19:34:49.753 | WARNING  | modules.backtest.signal_backtest:run_signal_backtest:318 - valid_dates is empty for 2025-12-15
2026-06-25 19:34:49.754 | WARNING  | modules.backtest.signal_backtest:run_signal_backtest:318 - valid_dates is empty for 2025-12-16
2026-06-25 19:34:49.755 | WARNING  | modules.backtest.signal_backtest:run_signal_backtest:318 - valid_dates is empty for 2025-12-17
2026-06-25 19:34:49.756 | WARNING  | modules.backtest.signal_backtest:run_signal_backtest:318 - valid_dates is empty for 2025-12-18
2026-06-25 19:34:49.757 | WARNING  | modules.backtest.signal_backtest:run_signal_backtest:318 - valid_dates is empty for 2025-12-19
2026-06-25 19:34:49.758 | WARNING  | modules.backtest.signal_backtest:run_signal_backtest:318 - valid_dates is empty for 2025-12-22
2026-06-25 19:34:49.759 | WARNING  | modules.backtest.signal_backtest:run_signal_backtest:318 - valid_dates is empty for 2025-12-23
2026-06-25 19:34:49.760 | WARNING  | modules.backtest.signal_backtest:run_signal_backtest:318 - valid_dates is empty for 2025-12-24
2026-06-25 19:34:49.761 | WARNING  | modules.backtest.signal_backtest:run_signal_backtest:318 - valid_dates is empty for 2025-12-25
2026-06-25 19:34:49.762 | WARNING  | modules.backtest.signal_backtest:run_signal_backtest:318 - valid_dates is empty for 2025-12-26
2026-06-25 19:34:49.763 | WARNING  | modules.backtest.signal_backtest:run_signal_backtest:318 - valid_dates is empty for 2025-12-29
2026-06-25 19:34:49.764 | WARNING  | modules.backtest.signal_backtest:run_signal_backtest:318 - valid_dates is empty for 2025-12-30
2026-06-25 19:34:49.765 | WARNING  | modules.backtest.signal_backtest:run_signal_backtest:318 - valid_dates is empty for 2025-12-31
2026-06-25 19:34:49.766 | WARNING  | modules.backtest.signal_backtest:run_signal_backtest:318 - valid_dates is empty for 2026-01-05
2026-06-25 19:34:49.924 | WARNING  | modules.backtest.signal_backtest:run_signal_backtest:315 - valid_preds is empty for 2026-02-24
2026-06-25 19:34:50.341 | INFO     | modules.backtest.signal_backtest:run_signal_backtest:294 - Checking override for final day: 2026-06-25, day_idx=145, len=146
2026-06-25 19:34:50.357 | INFO     | modules.backtest.signal_backtest:_parse_reports:143 - Overrode pool for 2026-06-24 with curated 30 stocks
2026-06-25 19:35:02.544 | INFO     | modules.backtest.signal_backtest:run_signal_backtest:298 - live_res: {'status': 'success', 'date': '2026-06-25', 'prediction_date': '2026-06-23', 'data': [{'symbol': 'SH601869', 'name': '长飞光纤', 'theme': 'AI光互连与材料革新', 'score': 0.5556, 'original_score': 0.0371, 'em_rank': 78, 'ths_rank': '无', 'popularity': '人气股'}, {'symbol': 'SZ300308', 'name': '中际旭创', 'theme': '铋与战略金属管制深化', 'score': 0.5196, 'original_score': 0.0196, 'em_rank': 46, 'ths_rank': '无', 'popularity': '人气股'}, {'symbol': 'SH603938', 'name': '三孚股份', 'theme': 'AI光互连与材料革新', 'score': 0.5114, 'original_score':
2026-06-25 19:35:02.544 | INFO     | modules.backtest.signal_backtest:run_signal_backtest:303 - Final day override: using 15 live picks for 2026-06-25: ['SH601869', 'SZ300308', 'SH603938', 'SZ002484', 'SH605366', 'SZ300136', 'SZ002371', 'SH600183', 'SH600584', 'SZ002149', 'SZ300065', 'SZ300900', 'SZ301005', 'SZ002342', 'SH600596']
2026-06-25 19:35:02.558 | INFO     | modules.backtest.signal_backtest:run_signal_backtest:764 - Backtest complete: 146 days, total return=28.32%, sharpe=1.479
2026-06-25 19:35:02.612 | INFO     | modules.backtest.service:run_signal_backtest_service:51 - Signal backtest completed and cached.
2026-06-25 19:35:02.612 | INFO     | modules.backtest.optimizer:optimize_top_k:37 - Result for K=15: Return=51.71%, Sharpe=1.479
2026-06-25 19:35:02.613 | INFO     | modules.backtest.optimizer:optimize_top_k:47 - Grid search complete. Results saved to /Users/walox/qlib/data/cn_stock/backtest_ohlcv/v2_open2open_optimize_k_results.csv
2026-06-25 19:35:02.614 | INFO     | modules.backtest.optimizer:optimize_top_k:12 - Starting Top K Grid Search for model: v3_open2close with Ks: [3, 5, 8, 10, 15]
2026-06-25 19:35:02.614 | INFO     | modules.backtest.optimizer:optimize_top_k:17 - ===> Testing K = 3
2026-06-25 19:35:02.614 | INFO     | modules.backtest.service:run_signal_backtest_service:39 - Running AI signal backtest... (ML Filter: True, Model: v3_open2close, Top K: 3, Exit: close)
2026-06-25 19:35:02.614 | INFO     | modules.backtest.signal_backtest:run_signal_backtest:194 - Parsing AI Morning Reports...
2026-06-25 19:35:02.629 | INFO     | modules.backtest.signal_backtest:_parse_reports:143 - Overrode pool for 2026-06-24 with curated 30 stocks
2026-06-25 19:35:02.629 | INFO     | modules.backtest.signal_backtest:run_signal_backtest:200 - Report dates: 2025-10-28 → 2026-06-25 (146 days)
2026-06-25 19:35:02.630 | INFO     | modules.backtest.signal_backtest:run_signal_backtest:206 - Total unique symbols: 1890
2026-06-25 19:35:02.630 | INFO     | modules.backtest.signal_backtest:run_signal_backtest:209 - Loading OHLCV data...
2026-06-25 19:35:04.743 | INFO     | modules.backtest.signal_backtest:run_signal_backtest:211 - Loaded prices for 1873 / 1890 symbols
2026-06-25 19:35:04.743 | INFO     | modules.backtest.signal_backtest:run_signal_backtest:219 - Loading ML predictions for filtering...
2026-06-25 19:35:04.748 | WARNING  | modules.backtest.signal_backtest:run_signal_backtest:318 - valid_dates is empty for 2025-10-28
2026-06-25 19:35:04.749 | WARNING  | modules.backtest.signal_backtest:run_signal_backtest:318 - valid_dates is empty for 2025-11-14
2026-06-25 19:35:04.751 | WARNING  | modules.backtest.signal_backtest:run_signal_backtest:318 - valid_dates is empty for 2025-11-17
2026-06-25 19:35:04.752 | WARNING  | modules.backtest.signal_backtest:run_signal_backtest:318 - valid_dates is empty for 2025-11-18
2026-06-25 19:35:04.753 | WARNING  | modules.backtest.signal_backtest:run_signal_backtest:318 - valid_dates is empty for 2025-11-19
2026-06-25 19:35:04.754 | WARNING  | modules.backtest.signal_backtest:run_signal_backtest:318 - valid_dates is empty for 2025-11-20
2026-06-25 19:35:04.755 | WARNING  | modules.backtest.signal_backtest:run_signal_backtest:318 - valid_dates is empty for 2025-11-24
2026-06-25 19:35:04.756 | WARNING  | modules.backtest.signal_backtest:run_signal_backtest:318 - valid_dates is empty for 2025-11-25
2026-06-25 19:35:04.757 | WARNING  | modules.backtest.signal_backtest:run_signal_backtest:318 - valid_dates is empty for 2025-11-26
2026-06-25 19:35:04.758 | WARNING  | modules.backtest.signal_backtest:run_signal_backtest:318 - valid_dates is empty for 2025-11-27
2026-06-25 19:35:04.759 | WARNING  | modules.backtest.signal_backtest:run_signal_backtest:318 - valid_dates is empty for 2025-11-28
2026-06-25 19:35:04.760 | WARNING  | modules.backtest.signal_backtest:run_signal_backtest:318 - valid_dates is empty for 2025-12-01
2026-06-25 19:35:04.760 | WARNING  | modules.backtest.signal_backtest:run_signal_backtest:318 - valid_dates is empty for 2025-12-02
2026-06-25 19:35:04.761 | WARNING  | modules.backtest.signal_backtest:run_signal_backtest:318 - valid_dates is empty for 2025-12-03
2026-06-25 19:35:04.762 | WARNING  | modules.backtest.signal_backtest:run_signal_backtest:318 - valid_dates is empty for 2025-12-04
2026-06-25 19:35:04.763 | WARNING  | modules.backtest.signal_backtest:run_signal_backtest:318 - valid_dates is empty for 2025-12-05
2026-06-25 19:35:04.764 | WARNING  | modules.backtest.signal_backtest:run_signal_backtest:318 - valid_dates is empty for 2025-12-08
2026-06-25 19:35:04.766 | WARNING  | modules.backtest.signal_backtest:run_signal_backtest:318 - valid_dates is empty for 2025-12-09
2026-06-25 19:35:04.767 | WARNING  | modules.backtest.signal_backtest:run_signal_backtest:318 - valid_dates is empty for 2025-12-10
2026-06-25 19:35:04.768 | WARNING  | modules.backtest.signal_backtest:run_signal_backtest:318 - valid_dates is empty for 2025-12-11
2026-06-25 19:35:04.769 | WARNING  | modules.backtest.signal_backtest:run_signal_backtest:318 - valid_dates is empty for 2025-12-12
2026-06-25 19:35:04.770 | WARNING  | modules.backtest.signal_backtest:run_signal_backtest:318 - valid_dates is empty for 2025-12-15
2026-06-25 19:35:04.771 | WARNING  | modules.backtest.signal_backtest:run_signal_backtest:318 - valid_dates is empty for 2025-12-16
2026-06-25 19:35:04.772 | WARNING  | modules.backtest.signal_backtest:run_signal_backtest:318 - valid_dates is empty for 2025-12-17
2026-06-25 19:35:04.772 | WARNING  | modules.backtest.signal_backtest:run_signal_backtest:318 - valid_dates is empty for 2025-12-18
2026-06-25 19:35:04.773 | WARNING  | modules.backtest.signal_backtest:run_signal_backtest:318 - valid_dates is empty for 2025-12-19
2026-06-25 19:35:04.774 | WARNING  | modules.backtest.signal_backtest:run_signal_backtest:318 - valid_dates is empty for 2025-12-22
2026-06-25 19:35:04.775 | WARNING  | modules.backtest.signal_backtest:run_signal_backtest:318 - valid_dates is empty for 2025-12-23
2026-06-25 19:35:04.776 | WARNING  | modules.backtest.signal_backtest:run_signal_backtest:318 - valid_dates is empty for 2025-12-24
2026-06-25 19:35:04.777 | WARNING  | modules.backtest.signal_backtest:run_signal_backtest:318 - valid_dates is empty for 2025-12-25
2026-06-25 19:35:04.778 | WARNING  | modules.backtest.signal_backtest:run_signal_backtest:318 - valid_dates is empty for 2025-12-26
2026-06-25 19:35:04.779 | WARNING  | modules.backtest.signal_backtest:run_signal_backtest:318 - valid_dates is empty for 2025-12-29
2026-06-25 19:35:04.780 | WARNING  | modules.backtest.signal_backtest:run_signal_backtest:318 - valid_dates is empty for 2025-12-30
2026-06-25 19:35:04.780 | WARNING  | modules.backtest.signal_backtest:run_signal_backtest:318 - valid_dates is empty for 2025-12-31
2026-06-25 19:35:04.781 | WARNING  | modules.backtest.signal_backtest:run_signal_backtest:318 - valid_dates is empty for 2026-01-05
2026-06-25 19:35:04.848 | WARNING  | modules.backtest.signal_backtest:run_signal_backtest:315 - valid_preds is empty for 2026-02-24
2026-06-25 19:35:05.019 | INFO     | modules.backtest.signal_backtest:run_signal_backtest:294 - Checking override for final day: 2026-06-25, day_idx=145, len=146
2026-06-25 19:35:05.035 | INFO     | modules.backtest.signal_backtest:_parse_reports:143 - Overrode pool for 2026-06-24 with curated 30 stocks
2026-06-25 19:35:13.585 | INFO     | modules.backtest.signal_backtest:run_signal_backtest:298 - live_res: {'status': 'success', 'date': '2026-06-25', 'prediction_date': '2026-06-23', 'data': [{'symbol': 'SZ300136', 'name': '信维通信', 'theme': '商业航天', 'score': 0.5049, 'original_score': 0.0033, 'em_rank': 28, 'ths_rank': '无', 'popularity': '人气股'}, {'symbol': 'SZ300308', 'name': '中际旭创', 'theme': '铋与战略金属管制深化', 'score': 0.5038, 'original_score': 0.0038, 'em_rank': 46, 'ths_rank': '无', 'popularity': '人气股'}, {'symbol': 'SH603678', 'name': '火炬电子', 'theme': 'AI硬件通胀链', 'score': 0.5033, 'original_score': 0.0033, 
2026-06-25 19:35:13.585 | INFO     | modules.backtest.signal_backtest:run_signal_backtest:303 - Final day override: using 3 live picks for 2026-06-25: ['SZ300136', 'SZ300308', 'SH603678']
2026-06-25 19:35:13.592 | INFO     | modules.backtest.signal_backtest:run_signal_backtest:764 - Backtest complete: 146 days, total return=191.20%, sharpe=3.093
2026-06-25 19:35:13.622 | INFO     | modules.backtest.service:run_signal_backtest_service:51 - Signal backtest completed and cached.
2026-06-25 19:35:13.622 | INFO     | modules.backtest.optimizer:optimize_top_k:37 - Result for K=3: Return=496.72%, Sharpe=3.093
2026-06-25 19:35:13.622 | INFO     | modules.backtest.optimizer:optimize_top_k:17 - ===> Testing K = 5
2026-06-25 19:35:13.622 | INFO     | modules.backtest.service:run_signal_backtest_service:39 - Running AI signal backtest... (ML Filter: True, Model: v3_open2close, Top K: 5, Exit: close)
2026-06-25 19:35:13.622 | INFO     | modules.backtest.signal_backtest:run_signal_backtest:194 - Parsing AI Morning Reports...
2026-06-25 19:35:13.642 | INFO     | modules.backtest.signal_backtest:_parse_reports:143 - Overrode pool for 2026-06-24 with curated 30 stocks
2026-06-25 19:35:13.643 | INFO     | modules.backtest.signal_backtest:run_signal_backtest:200 - Report dates: 2025-10-28 → 2026-06-25 (146 days)
2026-06-25 19:35:13.643 | INFO     | modules.backtest.signal_backtest:run_signal_backtest:206 - Total unique symbols: 1890
2026-06-25 19:35:13.643 | INFO     | modules.backtest.signal_backtest:run_signal_backtest:209 - Loading OHLCV data...
2026-06-25 19:35:15.842 | INFO     | modules.backtest.signal_backtest:run_signal_backtest:211 - Loaded prices for 1873 / 1890 symbols
2026-06-25 19:35:15.842 | INFO     | modules.backtest.signal_backtest:run_signal_backtest:219 - Loading ML predictions for filtering...
2026-06-25 19:35:15.846 | WARNING  | modules.backtest.signal_backtest:run_signal_backtest:318 - valid_dates is empty for 2025-10-28
2026-06-25 19:35:15.847 | WARNING  | modules.backtest.signal_backtest:run_signal_backtest:318 - valid_dates is empty for 2025-11-14
2026-06-25 19:35:15.848 | WARNING  | modules.backtest.signal_backtest:run_signal_backtest:318 - valid_dates is empty for 2025-11-17
2026-06-25 19:35:15.849 | WARNING  | modules.backtest.signal_backtest:run_signal_backtest:318 - valid_dates is empty for 2025-11-18
2026-06-25 19:35:15.850 | WARNING  | modules.backtest.signal_backtest:run_signal_backtest:318 - valid_dates is empty for 2025-11-19
2026-06-25 19:35:15.851 | WARNING  | modules.backtest.signal_backtest:run_signal_backtest:318 - valid_dates is empty for 2025-11-20
2026-06-25 19:35:15.852 | WARNING  | modules.backtest.signal_backtest:run_signal_backtest:318 - valid_dates is empty for 2025-11-24
2026-06-25 19:35:15.853 | WARNING  | modules.backtest.signal_backtest:run_signal_backtest:318 - valid_dates is empty for 2025-11-25
2026-06-25 19:35:15.854 | WARNING  | modules.backtest.signal_backtest:run_signal_backtest:318 - valid_dates is empty for 2025-11-26
2026-06-25 19:35:15.855 | WARNING  | modules.backtest.signal_backtest:run_signal_backtest:318 - valid_dates is empty for 2025-11-27
2026-06-25 19:35:15.856 | WARNING  | modules.backtest.signal_backtest:run_signal_backtest:318 - valid_dates is empty for 2025-11-28
2026-06-25 19:35:15.857 | WARNING  | modules.backtest.signal_backtest:run_signal_backtest:318 - valid_dates is empty for 2025-12-01
2026-06-25 19:35:15.858 | WARNING  | modules.backtest.signal_backtest:run_signal_backtest:318 - valid_dates is empty for 2025-12-02
2026-06-25 19:35:15.859 | WARNING  | modules.backtest.signal_backtest:run_signal_backtest:318 - valid_dates is empty for 2025-12-03
2026-06-25 19:35:15.860 | WARNING  | modules.backtest.signal_backtest:run_signal_backtest:318 - valid_dates is empty for 2025-12-04
2026-06-25 19:35:15.861 | WARNING  | modules.backtest.signal_backtest:run_signal_backtest:318 - valid_dates is empty for 2025-12-05
2026-06-25 19:35:15.862 | WARNING  | modules.backtest.signal_backtest:run_signal_backtest:318 - valid_dates is empty for 2025-12-08
2026-06-25 19:35:15.863 | WARNING  | modules.backtest.signal_backtest:run_signal_backtest:318 - valid_dates is empty for 2025-12-09
2026-06-25 19:35:15.864 | WARNING  | modules.backtest.signal_backtest:run_signal_backtest:318 - valid_dates is empty for 2025-12-10
2026-06-25 19:35:15.865 | WARNING  | modules.backtest.signal_backtest:run_signal_backtest:318 - valid_dates is empty for 2025-12-11
2026-06-25 19:35:15.866 | WARNING  | modules.backtest.signal_backtest:run_signal_backtest:318 - valid_dates is empty for 2025-12-12
2026-06-25 19:35:15.867 | WARNING  | modules.backtest.signal_backtest:run_signal_backtest:318 - valid_dates is empty for 2025-12-15
2026-06-25 19:35:15.868 | WARNING  | modules.backtest.signal_backtest:run_signal_backtest:318 - valid_dates is empty for 2025-12-16
2026-06-25 19:35:15.868 | WARNING  | modules.backtest.signal_backtest:run_signal_backtest:318 - valid_dates is empty for 2025-12-17
2026-06-25 19:35:15.869 | WARNING  | modules.backtest.signal_backtest:run_signal_backtest:318 - valid_dates is empty for 2025-12-18
2026-06-25 19:35:15.870 | WARNING  | modules.backtest.signal_backtest:run_signal_backtest:318 - valid_dates is empty for 2025-12-19
2026-06-25 19:35:15.871 | WARNING  | modules.backtest.signal_backtest:run_signal_backtest:318 - valid_dates is empty for 2025-12-22
2026-06-25 19:35:15.872 | WARNING  | modules.backtest.signal_backtest:run_signal_backtest:318 - valid_dates is empty for 2025-12-23
2026-06-25 19:35:15.873 | WARNING  | modules.backtest.signal_backtest:run_signal_backtest:318 - valid_dates is empty for 2025-12-24
2026-06-25 19:35:15.874 | WARNING  | modules.backtest.signal_backtest:run_signal_backtest:318 - valid_dates is empty for 2025-12-25
2026-06-25 19:35:15.875 | WARNING  | modules.backtest.signal_backtest:run_signal_backtest:318 - valid_dates is empty for 2025-12-26
2026-06-25 19:35:15.876 | WARNING  | modules.backtest.signal_backtest:run_signal_backtest:318 - valid_dates is empty for 2025-12-29
2026-06-25 19:35:15.877 | WARNING  | modules.backtest.signal_backtest:run_signal_backtest:318 - valid_dates is empty for 2025-12-30
2026-06-25 19:35:15.878 | WARNING  | modules.backtest.signal_backtest:run_signal_backtest:318 - valid_dates is empty for 2025-12-31
2026-06-25 19:35:15.879 | WARNING  | modules.backtest.signal_backtest:run_signal_backtest:318 - valid_dates is empty for 2026-01-05
2026-06-25 19:35:15.958 | WARNING  | modules.backtest.signal_backtest:run_signal_backtest:315 - valid_preds is empty for 2026-02-24
2026-06-25 19:35:16.173 | INFO     | modules.backtest.signal_backtest:run_signal_backtest:294 - Checking override for final day: 2026-06-25, day_idx=145, len=146
2026-06-25 19:35:16.188 | INFO     | modules.backtest.signal_backtest:_parse_reports:143 - Overrode pool for 2026-06-24 with curated 30 stocks
2026-06-25 19:35:25.039 | INFO     | modules.backtest.signal_backtest:run_signal_backtest:298 - live_res: {'status': 'success', 'date': '2026-06-25', 'prediction_date': '2026-06-23', 'data': [{'symbol': 'SZ300136', 'name': '信维通信', 'theme': '商业航天', 'score': 0.5049, 'original_score': 0.0033, 'em_rank': 28, 'ths_rank': '无', 'popularity': '人气股'}, {'symbol': 'SZ300308', 'name': '中际旭创', 'theme': '铋与战略金属管制深化', 'score': 0.5038, 'original_score': 0.0038, 'em_rank': 46, 'ths_rank': '无', 'popularity': '人气股'}, {'symbol': 'SH603678', 'name': '火炬电子', 'theme': 'AI硬件通胀链', 'score': 0.5033, 'original_score': 0.0033, 
2026-06-25 19:35:25.040 | INFO     | modules.backtest.signal_backtest:run_signal_backtest:303 - Final day override: using 5 live picks for 2026-06-25: ['SZ300136', 'SZ300308', 'SH603678', 'SH601869', 'SH600497']
2026-06-25 19:35:25.051 | INFO     | modules.backtest.signal_backtest:run_signal_backtest:764 - Backtest complete: 146 days, total return=108.03%, sharpe=2.441
2026-06-25 19:35:25.088 | INFO     | modules.backtest.service:run_signal_backtest_service:51 - Signal backtest completed and cached.
2026-06-25 19:35:25.088 | INFO     | modules.backtest.optimizer:optimize_top_k:37 - Result for K=5: Return=240.13%, Sharpe=2.441
2026-06-25 19:35:25.088 | INFO     | modules.backtest.optimizer:optimize_top_k:17 - ===> Testing K = 8
2026-06-25 19:35:25.088 | INFO     | modules.backtest.service:run_signal_backtest_service:39 - Running AI signal backtest... (ML Filter: True, Model: v3_open2close, Top K: 8, Exit: close)
2026-06-25 19:35:25.088 | INFO     | modules.backtest.signal_backtest:run_signal_backtest:194 - Parsing AI Morning Reports...
2026-06-25 19:35:25.106 | INFO     | modules.backtest.signal_backtest:_parse_reports:143 - Overrode pool for 2026-06-24 with curated 30 stocks
2026-06-25 19:35:25.106 | INFO     | modules.backtest.signal_backtest:run_signal_backtest:200 - Report dates: 2025-10-28 → 2026-06-25 (146 days)
2026-06-25 19:35:25.106 | INFO     | modules.backtest.signal_backtest:run_signal_backtest:206 - Total unique symbols: 1890
2026-06-25 19:35:25.106 | INFO     | modules.backtest.signal_backtest:run_signal_backtest:209 - Loading OHLCV data...
2026-06-25 19:35:27.132 | INFO     | modules.backtest.signal_backtest:run_signal_backtest:211 - Loaded prices for 1873 / 1890 symbols
2026-06-25 19:35:27.132 | INFO     | modules.backtest.signal_backtest:run_signal_backtest:219 - Loading ML predictions for filtering...
2026-06-25 19:35:27.135 | WARNING  | modules.backtest.signal_backtest:run_signal_backtest:318 - valid_dates is empty for 2025-10-28
2026-06-25 19:35:27.136 | WARNING  | modules.backtest.signal_backtest:run_signal_backtest:318 - valid_dates is empty for 2025-11-14
2026-06-25 19:35:27.137 | WARNING  | modules.backtest.signal_backtest:run_signal_backtest:318 - valid_dates is empty for 2025-11-17
2026-06-25 19:35:27.138 | WARNING  | modules.backtest.signal_backtest:run_signal_backtest:318 - valid_dates is empty for 2025-11-18
2026-06-25 19:35:27.139 | WARNING  | modules.backtest.signal_backtest:run_signal_backtest:318 - valid_dates is empty for 2025-11-19
2026-06-25 19:35:27.140 | WARNING  | modules.backtest.signal_backtest:run_signal_backtest:318 - valid_dates is empty for 2025-11-20
2026-06-25 19:35:27.141 | WARNING  | modules.backtest.signal_backtest:run_signal_backtest:318 - valid_dates is empty for 2025-11-24
2026-06-25 19:35:27.142 | WARNING  | modules.backtest.signal_backtest:run_signal_backtest:318 - valid_dates is empty for 2025-11-25
2026-06-25 19:35:27.143 | WARNING  | modules.backtest.signal_backtest:run_signal_backtest:318 - valid_dates is empty for 2025-11-26
2026-06-25 19:35:27.144 | WARNING  | modules.backtest.signal_backtest:run_signal_backtest:318 - valid_dates is empty for 2025-11-27
2026-06-25 19:35:27.145 | WARNING  | modules.backtest.signal_backtest:run_signal_backtest:318 - valid_dates is empty for 2025-11-28
2026-06-25 19:35:27.146 | WARNING  | modules.backtest.signal_backtest:run_signal_backtest:318 - valid_dates is empty for 2025-12-01
2026-06-25 19:35:27.147 | WARNING  | modules.backtest.signal_backtest:run_signal_backtest:318 - valid_dates is empty for 2025-12-02
2026-06-25 19:35:27.147 | WARNING  | modules.backtest.signal_backtest:run_signal_backtest:318 - valid_dates is empty for 2025-12-03
2026-06-25 19:35:27.148 | WARNING  | modules.backtest.signal_backtest:run_signal_backtest:318 - valid_dates is empty for 2025-12-04
2026-06-25 19:35:27.149 | WARNING  | modules.backtest.signal_backtest:run_signal_backtest:318 - valid_dates is empty for 2025-12-05
2026-06-25 19:35:27.150 | WARNING  | modules.backtest.signal_backtest:run_signal_backtest:318 - valid_dates is empty for 2025-12-08
2026-06-25 19:35:27.151 | WARNING  | modules.backtest.signal_backtest:run_signal_backtest:318 - valid_dates is empty for 2025-12-09
2026-06-25 19:35:27.152 | WARNING  | modules.backtest.signal_backtest:run_signal_backtest:318 - valid_dates is empty for 2025-12-10
2026-06-25 19:35:27.153 | WARNING  | modules.backtest.signal_backtest:run_signal_backtest:318 - valid_dates is empty for 2025-12-11
2026-06-25 19:35:27.154 | WARNING  | modules.backtest.signal_backtest:run_signal_backtest:318 - valid_dates is empty for 2025-12-12
2026-06-25 19:35:27.155 | WARNING  | modules.backtest.signal_backtest:run_signal_backtest:318 - valid_dates is empty for 2025-12-15
2026-06-25 19:35:27.156 | WARNING  | modules.backtest.signal_backtest:run_signal_backtest:318 - valid_dates is empty for 2025-12-16
2026-06-25 19:35:27.157 | WARNING  | modules.backtest.signal_backtest:run_signal_backtest:318 - valid_dates is empty for 2025-12-17
2026-06-25 19:35:27.157 | WARNING  | modules.backtest.signal_backtest:run_signal_backtest:318 - valid_dates is empty for 2025-12-18
2026-06-25 19:35:27.158 | WARNING  | modules.backtest.signal_backtest:run_signal_backtest:318 - valid_dates is empty for 2025-12-19
2026-06-25 19:35:27.159 | WARNING  | modules.backtest.signal_backtest:run_signal_backtest:318 - valid_dates is empty for 2025-12-22
2026-06-25 19:35:27.160 | WARNING  | modules.backtest.signal_backtest:run_signal_backtest:318 - valid_dates is empty for 2025-12-23
2026-06-25 19:35:27.161 | WARNING  | modules.backtest.signal_backtest:run_signal_backtest:318 - valid_dates is empty for 2025-12-24
2026-06-25 19:35:27.162 | WARNING  | modules.backtest.signal_backtest:run_signal_backtest:318 - valid_dates is empty for 2025-12-25
2026-06-25 19:35:27.163 | WARNING  | modules.backtest.signal_backtest:run_signal_backtest:318 - valid_dates is empty for 2025-12-26
2026-06-25 19:35:27.164 | WARNING  | modules.backtest.signal_backtest:run_signal_backtest:318 - valid_dates is empty for 2025-12-29
2026-06-25 19:35:27.165 | WARNING  | modules.backtest.signal_backtest:run_signal_backtest:318 - valid_dates is empty for 2025-12-30
2026-06-25 19:35:27.166 | WARNING  | modules.backtest.signal_backtest:run_signal_backtest:318 - valid_dates is empty for 2025-12-31
2026-06-25 19:35:27.167 | WARNING  | modules.backtest.signal_backtest:run_signal_backtest:318 - valid_dates is empty for 2026-01-05
2026-06-25 19:35:27.264 | WARNING  | modules.backtest.signal_backtest:run_signal_backtest:315 - valid_preds is empty for 2026-02-24
2026-06-25 19:35:27.528 | INFO     | modules.backtest.signal_backtest:run_signal_backtest:294 - Checking override for final day: 2026-06-25, day_idx=145, len=146
2026-06-25 19:35:27.542 | INFO     | modules.backtest.signal_backtest:_parse_reports:143 - Overrode pool for 2026-06-24 with curated 30 stocks
2026-06-25 19:35:35.853 | INFO     | modules.backtest.signal_backtest:run_signal_backtest:298 - live_res: {'status': 'success', 'date': '2026-06-25', 'prediction_date': '2026-06-23', 'data': [{'symbol': 'SZ300136', 'name': '信维通信', 'theme': '商业航天', 'score': 0.5049, 'original_score': 0.0033, 'em_rank': 28, 'ths_rank': '无', 'popularity': '人气股'}, {'symbol': 'SZ300308', 'name': '中际旭创', 'theme': '铋与战略金属管制深化', 'score': 0.5038, 'original_score': 0.0038, 'em_rank': 46, 'ths_rank': '无', 'popularity': '人气股'}, {'symbol': 'SH603678', 'name': '火炬电子', 'theme': 'AI硬件通胀链', 'score': 0.5033, 'original_score': 0.0033, 
2026-06-25 19:35:35.854 | INFO     | modules.backtest.signal_backtest:run_signal_backtest:303 - Final day override: using 8 live picks for 2026-06-25: ['SZ300136', 'SZ300308', 'SH603678', 'SH601869', 'SH600497', 'SH603989', 'SH603986', 'SZ002428']
2026-06-25 19:35:35.865 | INFO     | modules.backtest.signal_backtest:run_signal_backtest:764 - Backtest complete: 146 days, total return=79.49%, sharpe=2.080
2026-06-25 19:35:35.908 | INFO     | modules.backtest.service:run_signal_backtest_service:51 - Signal backtest completed and cached.
2026-06-25 19:35:35.909 | INFO     | modules.backtest.optimizer:optimize_top_k:37 - Result for K=8: Return=165.81%, Sharpe=2.08
2026-06-25 19:35:35.909 | INFO     | modules.backtest.optimizer:optimize_top_k:17 - ===> Testing K = 10
2026-06-25 19:35:35.909 | INFO     | modules.backtest.service:run_signal_backtest_service:39 - Running AI signal backtest... (ML Filter: True, Model: v3_open2close, Top K: 10, Exit: close)
2026-06-25 19:35:35.909 | INFO     | modules.backtest.signal_backtest:run_signal_backtest:194 - Parsing AI Morning Reports...
2026-06-25 19:35:35.924 | INFO     | modules.backtest.signal_backtest:_parse_reports:143 - Overrode pool for 2026-06-24 with curated 30 stocks
2026-06-25 19:35:35.925 | INFO     | modules.backtest.signal_backtest:run_signal_backtest:200 - Report dates: 2025-10-28 → 2026-06-25 (146 days)
2026-06-25 19:35:35.925 | INFO     | modules.backtest.signal_backtest:run_signal_backtest:206 - Total unique symbols: 1890
2026-06-25 19:35:35.925 | INFO     | modules.backtest.signal_backtest:run_signal_backtest:209 - Loading OHLCV data...
2026-06-25 19:35:38.002 | INFO     | modules.backtest.signal_backtest:run_signal_backtest:211 - Loaded prices for 1873 / 1890 symbols
2026-06-25 19:35:38.002 | INFO     | modules.backtest.signal_backtest:run_signal_backtest:219 - Loading ML predictions for filtering...
2026-06-25 19:35:38.006 | WARNING  | modules.backtest.signal_backtest:run_signal_backtest:318 - valid_dates is empty for 2025-10-28
2026-06-25 19:35:38.007 | WARNING  | modules.backtest.signal_backtest:run_signal_backtest:318 - valid_dates is empty for 2025-11-14
2026-06-25 19:35:38.008 | WARNING  | modules.backtest.signal_backtest:run_signal_backtest:318 - valid_dates is empty for 2025-11-17
2026-06-25 19:35:38.009 | WARNING  | modules.backtest.signal_backtest:run_signal_backtest:318 - valid_dates is empty for 2025-11-18
2026-06-25 19:35:38.010 | WARNING  | modules.backtest.signal_backtest:run_signal_backtest:318 - valid_dates is empty for 2025-11-19
2026-06-25 19:35:38.011 | WARNING  | modules.backtest.signal_backtest:run_signal_backtest:318 - valid_dates is empty for 2025-11-20
2026-06-25 19:35:38.012 | WARNING  | modules.backtest.signal_backtest:run_signal_backtest:318 - valid_dates is empty for 2025-11-24
2026-06-25 19:35:38.013 | WARNING  | modules.backtest.signal_backtest:run_signal_backtest:318 - valid_dates is empty for 2025-11-25
2026-06-25 19:35:38.014 | WARNING  | modules.backtest.signal_backtest:run_signal_backtest:318 - valid_dates is empty for 2025-11-26
2026-06-25 19:35:38.015 | WARNING  | modules.backtest.signal_backtest:run_signal_backtest:318 - valid_dates is empty for 2025-11-27
2026-06-25 19:35:38.016 | WARNING  | modules.backtest.signal_backtest:run_signal_backtest:318 - valid_dates is empty for 2025-11-28
2026-06-25 19:35:38.017 | WARNING  | modules.backtest.signal_backtest:run_signal_backtest:318 - valid_dates is empty for 2025-12-01
2026-06-25 19:35:38.017 | WARNING  | modules.backtest.signal_backtest:run_signal_backtest:318 - valid_dates is empty for 2025-12-02
2026-06-25 19:35:38.018 | WARNING  | modules.backtest.signal_backtest:run_signal_backtest:318 - valid_dates is empty for 2025-12-03
2026-06-25 19:35:38.019 | WARNING  | modules.backtest.signal_backtest:run_signal_backtest:318 - valid_dates is empty for 2025-12-04
2026-06-25 19:35:38.020 | WARNING  | modules.backtest.signal_backtest:run_signal_backtest:318 - valid_dates is empty for 2025-12-05
2026-06-25 19:35:38.021 | WARNING  | modules.backtest.signal_backtest:run_signal_backtest:318 - valid_dates is empty for 2025-12-08
2026-06-25 19:35:38.022 | WARNING  | modules.backtest.signal_backtest:run_signal_backtest:318 - valid_dates is empty for 2025-12-09
2026-06-25 19:35:38.023 | WARNING  | modules.backtest.signal_backtest:run_signal_backtest:318 - valid_dates is empty for 2025-12-10
2026-06-25 19:35:38.024 | WARNING  | modules.backtest.signal_backtest:run_signal_backtest:318 - valid_dates is empty for 2025-12-11
2026-06-25 19:35:38.025 | WARNING  | modules.backtest.signal_backtest:run_signal_backtest:318 - valid_dates is empty for 2025-12-12
2026-06-25 19:35:38.026 | WARNING  | modules.backtest.signal_backtest:run_signal_backtest:318 - valid_dates is empty for 2025-12-15
2026-06-25 19:35:38.027 | WARNING  | modules.backtest.signal_backtest:run_signal_backtest:318 - valid_dates is empty for 2025-12-16
2026-06-25 19:35:38.028 | WARNING  | modules.backtest.signal_backtest:run_signal_backtest:318 - valid_dates is empty for 2025-12-17
2026-06-25 19:35:38.029 | WARNING  | modules.backtest.signal_backtest:run_signal_backtest:318 - valid_dates is empty for 2025-12-18
2026-06-25 19:35:38.030 | WARNING  | modules.backtest.signal_backtest:run_signal_backtest:318 - valid_dates is empty for 2025-12-19
2026-06-25 19:35:38.031 | WARNING  | modules.backtest.signal_backtest:run_signal_backtest:318 - valid_dates is empty for 2025-12-22
2026-06-25 19:35:38.032 | WARNING  | modules.backtest.signal_backtest:run_signal_backtest:318 - valid_dates is empty for 2025-12-23
2026-06-25 19:35:38.033 | WARNING  | modules.backtest.signal_backtest:run_signal_backtest:318 - valid_dates is empty for 2025-12-24
2026-06-25 19:35:38.033 | WARNING  | modules.backtest.signal_backtest:run_signal_backtest:318 - valid_dates is empty for 2025-12-25
2026-06-25 19:35:38.034 | WARNING  | modules.backtest.signal_backtest:run_signal_backtest:318 - valid_dates is empty for 2025-12-26
2026-06-25 19:35:38.035 | WARNING  | modules.backtest.signal_backtest:run_signal_backtest:318 - valid_dates is empty for 2025-12-29
2026-06-25 19:35:38.036 | WARNING  | modules.backtest.signal_backtest:run_signal_backtest:318 - valid_dates is empty for 2025-12-30
2026-06-25 19:35:38.038 | WARNING  | modules.backtest.signal_backtest:run_signal_backtest:318 - valid_dates is empty for 2025-12-31
2026-06-25 19:35:38.039 | WARNING  | modules.backtest.signal_backtest:run_signal_backtest:318 - valid_dates is empty for 2026-01-05
2026-06-25 19:35:38.150 | WARNING  | modules.backtest.signal_backtest:run_signal_backtest:315 - valid_preds is empty for 2026-02-24
2026-06-25 19:35:38.453 | INFO     | modules.backtest.signal_backtest:run_signal_backtest:294 - Checking override for final day: 2026-06-25, day_idx=145, len=146
2026-06-25 19:35:38.467 | INFO     | modules.backtest.signal_backtest:_parse_reports:143 - Overrode pool for 2026-06-24 with curated 30 stocks
2026-06-25 19:35:47.431 | INFO     | modules.backtest.signal_backtest:run_signal_backtest:298 - live_res: {'status': 'success', 'date': '2026-06-25', 'prediction_date': '2026-06-23', 'data': [{'symbol': 'SZ300136', 'name': '信维通信', 'theme': '商业航天', 'score': 0.5049, 'original_score': 0.0033, 'em_rank': 28, 'ths_rank': '无', 'popularity': '人气股'}, {'symbol': 'SZ300308', 'name': '中际旭创', 'theme': '铋与战略金属管制深化', 'score': 0.5038, 'original_score': 0.0038, 'em_rank': 46, 'ths_rank': '无', 'popularity': '人气股'}, {'symbol': 'SH603678', 'name': '火炬电子', 'theme': 'AI硬件通胀链', 'score': 0.5033, 'original_score': 0.0033, 
2026-06-25 19:35:47.432 | INFO     | modules.backtest.signal_backtest:run_signal_backtest:303 - Final day override: using 10 live picks for 2026-06-25: ['SZ300136', 'SZ300308', 'SH603678', 'SH601869', 'SH600497', 'SH603989', 'SH603986', 'SZ002428', 'SZ002409', 'SH603938']
2026-06-25 19:35:47.447 | INFO     | modules.backtest.signal_backtest:run_signal_backtest:764 - Backtest complete: 146 days, total return=63.19%, sharpe=1.856
2026-06-25 19:35:47.495 | INFO     | modules.backtest.service:run_signal_backtest_service:51 - Signal backtest completed and cached.
2026-06-25 19:35:47.496 | INFO     | modules.backtest.optimizer:optimize_top_k:37 - Result for K=10: Return=126.72%, Sharpe=1.856
2026-06-25 19:35:47.496 | INFO     | modules.backtest.optimizer:optimize_top_k:17 - ===> Testing K = 15
2026-06-25 19:35:47.496 | INFO     | modules.backtest.service:run_signal_backtest_service:39 - Running AI signal backtest... (ML Filter: True, Model: v3_open2close, Top K: 15, Exit: close)
2026-06-25 19:35:47.496 | INFO     | modules.backtest.signal_backtest:run_signal_backtest:194 - Parsing AI Morning Reports...
2026-06-25 19:35:47.511 | INFO     | modules.backtest.signal_backtest:_parse_reports:143 - Overrode pool for 2026-06-24 with curated 30 stocks
2026-06-25 19:35:47.512 | INFO     | modules.backtest.signal_backtest:run_signal_backtest:200 - Report dates: 2025-10-28 → 2026-06-25 (146 days)
2026-06-25 19:35:47.512 | INFO     | modules.backtest.signal_backtest:run_signal_backtest:206 - Total unique symbols: 1890
2026-06-25 19:35:47.512 | INFO     | modules.backtest.signal_backtest:run_signal_backtest:209 - Loading OHLCV data...
2026-06-25 19:35:49.605 | INFO     | modules.backtest.signal_backtest:run_signal_backtest:211 - Loaded prices for 1873 / 1890 symbols
2026-06-25 19:35:49.605 | INFO     | modules.backtest.signal_backtest:run_signal_backtest:219 - Loading ML predictions for filtering...
2026-06-25 19:35:49.608 | WARNING  | modules.backtest.signal_backtest:run_signal_backtest:318 - valid_dates is empty for 2025-10-28
2026-06-25 19:35:49.609 | WARNING  | modules.backtest.signal_backtest:run_signal_backtest:318 - valid_dates is empty for 2025-11-14
2026-06-25 19:35:49.610 | WARNING  | modules.backtest.signal_backtest:run_signal_backtest:318 - valid_dates is empty for 2025-11-17
2026-06-25 19:35:49.611 | WARNING  | modules.backtest.signal_backtest:run_signal_backtest:318 - valid_dates is empty for 2025-11-18
2026-06-25 19:35:49.612 | WARNING  | modules.backtest.signal_backtest:run_signal_backtest:318 - valid_dates is empty for 2025-11-19
2026-06-25 19:35:49.613 | WARNING  | modules.backtest.signal_backtest:run_signal_backtest:318 - valid_dates is empty for 2025-11-20
2026-06-25 19:35:49.614 | WARNING  | modules.backtest.signal_backtest:run_signal_backtest:318 - valid_dates is empty for 2025-11-24
2026-06-25 19:35:49.615 | WARNING  | modules.backtest.signal_backtest:run_signal_backtest:318 - valid_dates is empty for 2025-11-25
2026-06-25 19:35:49.616 | WARNING  | modules.backtest.signal_backtest:run_signal_backtest:318 - valid_dates is empty for 2025-11-26
2026-06-25 19:35:49.617 | WARNING  | modules.backtest.signal_backtest:run_signal_backtest:318 - valid_dates is empty for 2025-11-27
2026-06-25 19:35:49.618 | WARNING  | modules.backtest.signal_backtest:run_signal_backtest:318 - valid_dates is empty for 2025-11-28
2026-06-25 19:35:49.619 | WARNING  | modules.backtest.signal_backtest:run_signal_backtest:318 - valid_dates is empty for 2025-12-01
2026-06-25 19:35:49.620 | WARNING  | modules.backtest.signal_backtest:run_signal_backtest:318 - valid_dates is empty for 2025-12-02
2026-06-25 19:35:49.621 | WARNING  | modules.backtest.signal_backtest:run_signal_backtest:318 - valid_dates is empty for 2025-12-03
2026-06-25 19:35:49.622 | WARNING  | modules.backtest.signal_backtest:run_signal_backtest:318 - valid_dates is empty for 2025-12-04
2026-06-25 19:35:49.623 | WARNING  | modules.backtest.signal_backtest:run_signal_backtest:318 - valid_dates is empty for 2025-12-05
2026-06-25 19:35:49.624 | WARNING  | modules.backtest.signal_backtest:run_signal_backtest:318 - valid_dates is empty for 2025-12-08
2026-06-25 19:35:49.625 | WARNING  | modules.backtest.signal_backtest:run_signal_backtest:318 - valid_dates is empty for 2025-12-09
2026-06-25 19:35:49.626 | WARNING  | modules.backtest.signal_backtest:run_signal_backtest:318 - valid_dates is empty for 2025-12-10
2026-06-25 19:35:49.627 | WARNING  | modules.backtest.signal_backtest:run_signal_backtest:318 - valid_dates is empty for 2025-12-11
2026-06-25 19:35:49.627 | WARNING  | modules.backtest.signal_backtest:run_signal_backtest:318 - valid_dates is empty for 2025-12-12
2026-06-25 19:35:49.628 | WARNING  | modules.backtest.signal_backtest:run_signal_backtest:318 - valid_dates is empty for 2025-12-15
2026-06-25 19:35:49.629 | WARNING  | modules.backtest.signal_backtest:run_signal_backtest:318 - valid_dates is empty for 2025-12-16
2026-06-25 19:35:49.630 | WARNING  | modules.backtest.signal_backtest:run_signal_backtest:318 - valid_dates is empty for 2025-12-17
2026-06-25 19:35:49.631 | WARNING  | modules.backtest.signal_backtest:run_signal_backtest:318 - valid_dates is empty for 2025-12-18
2026-06-25 19:35:49.632 | WARNING  | modules.backtest.signal_backtest:run_signal_backtest:318 - valid_dates is empty for 2025-12-19
2026-06-25 19:35:49.633 | WARNING  | modules.backtest.signal_backtest:run_signal_backtest:318 - valid_dates is empty for 2025-12-22
2026-06-25 19:35:49.634 | WARNING  | modules.backtest.signal_backtest:run_signal_backtest:318 - valid_dates is empty for 2025-12-23
2026-06-25 19:35:49.635 | WARNING  | modules.backtest.signal_backtest:run_signal_backtest:318 - valid_dates is empty for 2025-12-24
2026-06-25 19:35:49.636 | WARNING  | modules.backtest.signal_backtest:run_signal_backtest:318 - valid_dates is empty for 2025-12-25
2026-06-25 19:35:49.638 | WARNING  | modules.backtest.signal_backtest:run_signal_backtest:318 - valid_dates is empty for 2025-12-26
2026-06-25 19:35:49.639 | WARNING  | modules.backtest.signal_backtest:run_signal_backtest:318 - valid_dates is empty for 2025-12-29
2026-06-25 19:35:49.640 | WARNING  | modules.backtest.signal_backtest:run_signal_backtest:318 - valid_dates is empty for 2025-12-30
2026-06-25 19:35:49.642 | WARNING  | modules.backtest.signal_backtest:run_signal_backtest:318 - valid_dates is empty for 2025-12-31
2026-06-25 19:35:49.642 | WARNING  | modules.backtest.signal_backtest:run_signal_backtest:318 - valid_dates is empty for 2026-01-05
2026-06-25 19:35:49.790 | WARNING  | modules.backtest.signal_backtest:run_signal_backtest:315 - valid_preds is empty for 2026-02-24
2026-06-25 19:35:50.188 | INFO     | modules.backtest.signal_backtest:run_signal_backtest:294 - Checking override for final day: 2026-06-25, day_idx=145, len=146
2026-06-25 19:35:50.202 | INFO     | modules.backtest.signal_backtest:_parse_reports:143 - Overrode pool for 2026-06-24 with curated 30 stocks
2026-06-25 19:36:02.727 | INFO     | modules.backtest.signal_backtest:run_signal_backtest:298 - live_res: {'status': 'success', 'date': '2026-06-25', 'prediction_date': '2026-06-23', 'data': [{'symbol': 'SZ300136', 'name': '信维通信', 'theme': '商业航天', 'score': 0.5049, 'original_score': 0.0033, 'em_rank': 28, 'ths_rank': '无', 'popularity': '人气股'}, {'symbol': 'SZ300308', 'name': '中际旭创', 'theme': '铋与战略金属管制深化', 'score': 0.5038, 'original_score': 0.0038, 'em_rank': 46, 'ths_rank': '无', 'popularity': '人气股'}, {'symbol': 'SH603678', 'name': '火炬电子', 'theme': 'AI硬件通胀链', 'score': 0.5033, 'original_score': 0.0033, 
2026-06-25 19:36:02.728 | INFO     | modules.backtest.signal_backtest:run_signal_backtest:303 - Final day override: using 15 live picks for 2026-06-25: ['SZ300136', 'SZ300308', 'SH603678', 'SH601869', 'SH600497', 'SH603989', 'SH603986', 'SZ002428', 'SZ002409', 'SH603938', 'SH600667', 'SZ300065', 'SZ002342', 'SZ300007', 'SZ002149']
2026-06-25 19:36:02.746 | INFO     | modules.backtest.signal_backtest:run_signal_backtest:764 - Backtest complete: 146 days, total return=86.84%, sharpe=2.393
2026-06-25 19:36:02.803 | INFO     | modules.backtest.service:run_signal_backtest_service:51 - Signal backtest completed and cached.
2026-06-25 19:36:02.803 | INFO     | modules.backtest.optimizer:optimize_top_k:37 - Result for K=15: Return=184.25%, Sharpe=2.393
2026-06-25 19:36:02.804 | INFO     | modules.backtest.optimizer:optimize_top_k:47 - Grid search complete. Results saved to /Users/walox/qlib/data/cn_stock/backtest_ohlcv/v3_open2close_optimize_k_results.csv
GRID SEARCH COMPLETE. Results saved.
|    |   K | Annual Return   | Max Drawdown   |   Sharpe Ratio | Win Rate   | Model         |
|---:|----:|:----------------|:---------------|---------------:|:-----------|:--------------|
| 10 |   3 | 496.72%         | -27.49%        |          3.093 | 45.21%     | v3_open2close |
| 11 |   5 | 240.13%         | -23.50%        |          2.441 | 46.58%     | v3_open2close |
| 14 |  15 | 184.25%         | -20.91%        |          2.393 | 47.95%     | v3_open2close |
| 12 |   8 | 165.81%         | -28.25%        |          2.08  | 48.63%     | v3_open2close |
|  2 |   8 | 147.74%         | -30.68%        |          2.267 | 53.42%     | v1_default    |
| 13 |  10 | 126.72%         | -30.81%        |          1.856 | 47.26%     | v3_open2close |
|  3 |  10 | 99.97%          | -31.44%        |          1.869 | 52.74%     | v1_default    |
|  6 |   5 | 87.28%          | -24.72%        |          1.634 | 41.10%     | v2_open2open  |
|  8 |  10 | 81.82%          | -20.89%        |          1.836 | 39.73%     | v2_open2open  |
|  5 |   3 | 76.32%          | -26.72%        |          1.266 | 41.10%     | v2_open2open  |
|  7 |   8 | 70.82%          | -23.46%        |          1.533 | 40.41%     | v2_open2open  |
|  1 |   5 | 59.93%          | -37.32%        |          1.158 | 50.68%     | v1_default    |
|  4 |  15 | 59.09%          | -33.97%        |          1.406 | 50.68%     | v1_default    |
|  9 |  15 | 51.71%          | -20.10%        |          1.479 | 43.15%     | v2_open2open  |
|  0 |   3 | -10.24%         | -56.11%        |          0.184 | 50.68%     | v1_default    |
